ARM GAS  C:\Users\Vanessa Aloia.Vanessa\AppData\Local\Temp\ccpohqZd.s 			page 1


   1              		.syntax unified
   2              		.cpu cortex-m3
   3              		.fpu softvfp
   4              		.eabi_attribute 20, 1
   5              		.eabi_attribute 21, 1
   6              		.eabi_attribute 23, 3
   7              		.eabi_attribute 24, 1
   8              		.eabi_attribute 25, 1
   9              		.eabi_attribute 26, 1
  10              		.eabi_attribute 30, 1
  11              		.eabi_attribute 34, 1
  12              		.eabi_attribute 18, 4
  13              		.thumb
  14              		.syntax unified
  15              		.file	"interrupt_routines.c"
  16              		.text
  17              	.Ltext0:
  18              		.cfi_sections	.debug_frame
  19              		.section	.text.SaveAccelerometerData,"ax",%progbits
  20              		.align	2
  21              		.global	SaveAccelerometerData
  22              		.thumb
  23              		.thumb_func
  24              		.type	SaveAccelerometerData, %function
  25              	SaveAccelerometerData:
  26              	.LFB64:
  27              		.file 1 "interrupt_routines.c"
   1:interrupt_routines.c **** 
   2:interrupt_routines.c **** #include "interrupt_routines.h"
   3:interrupt_routines.c ****     
   4:interrupt_routines.c ****     /* array to save accelerometer's registers output */
   5:interrupt_routines.c ****     uint8_t accelerometer_data[NUM_BYTES*AXES];
   6:interrupt_routines.c ****     
   7:interrupt_routines.c ****     /* function to scale the x,y,z output values and save them in the array to send through UART */
   8:interrupt_routines.c ****     void SaveAccelerometerData (void);
   9:interrupt_routines.c **** 
  10:interrupt_routines.c **** /* ISR generated by the timer each 10 ms in which the accelerometer's output registers are read */
  11:interrupt_routines.c **** CY_ISR(Custom_ISR) {
  12:interrupt_routines.c **** 
  13:interrupt_routines.c ****     ErrorCode error;
  14:interrupt_routines.c ****     uint8_t status_reg_value;
  15:interrupt_routines.c ****     
  16:interrupt_routines.c ****     /* clear the status register of the timer */
  17:interrupt_routines.c ****     Timer_ReadStatusRegister();
  18:interrupt_routines.c ****     
  19:interrupt_routines.c ****     /*read the accelerometer's status register */
  20:interrupt_routines.c ****     error= I2C_Peripheral_ReadRegister(LIS3DH_DEVICE_ADDRESS, STATUS_REG, &status_reg_value);
  21:interrupt_routines.c ****     
  22:interrupt_routines.c ****     /* if no error occurs while reading */
  23:interrupt_routines.c ****     if (error == NO_ERROR)  {
  24:interrupt_routines.c ****         
  25:interrupt_routines.c ****         /* new data are available on at least one of the x,y,z registers */
  26:interrupt_routines.c ****         if (status_reg_value & STATUS_REG_NEW_DATA) {
  27:interrupt_routines.c ****             
  28:interrupt_routines.c ****             /* multi-read of the x,y,z 2 bytes outputs in the corresponding registers */
  29:interrupt_routines.c ****             error= I2C_Peripheral_ReadRegisterMulti(LIS3DH_DEVICE_ADDRESS, OUT_X_L, NUM_BYTES*AXES,
  30:interrupt_routines.c ****             
ARM GAS  C:\Users\Vanessa Aloia.Vanessa\AppData\Local\Temp\ccpohqZd.s 			page 2


  31:interrupt_routines.c ****             if (error == NO_ERROR){
  32:interrupt_routines.c ****                 
  33:interrupt_routines.c ****                 /* scale the values and save it in the array sent through UART */
  34:interrupt_routines.c ****                 SaveAccelerometerData();
  35:interrupt_routines.c ****                 
  36:interrupt_routines.c ****                 /* flag to inform that new data are available */
  37:interrupt_routines.c ****                 new_data=1;
  38:interrupt_routines.c ****             }
  39:interrupt_routines.c ****         }
  40:interrupt_routines.c ****                    
  41:interrupt_routines.c ****         /* no new data are available in any register*/
  42:interrupt_routines.c ****             else 
  43:interrupt_routines.c ****                 new_data=0;
  44:interrupt_routines.c ****         }
  45:interrupt_routines.c **** }
  46:interrupt_routines.c **** 
  47:interrupt_routines.c ****  void SaveAccelerometerData() {
  28              		.loc 1 47 0
  29              		.cfi_startproc
  30              		@ args = 0, pretend = 0, frame = 0
  31              		@ frame_needed = 0, uses_anonymous_args = 0
  32              		@ link register save eliminated.
  33              	.LVL0:
  48:interrupt_routines.c ****     
  49:interrupt_routines.c ****     uint8_t i;
  50:interrupt_routines.c ****     int16 scaled_value;
  51:interrupt_routines.c ****     
  52:interrupt_routines.c ****     /* for x, y, z */
  53:interrupt_routines.c ****     for (i=0; i< AXES; i++) {
  34              		.loc 1 53 0
  35 0000 0022     		movs	r2, #0
  36 0002 12E0     		b	.L2
  37              	.LVL1:
  38              	.L3:
  54:interrupt_routines.c ****     /* output registers are left adjusted: put in a 16 bit variable the two 
  55:interrupt_routines.c ****     registers related with the axis and then shift to the right of 6 bits */
  56:interrupt_routines.c ****         
  57:interrupt_routines.c ****     scaled_value= (int16) ((accelerometer_data[NUM_BYTES*i]| (accelerometer_data[NUM_BYTES*i+ 1]<<8
  39              		.loc 1 57 0 discriminator 3
  40 0004 5100     		lsls	r1, r2, #1
  41 0006 0A48     		ldr	r0, .L4
  42 0008 10F81230 		ldrb	r3, [r0, r2, lsl #1]	@ zero_extendqisi2
  43 000c 0131     		adds	r1, r1, #1
  44 000e 405C     		ldrb	r0, [r0, r1]	@ zero_extendqisi2
  45 0010 43EA0023 		orr	r3, r3, r0, lsl #8
  46 0014 43F38913 		sbfx	r3, r3, #6, #10
  47              	.LVL2:
  58:interrupt_routines.c ****     
  59:interrupt_routines.c ****     /* scale the value (4mg/digit) */
  60:interrupt_routines.c ****     scaled_value = scaled_value*4;
  48              		.loc 1 60 0 discriminator 3
  49 0018 9B00     		lsls	r3, r3, #2
  50              	.LVL3:
  51 001a 9BB2     		uxth	r3, r3
  52              	.LVL4:
  61:interrupt_routines.c ****     
  62:interrupt_routines.c ****     /* save the the two bytes in the array which will be sent though UART */
ARM GAS  C:\Users\Vanessa Aloia.Vanessa\AppData\Local\Temp\ccpohqZd.s 			page 3


  63:interrupt_routines.c ****     packet_to_send[NUM_BYTES*i +1] = (uint8_t)(scaled_value& 0xFF);
  53              		.loc 1 63 0 discriminator 3
  54 001c 0548     		ldr	r0, .L4+4
  55 001e 4354     		strb	r3, [r0, r1]
  64:interrupt_routines.c ****     
  65:interrupt_routines.c ****     packet_to_send [NUM_BYTES*i+2] = (uint8_t)(scaled_value>>8);
  56              		.loc 1 65 0 discriminator 3
  57 0020 0132     		adds	r2, r2, #1
  58              	.LVL5:
  59 0022 1B0A     		lsrs	r3, r3, #8
  60              	.LVL6:
  61 0024 00F81230 		strb	r3, [r0, r2, lsl #1]
  53:interrupt_routines.c ****     /* output registers are left adjusted: put in a 16 bit variable the two 
  62              		.loc 1 53 0 discriminator 3
  63 0028 D2B2     		uxtb	r2, r2
  64              	.LVL7:
  65              	.L2:
  53:interrupt_routines.c ****     /* output registers are left adjusted: put in a 16 bit variable the two 
  66              		.loc 1 53 0 is_stmt 0 discriminator 1
  67 002a 022A     		cmp	r2, #2
  68 002c EAD9     		bls	.L3
  66:interrupt_routines.c ****     }
  67:interrupt_routines.c ****  }
  69              		.loc 1 67 0 is_stmt 1
  70 002e 7047     		bx	lr
  71              	.L5:
  72              		.align	2
  73              	.L4:
  74 0030 00000000 		.word	accelerometer_data
  75 0034 00000000 		.word	packet_to_send
  76              		.cfi_endproc
  77              	.LFE64:
  78              		.size	SaveAccelerometerData, .-SaveAccelerometerData
  79              		.section	.text.Custom_ISR,"ax",%progbits
  80              		.align	2
  81              		.global	Custom_ISR
  82              		.thumb
  83              		.thumb_func
  84              		.type	Custom_ISR, %function
  85              	Custom_ISR:
  86              	.LFB63:
  11:interrupt_routines.c **** 
  87              		.loc 1 11 0
  88              		.cfi_startproc
  89              		@ args = 0, pretend = 0, frame = 8
  90              		@ frame_needed = 0, uses_anonymous_args = 0
  91 0000 00B5     		push	{lr}
  92              		.cfi_def_cfa_offset 4
  93              		.cfi_offset 14, -4
  94 0002 83B0     		sub	sp, sp, #12
  95              		.cfi_def_cfa_offset 16
  17:interrupt_routines.c ****     
  96              		.loc 1 17 0
  97 0004 FFF7FEFF 		bl	Timer_ReadStatusRegister
  98              	.LVL8:
  20:interrupt_routines.c ****     
  99              		.loc 1 20 0
ARM GAS  C:\Users\Vanessa Aloia.Vanessa\AppData\Local\Temp\ccpohqZd.s 			page 4


 100 0008 0DF10702 		add	r2, sp, #7
 101 000c 2721     		movs	r1, #39
 102 000e 1820     		movs	r0, #24
 103 0010 FFF7FEFF 		bl	I2C_Peripheral_ReadRegister
 104              	.LVL9:
  23:interrupt_routines.c ****         
 105              		.loc 1 23 0
 106 0014 A0B9     		cbnz	r0, .L6
  26:interrupt_routines.c ****             
 107              		.loc 1 26 0
 108 0016 9DF80730 		ldrb	r3, [sp, #7]	@ zero_extendqisi2
 109 001a 13F0080F 		tst	r3, #8
 110 001e 0CD0     		beq	.L8
  29:interrupt_routines.c ****             
 111              		.loc 1 29 0
 112 0020 094B     		ldr	r3, .L10
 113 0022 0622     		movs	r2, #6
 114 0024 2821     		movs	r1, #40
 115 0026 1820     		movs	r0, #24
 116              	.LVL10:
 117 0028 FFF7FEFF 		bl	I2C_Peripheral_ReadRegisterMulti
 118              	.LVL11:
  31:interrupt_routines.c ****                 
 119              		.loc 1 31 0
 120 002c 40B9     		cbnz	r0, .L6
  34:interrupt_routines.c ****                 
 121              		.loc 1 34 0
 122 002e FFF7FEFF 		bl	SaveAccelerometerData
 123              	.LVL12:
  37:interrupt_routines.c ****             }
 124              		.loc 1 37 0
 125 0032 0122     		movs	r2, #1
 126 0034 054B     		ldr	r3, .L10+4
 127 0036 1A70     		strb	r2, [r3]
 128 0038 02E0     		b	.L6
 129              	.LVL13:
 130              	.L8:
  43:interrupt_routines.c ****         }
 131              		.loc 1 43 0
 132 003a 0022     		movs	r2, #0
 133 003c 034B     		ldr	r3, .L10+4
 134 003e 1A70     		strb	r2, [r3]
 135              	.LVL14:
 136              	.L6:
  45:interrupt_routines.c **** 
 137              		.loc 1 45 0
 138 0040 03B0     		add	sp, sp, #12
 139              		.cfi_def_cfa_offset 4
 140              		@ sp needed
 141 0042 5DF804FB 		ldr	pc, [sp], #4
 142              	.L11:
 143 0046 00BF     		.align	2
 144              	.L10:
 145 0048 00000000 		.word	accelerometer_data
 146 004c 00000000 		.word	new_data
 147              		.cfi_endproc
 148              	.LFE63:
ARM GAS  C:\Users\Vanessa Aloia.Vanessa\AppData\Local\Temp\ccpohqZd.s 			page 5


 149              		.size	Custom_ISR, .-Custom_ISR
 150              		.comm	accelerometer_data,6,4
 151              		.comm	packet_to_send,8,4
 152              		.comm	new_data,1,1
 153              		.text
 154              	.Letext0:
 155              		.file 2 "c:\\program files (x86)\\cypress\\psoc creator\\4.3\\psoc creator\\import\\gnu\\arm\\5.4.
 156              		.file 3 "c:\\program files (x86)\\cypress\\psoc creator\\4.3\\psoc creator\\import\\gnu\\arm\\5.4.
 157              		.file 4 "Generated_Source\\PSoC5/cytypes.h"
 158              		.file 5 "ErrorCodes.h"
 159              		.file 6 "Generated_Source\\PSoC5/core_cm3.h"
 160              		.file 7 "interrupt_routines.h"
 161              		.file 8 "Generated_Source\\PSoC5/Timer.h"
 162              		.file 9 "I2C_Interface.h"
 163              		.section	.debug_info,"",%progbits
 164              	.Ldebug_info0:
 165 0000 2E020000 		.4byte	0x22e
 166 0004 0400     		.2byte	0x4
 167 0006 00000000 		.4byte	.Ldebug_abbrev0
 168 000a 04       		.byte	0x4
 169 000b 01       		.uleb128 0x1
 170 000c 79000000 		.4byte	.LASF34
 171 0010 0C       		.byte	0xc
 172 0011 07010000 		.4byte	.LASF35
 173 0015 D9010000 		.4byte	.LASF36
 174 0019 00000000 		.4byte	.Ldebug_ranges0+0
 175 001d 00000000 		.4byte	0
 176 0021 00000000 		.4byte	.Ldebug_line0
 177 0025 02       		.uleb128 0x2
 178 0026 01       		.byte	0x1
 179 0027 06       		.byte	0x6
 180 0028 BC020000 		.4byte	.LASF0
 181 002c 03       		.uleb128 0x3
 182 002d 1F000000 		.4byte	.LASF4
 183 0031 02       		.byte	0x2
 184 0032 1D       		.byte	0x1d
 185 0033 37000000 		.4byte	0x37
 186 0037 02       		.uleb128 0x2
 187 0038 01       		.byte	0x1
 188 0039 08       		.byte	0x8
 189 003a 6B000000 		.4byte	.LASF1
 190 003e 02       		.uleb128 0x2
 191 003f 02       		.byte	0x2
 192 0040 05       		.byte	0x5
 193 0041 98010000 		.4byte	.LASF2
 194 0045 02       		.uleb128 0x2
 195 0046 02       		.byte	0x2
 196 0047 07       		.byte	0x7
 197 0048 34010000 		.4byte	.LASF3
 198 004c 03       		.uleb128 0x3
 199 004d 29000000 		.4byte	.LASF5
 200 0051 02       		.byte	0x2
 201 0052 3F       		.byte	0x3f
 202 0053 57000000 		.4byte	0x57
 203 0057 02       		.uleb128 0x2
 204 0058 04       		.byte	0x4
 205 0059 05       		.byte	0x5
ARM GAS  C:\Users\Vanessa Aloia.Vanessa\AppData\Local\Temp\ccpohqZd.s 			page 6


 206 005a 5A010000 		.4byte	.LASF6
 207 005e 02       		.uleb128 0x2
 208 005f 04       		.byte	0x4
 209 0060 07       		.byte	0x7
 210 0061 22010000 		.4byte	.LASF7
 211 0065 02       		.uleb128 0x2
 212 0066 08       		.byte	0x8
 213 0067 05       		.byte	0x5
 214 0068 61020000 		.4byte	.LASF8
 215 006c 02       		.uleb128 0x2
 216 006d 08       		.byte	0x8
 217 006e 07       		.byte	0x7
 218 006f BA010000 		.4byte	.LASF9
 219 0073 04       		.uleb128 0x4
 220 0074 04       		.byte	0x4
 221 0075 05       		.byte	0x5
 222 0076 696E7400 		.ascii	"int\000"
 223 007a 02       		.uleb128 0x2
 224 007b 04       		.byte	0x4
 225 007c 07       		.byte	0x7
 226 007d AD010000 		.4byte	.LASF10
 227 0081 03       		.uleb128 0x3
 228 0082 D1010000 		.4byte	.LASF11
 229 0086 03       		.byte	0x3
 230 0087 18       		.byte	0x18
 231 0088 2C000000 		.4byte	0x2c
 232 008c 03       		.uleb128 0x3
 233 008d 4A020000 		.4byte	.LASF12
 234 0091 03       		.byte	0x3
 235 0092 2C       		.byte	0x2c
 236 0093 4C000000 		.4byte	0x4c
 237 0097 05       		.uleb128 0x5
 238 0098 1C010000 		.4byte	.LASF13
 239 009c 04       		.byte	0x4
 240 009d E801     		.2byte	0x1e8
 241 009f 3E000000 		.4byte	0x3e
 242 00a3 02       		.uleb128 0x2
 243 00a4 04       		.byte	0x4
 244 00a5 04       		.byte	0x4
 245 00a6 56000000 		.4byte	.LASF14
 246 00aa 02       		.uleb128 0x2
 247 00ab 08       		.byte	0x8
 248 00ac 04       		.byte	0x4
 249 00ad 70010000 		.4byte	.LASF15
 250 00b1 02       		.uleb128 0x2
 251 00b2 01       		.byte	0x1
 252 00b3 08       		.byte	0x8
 253 00b4 6F020000 		.4byte	.LASF16
 254 00b8 02       		.uleb128 0x2
 255 00b9 08       		.byte	0x8
 256 00ba 04       		.byte	0x4
 257 00bb B0020000 		.4byte	.LASF17
 258 00bf 02       		.uleb128 0x2
 259 00c0 04       		.byte	0x4
 260 00c1 07       		.byte	0x7
 261 00c2 52020000 		.4byte	.LASF18
 262 00c6 06       		.uleb128 0x6
ARM GAS  C:\Users\Vanessa Aloia.Vanessa\AppData\Local\Temp\ccpohqZd.s 			page 7


 263 00c7 81000000 		.4byte	0x81
 264 00cb 07       		.uleb128 0x7
 265 00cc 01       		.byte	0x1
 266 00cd 37000000 		.4byte	0x37
 267 00d1 05       		.byte	0x5
 268 00d2 15       		.byte	0x15
 269 00d3 E4000000 		.4byte	0xe4
 270 00d7 08       		.uleb128 0x8
 271 00d8 A1020000 		.4byte	.LASF19
 272 00dc 00       		.byte	0
 273 00dd 08       		.uleb128 0x8
 274 00de AA020000 		.4byte	.LASF20
 275 00e2 01       		.byte	0x1
 276 00e3 00       		.byte	0
 277 00e4 03       		.uleb128 0x3
 278 00e5 4C000000 		.4byte	.LASF21
 279 00e9 05       		.byte	0x5
 280 00ea 18       		.byte	0x18
 281 00eb CB000000 		.4byte	0xcb
 282 00ef 09       		.uleb128 0x9
 283 00f0 09000000 		.4byte	.LASF23
 284 00f4 01       		.byte	0x1
 285 00f5 2F       		.byte	0x2f
 286 00f6 00000000 		.4byte	.LFB64
 287 00fa 38000000 		.4byte	.LFE64-.LFB64
 288 00fe 01       		.uleb128 0x1
 289 00ff 9C       		.byte	0x9c
 290 0100 21010000 		.4byte	0x121
 291 0104 0A       		.uleb128 0xa
 292 0105 6900     		.ascii	"i\000"
 293 0107 01       		.byte	0x1
 294 0108 31       		.byte	0x31
 295 0109 81000000 		.4byte	0x81
 296 010d 00000000 		.4byte	.LLST0
 297 0111 0B       		.uleb128 0xb
 298 0112 3D020000 		.4byte	.LASF22
 299 0116 01       		.byte	0x1
 300 0117 32       		.byte	0x32
 301 0118 97000000 		.4byte	0x97
 302 011c 2A000000 		.4byte	.LLST1
 303 0120 00       		.byte	0
 304 0121 09       		.uleb128 0x9
 305 0122 A2010000 		.4byte	.LASF24
 306 0126 01       		.byte	0x1
 307 0127 0B       		.byte	0xb
 308 0128 00000000 		.4byte	.LFB63
 309 012c 50000000 		.4byte	.LFE63-.LFB63
 310 0130 01       		.uleb128 0x1
 311 0131 9C       		.byte	0x9c
 312 0132 AC010000 		.4byte	0x1ac
 313 0136 0B       		.uleb128 0xb
 314 0137 5B020000 		.4byte	.LASF25
 315 013b 01       		.byte	0x1
 316 013c 0D       		.byte	0xd
 317 013d E4000000 		.4byte	0xe4
 318 0141 9F000000 		.4byte	.LLST2
 319 0145 0C       		.uleb128 0xc
ARM GAS  C:\Users\Vanessa Aloia.Vanessa\AppData\Local\Temp\ccpohqZd.s 			page 8


 320 0146 90020000 		.4byte	.LASF26
 321 014a 01       		.byte	0x1
 322 014b 0E       		.byte	0xe
 323 014c 81000000 		.4byte	0x81
 324 0150 02       		.uleb128 0x2
 325 0151 91       		.byte	0x91
 326 0152 77       		.sleb128 -9
 327 0153 0D       		.uleb128 0xd
 328 0154 08000000 		.4byte	.LVL8
 329 0158 10020000 		.4byte	0x210
 330 015c 0E       		.uleb128 0xe
 331 015d 14000000 		.4byte	.LVL9
 332 0161 1B020000 		.4byte	0x21b
 333 0165 7B010000 		.4byte	0x17b
 334 0169 0F       		.uleb128 0xf
 335 016a 01       		.uleb128 0x1
 336 016b 50       		.byte	0x50
 337 016c 01       		.uleb128 0x1
 338 016d 48       		.byte	0x48
 339 016e 0F       		.uleb128 0xf
 340 016f 01       		.uleb128 0x1
 341 0170 51       		.byte	0x51
 342 0171 02       		.uleb128 0x2
 343 0172 08       		.byte	0x8
 344 0173 27       		.byte	0x27
 345 0174 0F       		.uleb128 0xf
 346 0175 01       		.uleb128 0x1
 347 0176 52       		.byte	0x52
 348 0177 02       		.uleb128 0x2
 349 0178 91       		.byte	0x91
 350 0179 77       		.sleb128 -9
 351 017a 00       		.byte	0
 352 017b 0E       		.uleb128 0xe
 353 017c 2C000000 		.4byte	.LVL11
 354 0180 26020000 		.4byte	0x226
 355 0184 A2010000 		.4byte	0x1a2
 356 0188 0F       		.uleb128 0xf
 357 0189 01       		.uleb128 0x1
 358 018a 50       		.byte	0x50
 359 018b 01       		.uleb128 0x1
 360 018c 48       		.byte	0x48
 361 018d 0F       		.uleb128 0xf
 362 018e 01       		.uleb128 0x1
 363 018f 51       		.byte	0x51
 364 0190 02       		.uleb128 0x2
 365 0191 08       		.byte	0x8
 366 0192 28       		.byte	0x28
 367 0193 0F       		.uleb128 0xf
 368 0194 01       		.uleb128 0x1
 369 0195 52       		.byte	0x52
 370 0196 01       		.uleb128 0x1
 371 0197 36       		.byte	0x36
 372 0198 0F       		.uleb128 0xf
 373 0199 01       		.uleb128 0x1
 374 019a 53       		.byte	0x53
 375 019b 05       		.uleb128 0x5
 376 019c 03       		.byte	0x3
ARM GAS  C:\Users\Vanessa Aloia.Vanessa\AppData\Local\Temp\ccpohqZd.s 			page 9


 377 019d 00000000 		.4byte	accelerometer_data
 378 01a1 00       		.byte	0
 379 01a2 0D       		.uleb128 0xd
 380 01a3 32000000 		.4byte	.LVL12
 381 01a7 EF000000 		.4byte	0xef
 382 01ab 00       		.byte	0
 383 01ac 10       		.uleb128 0x10
 384 01ad 63010000 		.4byte	.LASF27
 385 01b1 06       		.byte	0x6
 386 01b2 1207     		.2byte	0x712
 387 01b4 B8010000 		.4byte	0x1b8
 388 01b8 06       		.uleb128 0x6
 389 01b9 8C000000 		.4byte	0x8c
 390 01bd 11       		.uleb128 0x11
 391 01be 00000000 		.4byte	.LASF28
 392 01c2 07       		.byte	0x7
 393 01c3 11       		.byte	0x11
 394 01c4 C6000000 		.4byte	0xc6
 395 01c8 05       		.uleb128 0x5
 396 01c9 03       		.byte	0x3
 397 01ca 00000000 		.4byte	new_data
 398 01ce 12       		.uleb128 0x12
 399 01cf 81000000 		.4byte	0x81
 400 01d3 DE010000 		.4byte	0x1de
 401 01d7 13       		.uleb128 0x13
 402 01d8 BF000000 		.4byte	0xbf
 403 01dc 07       		.byte	0x7
 404 01dd 00       		.byte	0
 405 01de 11       		.uleb128 0x11
 406 01df 5C000000 		.4byte	.LASF29
 407 01e3 07       		.byte	0x7
 408 01e4 14       		.byte	0x14
 409 01e5 CE010000 		.4byte	0x1ce
 410 01e9 05       		.uleb128 0x5
 411 01ea 03       		.byte	0x3
 412 01eb 00000000 		.4byte	packet_to_send
 413 01ef 12       		.uleb128 0x12
 414 01f0 81000000 		.4byte	0x81
 415 01f4 FF010000 		.4byte	0x1ff
 416 01f8 13       		.uleb128 0x13
 417 01f9 BF000000 		.4byte	0xbf
 418 01fd 05       		.byte	0x5
 419 01fe 00       		.byte	0
 420 01ff 11       		.uleb128 0x11
 421 0200 47010000 		.4byte	.LASF30
 422 0204 01       		.byte	0x1
 423 0205 05       		.byte	0x5
 424 0206 EF010000 		.4byte	0x1ef
 425 020a 05       		.uleb128 0x5
 426 020b 03       		.byte	0x3
 427 020c 00000000 		.4byte	accelerometer_data
 428 0210 14       		.uleb128 0x14
 429 0211 33000000 		.4byte	.LASF31
 430 0215 33000000 		.4byte	.LASF31
 431 0219 08       		.byte	0x8
 432 021a 5E       		.byte	0x5e
 433 021b 14       		.uleb128 0x14
ARM GAS  C:\Users\Vanessa Aloia.Vanessa\AppData\Local\Temp\ccpohqZd.s 			page 10


 434 021c 74020000 		.4byte	.LASF32
 435 0220 74020000 		.4byte	.LASF32
 436 0224 09       		.byte	0x9
 437 0225 28       		.byte	0x28
 438 0226 14       		.uleb128 0x14
 439 0227 77010000 		.4byte	.LASF33
 440 022b 77010000 		.4byte	.LASF33
 441 022f 09       		.byte	0x9
 442 0230 36       		.byte	0x36
 443 0231 00       		.byte	0
 444              		.section	.debug_abbrev,"",%progbits
 445              	.Ldebug_abbrev0:
 446 0000 01       		.uleb128 0x1
 447 0001 11       		.uleb128 0x11
 448 0002 01       		.byte	0x1
 449 0003 25       		.uleb128 0x25
 450 0004 0E       		.uleb128 0xe
 451 0005 13       		.uleb128 0x13
 452 0006 0B       		.uleb128 0xb
 453 0007 03       		.uleb128 0x3
 454 0008 0E       		.uleb128 0xe
 455 0009 1B       		.uleb128 0x1b
 456 000a 0E       		.uleb128 0xe
 457 000b 55       		.uleb128 0x55
 458 000c 17       		.uleb128 0x17
 459 000d 11       		.uleb128 0x11
 460 000e 01       		.uleb128 0x1
 461 000f 10       		.uleb128 0x10
 462 0010 17       		.uleb128 0x17
 463 0011 00       		.byte	0
 464 0012 00       		.byte	0
 465 0013 02       		.uleb128 0x2
 466 0014 24       		.uleb128 0x24
 467 0015 00       		.byte	0
 468 0016 0B       		.uleb128 0xb
 469 0017 0B       		.uleb128 0xb
 470 0018 3E       		.uleb128 0x3e
 471 0019 0B       		.uleb128 0xb
 472 001a 03       		.uleb128 0x3
 473 001b 0E       		.uleb128 0xe
 474 001c 00       		.byte	0
 475 001d 00       		.byte	0
 476 001e 03       		.uleb128 0x3
 477 001f 16       		.uleb128 0x16
 478 0020 00       		.byte	0
 479 0021 03       		.uleb128 0x3
 480 0022 0E       		.uleb128 0xe
 481 0023 3A       		.uleb128 0x3a
 482 0024 0B       		.uleb128 0xb
 483 0025 3B       		.uleb128 0x3b
 484 0026 0B       		.uleb128 0xb
 485 0027 49       		.uleb128 0x49
 486 0028 13       		.uleb128 0x13
 487 0029 00       		.byte	0
 488 002a 00       		.byte	0
 489 002b 04       		.uleb128 0x4
 490 002c 24       		.uleb128 0x24
ARM GAS  C:\Users\Vanessa Aloia.Vanessa\AppData\Local\Temp\ccpohqZd.s 			page 11


 491 002d 00       		.byte	0
 492 002e 0B       		.uleb128 0xb
 493 002f 0B       		.uleb128 0xb
 494 0030 3E       		.uleb128 0x3e
 495 0031 0B       		.uleb128 0xb
 496 0032 03       		.uleb128 0x3
 497 0033 08       		.uleb128 0x8
 498 0034 00       		.byte	0
 499 0035 00       		.byte	0
 500 0036 05       		.uleb128 0x5
 501 0037 16       		.uleb128 0x16
 502 0038 00       		.byte	0
 503 0039 03       		.uleb128 0x3
 504 003a 0E       		.uleb128 0xe
 505 003b 3A       		.uleb128 0x3a
 506 003c 0B       		.uleb128 0xb
 507 003d 3B       		.uleb128 0x3b
 508 003e 05       		.uleb128 0x5
 509 003f 49       		.uleb128 0x49
 510 0040 13       		.uleb128 0x13
 511 0041 00       		.byte	0
 512 0042 00       		.byte	0
 513 0043 06       		.uleb128 0x6
 514 0044 35       		.uleb128 0x35
 515 0045 00       		.byte	0
 516 0046 49       		.uleb128 0x49
 517 0047 13       		.uleb128 0x13
 518 0048 00       		.byte	0
 519 0049 00       		.byte	0
 520 004a 07       		.uleb128 0x7
 521 004b 04       		.uleb128 0x4
 522 004c 01       		.byte	0x1
 523 004d 0B       		.uleb128 0xb
 524 004e 0B       		.uleb128 0xb
 525 004f 49       		.uleb128 0x49
 526 0050 13       		.uleb128 0x13
 527 0051 3A       		.uleb128 0x3a
 528 0052 0B       		.uleb128 0xb
 529 0053 3B       		.uleb128 0x3b
 530 0054 0B       		.uleb128 0xb
 531 0055 01       		.uleb128 0x1
 532 0056 13       		.uleb128 0x13
 533 0057 00       		.byte	0
 534 0058 00       		.byte	0
 535 0059 08       		.uleb128 0x8
 536 005a 28       		.uleb128 0x28
 537 005b 00       		.byte	0
 538 005c 03       		.uleb128 0x3
 539 005d 0E       		.uleb128 0xe
 540 005e 1C       		.uleb128 0x1c
 541 005f 0B       		.uleb128 0xb
 542 0060 00       		.byte	0
 543 0061 00       		.byte	0
 544 0062 09       		.uleb128 0x9
 545 0063 2E       		.uleb128 0x2e
 546 0064 01       		.byte	0x1
 547 0065 3F       		.uleb128 0x3f
ARM GAS  C:\Users\Vanessa Aloia.Vanessa\AppData\Local\Temp\ccpohqZd.s 			page 12


 548 0066 19       		.uleb128 0x19
 549 0067 03       		.uleb128 0x3
 550 0068 0E       		.uleb128 0xe
 551 0069 3A       		.uleb128 0x3a
 552 006a 0B       		.uleb128 0xb
 553 006b 3B       		.uleb128 0x3b
 554 006c 0B       		.uleb128 0xb
 555 006d 27       		.uleb128 0x27
 556 006e 19       		.uleb128 0x19
 557 006f 11       		.uleb128 0x11
 558 0070 01       		.uleb128 0x1
 559 0071 12       		.uleb128 0x12
 560 0072 06       		.uleb128 0x6
 561 0073 40       		.uleb128 0x40
 562 0074 18       		.uleb128 0x18
 563 0075 9742     		.uleb128 0x2117
 564 0077 19       		.uleb128 0x19
 565 0078 01       		.uleb128 0x1
 566 0079 13       		.uleb128 0x13
 567 007a 00       		.byte	0
 568 007b 00       		.byte	0
 569 007c 0A       		.uleb128 0xa
 570 007d 34       		.uleb128 0x34
 571 007e 00       		.byte	0
 572 007f 03       		.uleb128 0x3
 573 0080 08       		.uleb128 0x8
 574 0081 3A       		.uleb128 0x3a
 575 0082 0B       		.uleb128 0xb
 576 0083 3B       		.uleb128 0x3b
 577 0084 0B       		.uleb128 0xb
 578 0085 49       		.uleb128 0x49
 579 0086 13       		.uleb128 0x13
 580 0087 02       		.uleb128 0x2
 581 0088 17       		.uleb128 0x17
 582 0089 00       		.byte	0
 583 008a 00       		.byte	0
 584 008b 0B       		.uleb128 0xb
 585 008c 34       		.uleb128 0x34
 586 008d 00       		.byte	0
 587 008e 03       		.uleb128 0x3
 588 008f 0E       		.uleb128 0xe
 589 0090 3A       		.uleb128 0x3a
 590 0091 0B       		.uleb128 0xb
 591 0092 3B       		.uleb128 0x3b
 592 0093 0B       		.uleb128 0xb
 593 0094 49       		.uleb128 0x49
 594 0095 13       		.uleb128 0x13
 595 0096 02       		.uleb128 0x2
 596 0097 17       		.uleb128 0x17
 597 0098 00       		.byte	0
 598 0099 00       		.byte	0
 599 009a 0C       		.uleb128 0xc
 600 009b 34       		.uleb128 0x34
 601 009c 00       		.byte	0
 602 009d 03       		.uleb128 0x3
 603 009e 0E       		.uleb128 0xe
 604 009f 3A       		.uleb128 0x3a
ARM GAS  C:\Users\Vanessa Aloia.Vanessa\AppData\Local\Temp\ccpohqZd.s 			page 13


 605 00a0 0B       		.uleb128 0xb
 606 00a1 3B       		.uleb128 0x3b
 607 00a2 0B       		.uleb128 0xb
 608 00a3 49       		.uleb128 0x49
 609 00a4 13       		.uleb128 0x13
 610 00a5 02       		.uleb128 0x2
 611 00a6 18       		.uleb128 0x18
 612 00a7 00       		.byte	0
 613 00a8 00       		.byte	0
 614 00a9 0D       		.uleb128 0xd
 615 00aa 898201   		.uleb128 0x4109
 616 00ad 00       		.byte	0
 617 00ae 11       		.uleb128 0x11
 618 00af 01       		.uleb128 0x1
 619 00b0 31       		.uleb128 0x31
 620 00b1 13       		.uleb128 0x13
 621 00b2 00       		.byte	0
 622 00b3 00       		.byte	0
 623 00b4 0E       		.uleb128 0xe
 624 00b5 898201   		.uleb128 0x4109
 625 00b8 01       		.byte	0x1
 626 00b9 11       		.uleb128 0x11
 627 00ba 01       		.uleb128 0x1
 628 00bb 31       		.uleb128 0x31
 629 00bc 13       		.uleb128 0x13
 630 00bd 01       		.uleb128 0x1
 631 00be 13       		.uleb128 0x13
 632 00bf 00       		.byte	0
 633 00c0 00       		.byte	0
 634 00c1 0F       		.uleb128 0xf
 635 00c2 8A8201   		.uleb128 0x410a
 636 00c5 00       		.byte	0
 637 00c6 02       		.uleb128 0x2
 638 00c7 18       		.uleb128 0x18
 639 00c8 9142     		.uleb128 0x2111
 640 00ca 18       		.uleb128 0x18
 641 00cb 00       		.byte	0
 642 00cc 00       		.byte	0
 643 00cd 10       		.uleb128 0x10
 644 00ce 34       		.uleb128 0x34
 645 00cf 00       		.byte	0
 646 00d0 03       		.uleb128 0x3
 647 00d1 0E       		.uleb128 0xe
 648 00d2 3A       		.uleb128 0x3a
 649 00d3 0B       		.uleb128 0xb
 650 00d4 3B       		.uleb128 0x3b
 651 00d5 05       		.uleb128 0x5
 652 00d6 49       		.uleb128 0x49
 653 00d7 13       		.uleb128 0x13
 654 00d8 3F       		.uleb128 0x3f
 655 00d9 19       		.uleb128 0x19
 656 00da 3C       		.uleb128 0x3c
 657 00db 19       		.uleb128 0x19
 658 00dc 00       		.byte	0
 659 00dd 00       		.byte	0
 660 00de 11       		.uleb128 0x11
 661 00df 34       		.uleb128 0x34
ARM GAS  C:\Users\Vanessa Aloia.Vanessa\AppData\Local\Temp\ccpohqZd.s 			page 14


 662 00e0 00       		.byte	0
 663 00e1 03       		.uleb128 0x3
 664 00e2 0E       		.uleb128 0xe
 665 00e3 3A       		.uleb128 0x3a
 666 00e4 0B       		.uleb128 0xb
 667 00e5 3B       		.uleb128 0x3b
 668 00e6 0B       		.uleb128 0xb
 669 00e7 49       		.uleb128 0x49
 670 00e8 13       		.uleb128 0x13
 671 00e9 3F       		.uleb128 0x3f
 672 00ea 19       		.uleb128 0x19
 673 00eb 02       		.uleb128 0x2
 674 00ec 18       		.uleb128 0x18
 675 00ed 00       		.byte	0
 676 00ee 00       		.byte	0
 677 00ef 12       		.uleb128 0x12
 678 00f0 01       		.uleb128 0x1
 679 00f1 01       		.byte	0x1
 680 00f2 49       		.uleb128 0x49
 681 00f3 13       		.uleb128 0x13
 682 00f4 01       		.uleb128 0x1
 683 00f5 13       		.uleb128 0x13
 684 00f6 00       		.byte	0
 685 00f7 00       		.byte	0
 686 00f8 13       		.uleb128 0x13
 687 00f9 21       		.uleb128 0x21
 688 00fa 00       		.byte	0
 689 00fb 49       		.uleb128 0x49
 690 00fc 13       		.uleb128 0x13
 691 00fd 2F       		.uleb128 0x2f
 692 00fe 0B       		.uleb128 0xb
 693 00ff 00       		.byte	0
 694 0100 00       		.byte	0
 695 0101 14       		.uleb128 0x14
 696 0102 2E       		.uleb128 0x2e
 697 0103 00       		.byte	0
 698 0104 3F       		.uleb128 0x3f
 699 0105 19       		.uleb128 0x19
 700 0106 3C       		.uleb128 0x3c
 701 0107 19       		.uleb128 0x19
 702 0108 6E       		.uleb128 0x6e
 703 0109 0E       		.uleb128 0xe
 704 010a 03       		.uleb128 0x3
 705 010b 0E       		.uleb128 0xe
 706 010c 3A       		.uleb128 0x3a
 707 010d 0B       		.uleb128 0xb
 708 010e 3B       		.uleb128 0x3b
 709 010f 0B       		.uleb128 0xb
 710 0110 00       		.byte	0
 711 0111 00       		.byte	0
 712 0112 00       		.byte	0
 713              		.section	.debug_loc,"",%progbits
 714              	.Ldebug_loc0:
 715              	.LLST0:
 716 0000 00000000 		.4byte	.LVL0
 717 0004 04000000 		.4byte	.LVL1
 718 0008 0200     		.2byte	0x2
ARM GAS  C:\Users\Vanessa Aloia.Vanessa\AppData\Local\Temp\ccpohqZd.s 			page 15


 719 000a 30       		.byte	0x30
 720 000b 9F       		.byte	0x9f
 721 000c 04000000 		.4byte	.LVL1
 722 0010 22000000 		.4byte	.LVL5
 723 0014 0100     		.2byte	0x1
 724 0016 52       		.byte	0x52
 725 0017 2A000000 		.4byte	.LVL7
 726 001b 38000000 		.4byte	.LFE64
 727 001f 0100     		.2byte	0x1
 728 0021 52       		.byte	0x52
 729 0022 00000000 		.4byte	0
 730 0026 00000000 		.4byte	0
 731              	.LLST1:
 732 002a 18000000 		.4byte	.LVL2
 733 002e 1A000000 		.4byte	.LVL3
 734 0032 0100     		.2byte	0x1
 735 0034 53       		.byte	0x53
 736 0035 1A000000 		.4byte	.LVL3
 737 0039 1C000000 		.4byte	.LVL4
 738 003d 1B00     		.2byte	0x1b
 739 003f 70       		.byte	0x70
 740 0040 00       		.sleb128 0
 741 0041 38       		.byte	0x38
 742 0042 24       		.byte	0x24
 743 0043 72       		.byte	0x72
 744 0044 00       		.sleb128 0
 745 0045 31       		.byte	0x31
 746 0046 24       		.byte	0x24
 747 0047 03       		.byte	0x3
 748 0048 00000000 		.4byte	accelerometer_data
 749 004c 22       		.byte	0x22
 750 004d 94       		.byte	0x94
 751 004e 01       		.byte	0x1
 752 004f 08       		.byte	0x8
 753 0050 FF       		.byte	0xff
 754 0051 1A       		.byte	0x1a
 755 0052 21       		.byte	0x21
 756 0053 09       		.byte	0x9
 757 0054 F4       		.byte	0xf4
 758 0055 24       		.byte	0x24
 759 0056 09       		.byte	0x9
 760 0057 FA       		.byte	0xfa
 761 0058 26       		.byte	0x26
 762 0059 9F       		.byte	0x9f
 763 005a 1C000000 		.4byte	.LVL4
 764 005e 24000000 		.4byte	.LVL6
 765 0062 0100     		.2byte	0x1
 766 0064 53       		.byte	0x53
 767 0065 24000000 		.4byte	.LVL6
 768 0069 2A000000 		.4byte	.LVL7
 769 006d 2800     		.2byte	0x28
 770 006f 71       		.byte	0x71
 771 0070 00       		.sleb128 0
 772 0071 03       		.byte	0x3
 773 0072 00000000 		.4byte	accelerometer_data
 774 0076 22       		.byte	0x22
 775 0077 94       		.byte	0x94
ARM GAS  C:\Users\Vanessa Aloia.Vanessa\AppData\Local\Temp\ccpohqZd.s 			page 16


 776 0078 01       		.byte	0x1
 777 0079 08       		.byte	0x8
 778 007a FF       		.byte	0xff
 779 007b 1A       		.byte	0x1a
 780 007c 38       		.byte	0x38
 781 007d 24       		.byte	0x24
 782 007e 72       		.byte	0x72
 783 007f 7F       		.sleb128 -1
 784 0080 31       		.byte	0x31
 785 0081 24       		.byte	0x24
 786 0082 03       		.byte	0x3
 787 0083 00000000 		.4byte	accelerometer_data
 788 0087 22       		.byte	0x22
 789 0088 94       		.byte	0x94
 790 0089 01       		.byte	0x1
 791 008a 08       		.byte	0x8
 792 008b FF       		.byte	0xff
 793 008c 1A       		.byte	0x1a
 794 008d 21       		.byte	0x21
 795 008e 09       		.byte	0x9
 796 008f F4       		.byte	0xf4
 797 0090 24       		.byte	0x24
 798 0091 09       		.byte	0x9
 799 0092 FA       		.byte	0xfa
 800 0093 26       		.byte	0x26
 801 0094 32       		.byte	0x32
 802 0095 24       		.byte	0x24
 803 0096 9F       		.byte	0x9f
 804 0097 00000000 		.4byte	0
 805 009b 00000000 		.4byte	0
 806              	.LLST2:
 807 009f 14000000 		.4byte	.LVL9
 808 00a3 28000000 		.4byte	.LVL10
 809 00a7 0100     		.2byte	0x1
 810 00a9 50       		.byte	0x50
 811 00aa 2C000000 		.4byte	.LVL11
 812 00ae 31000000 		.4byte	.LVL12-1
 813 00b2 0100     		.2byte	0x1
 814 00b4 50       		.byte	0x50
 815 00b5 3A000000 		.4byte	.LVL13
 816 00b9 40000000 		.4byte	.LVL14
 817 00bd 0100     		.2byte	0x1
 818 00bf 50       		.byte	0x50
 819 00c0 00000000 		.4byte	0
 820 00c4 00000000 		.4byte	0
 821              		.section	.debug_aranges,"",%progbits
 822 0000 24000000 		.4byte	0x24
 823 0004 0200     		.2byte	0x2
 824 0006 00000000 		.4byte	.Ldebug_info0
 825 000a 04       		.byte	0x4
 826 000b 00       		.byte	0
 827 000c 0000     		.2byte	0
 828 000e 0000     		.2byte	0
 829 0010 00000000 		.4byte	.LFB64
 830 0014 38000000 		.4byte	.LFE64-.LFB64
 831 0018 00000000 		.4byte	.LFB63
 832 001c 50000000 		.4byte	.LFE63-.LFB63
ARM GAS  C:\Users\Vanessa Aloia.Vanessa\AppData\Local\Temp\ccpohqZd.s 			page 17


 833 0020 00000000 		.4byte	0
 834 0024 00000000 		.4byte	0
 835              		.section	.debug_ranges,"",%progbits
 836              	.Ldebug_ranges0:
 837 0000 00000000 		.4byte	.LFB64
 838 0004 38000000 		.4byte	.LFE64
 839 0008 00000000 		.4byte	.LFB63
 840 000c 50000000 		.4byte	.LFE63
 841 0010 00000000 		.4byte	0
 842 0014 00000000 		.4byte	0
 843              		.section	.debug_line,"",%progbits
 844              	.Ldebug_line0:
 845 0000 F4010000 		.section	.debug_str,"MS",%progbits,1
 845      0200A001 
 845      00000201 
 845      FB0E0D00 
 845      01010101 
 846              	.LASF28:
 847 0000 6E65775F 		.ascii	"new_data\000"
 847      64617461 
 847      00
 848              	.LASF23:
 849 0009 53617665 		.ascii	"SaveAccelerometerData\000"
 849      41636365 
 849      6C65726F 
 849      6D657465 
 849      72446174 
 850              	.LASF4:
 851 001f 5F5F7569 		.ascii	"__uint8_t\000"
 851      6E74385F 
 851      7400
 852              	.LASF5:
 853 0029 5F5F696E 		.ascii	"__int32_t\000"
 853      7433325F 
 853      7400
 854              	.LASF31:
 855 0033 54696D65 		.ascii	"Timer_ReadStatusRegister\000"
 855      725F5265 
 855      61645374 
 855      61747573 
 855      52656769 
 856              	.LASF21:
 857 004c 4572726F 		.ascii	"ErrorCode\000"
 857      72436F64 
 857      6500
 858              	.LASF14:
 859 0056 666C6F61 		.ascii	"float\000"
 859      7400
 860              	.LASF29:
 861 005c 7061636B 		.ascii	"packet_to_send\000"
 861      65745F74 
 861      6F5F7365 
 861      6E6400
 862              	.LASF1:
 863 006b 756E7369 		.ascii	"unsigned char\000"
 863      676E6564 
 863      20636861 
ARM GAS  C:\Users\Vanessa Aloia.Vanessa\AppData\Local\Temp\ccpohqZd.s 			page 18


 863      7200
 864              	.LASF34:
 865 0079 474E5520 		.ascii	"GNU C11 5.4.1 20160609 (release) [ARM/embedded-5-br"
 865      43313120 
 865      352E342E 
 865      31203230 
 865      31363036 
 866 00ac 616E6368 		.ascii	"anch revision 237715] -mcpu=cortex-m3 -mthumb -g -O"
 866      20726576 
 866      6973696F 
 866      6E203233 
 866      37373135 
 867 00df 67202D66 		.ascii	"g -ffunction-sections -ffat-lto-objects\000"
 867      66756E63 
 867      74696F6E 
 867      2D736563 
 867      74696F6E 
 868              	.LASF35:
 869 0107 696E7465 		.ascii	"interrupt_routines.c\000"
 869      72727570 
 869      745F726F 
 869      7574696E 
 869      65732E63 
 870              	.LASF13:
 871 011c 696E7431 		.ascii	"int16\000"
 871      3600
 872              	.LASF7:
 873 0122 6C6F6E67 		.ascii	"long unsigned int\000"
 873      20756E73 
 873      69676E65 
 873      6420696E 
 873      7400
 874              	.LASF3:
 875 0134 73686F72 		.ascii	"short unsigned int\000"
 875      7420756E 
 875      7369676E 
 875      65642069 
 875      6E7400
 876              	.LASF30:
 877 0147 61636365 		.ascii	"accelerometer_data\000"
 877      6C65726F 
 877      6D657465 
 877      725F6461 
 877      746100
 878              	.LASF6:
 879 015a 6C6F6E67 		.ascii	"long int\000"
 879      20696E74 
 879      00
 880              	.LASF27:
 881 0163 49544D5F 		.ascii	"ITM_RxBuffer\000"
 881      52784275 
 881      66666572 
 881      00
 882              	.LASF15:
 883 0170 646F7562 		.ascii	"double\000"
 883      6C6500
 884              	.LASF33:
ARM GAS  C:\Users\Vanessa Aloia.Vanessa\AppData\Local\Temp\ccpohqZd.s 			page 19


 885 0177 4932435F 		.ascii	"I2C_Peripheral_ReadRegisterMulti\000"
 885      50657269 
 885      70686572 
 885      616C5F52 
 885      65616452 
 886              	.LASF2:
 887 0198 73686F72 		.ascii	"short int\000"
 887      7420696E 
 887      7400
 888              	.LASF24:
 889 01a2 43757374 		.ascii	"Custom_ISR\000"
 889      6F6D5F49 
 889      535200
 890              	.LASF10:
 891 01ad 756E7369 		.ascii	"unsigned int\000"
 891      676E6564 
 891      20696E74 
 891      00
 892              	.LASF9:
 893 01ba 6C6F6E67 		.ascii	"long long unsigned int\000"
 893      206C6F6E 
 893      6720756E 
 893      7369676E 
 893      65642069 
 894              	.LASF11:
 895 01d1 75696E74 		.ascii	"uint8_t\000"
 895      385F7400 
 896              	.LASF36:
 897 01d9 433A5C55 		.ascii	"C:\\Users\\Vanessa Aloia.Vanessa\\Desktop\\AY1920_I"
 897      73657273 
 897      5C56616E 
 897      65737361 
 897      20416C6F 
 898 0208 495F4857 		.ascii	"I_HW_05_ALOIA_VANESSA\\AY1920_II_HW_05_PROJ_2.2.cyd"
 898      5F30355F 
 898      414C4F49 
 898      415F5641 
 898      4E455353 
 899 023a 736E00   		.ascii	"sn\000"
 900              	.LASF22:
 901 023d 7363616C 		.ascii	"scaled_value\000"
 901      65645F76 
 901      616C7565 
 901      00
 902              	.LASF12:
 903 024a 696E7433 		.ascii	"int32_t\000"
 903      325F7400 
 904              	.LASF18:
 905 0252 73697A65 		.ascii	"sizetype\000"
 905      74797065 
 905      00
 906              	.LASF25:
 907 025b 6572726F 		.ascii	"error\000"
 907      7200
 908              	.LASF8:
 909 0261 6C6F6E67 		.ascii	"long long int\000"
 909      206C6F6E 
ARM GAS  C:\Users\Vanessa Aloia.Vanessa\AppData\Local\Temp\ccpohqZd.s 			page 20


 909      6720696E 
 909      7400
 910              	.LASF16:
 911 026f 63686172 		.ascii	"char\000"
 911      00
 912              	.LASF32:
 913 0274 4932435F 		.ascii	"I2C_Peripheral_ReadRegister\000"
 913      50657269 
 913      70686572 
 913      616C5F52 
 913      65616452 
 914              	.LASF26:
 915 0290 73746174 		.ascii	"status_reg_value\000"
 915      75735F72 
 915      65675F76 
 915      616C7565 
 915      00
 916              	.LASF19:
 917 02a1 4E4F5F45 		.ascii	"NO_ERROR\000"
 917      52524F52 
 917      00
 918              	.LASF20:
 919 02aa 4552524F 		.ascii	"ERROR\000"
 919      5200
 920              	.LASF17:
 921 02b0 6C6F6E67 		.ascii	"long double\000"
 921      20646F75 
 921      626C6500 
 922              	.LASF0:
 923 02bc 7369676E 		.ascii	"signed char\000"
 923      65642063 
 923      68617200 
 924              		.ident	"GCC: (GNU Tools for ARM Embedded Processors) 5.4.1 20160609 (release) [ARM/embedded-5-bran
