ARM GAS  C:\Users\Vanessa Aloia.Vanessa\AppData\Local\Temp\ccUMi48a.s 			page 1


   1              		.syntax unified
   2              		.cpu cortex-m3
   3              		.fpu softvfp
   4              		.eabi_attribute 20, 1
   5              		.eabi_attribute 21, 1
   6              		.eabi_attribute 23, 3
   7              		.eabi_attribute 24, 1
   8              		.eabi_attribute 25, 1
   9              		.eabi_attribute 26, 1
  10              		.eabi_attribute 30, 1
  11              		.eabi_attribute 34, 1
  12              		.eabi_attribute 18, 4
  13              		.thumb
  14              		.syntax unified
  15              		.file	"main.c"
  16              		.text
  17              	.Ltext0:
  18              		.cfi_sections	.debug_frame
  19              		.section	.text.main,"ax",%progbits
  20              		.align	2
  21              		.global	main
  22              		.thumb
  23              		.thumb_func
  24              		.type	main, %function
  25              	main:
  26              	.LFB64:
  27              		.file 1 "main.c"
   1:main.c        **** 
   2:main.c        **** // Include required header files
   3:main.c        **** #include "I2C_Interface.h"
   4:main.c        **** #include "project.h"
   5:main.c        **** #include "stdio.h"
   6:main.c        **** 
   7:main.c        **** /*  7-bit I2C address of the accelerometer. */
   8:main.c        **** #define LIS3DH_DEVICE_ADDRESS 0x18
   9:main.c        **** 
  10:main.c        **** /* 8-bit control register 1 address of the accelerometer */
  11:main.c        **** #define CTRL_REG_1 0x20
  12:main.c        **** 
  13:main.c        **** /* 8-bit control register 4 address of the accelerometer */
  14:main.c        **** #define CTRL_REG_4 0x23
  15:main.c        **** 
  16:main.c        **** /*8-bit registers to read the X output */
  17:main.c        **** #define OUT_X_L 0x28
  18:main.c        **** 
  19:main.c        **** #define OUT_X_H 0x29
  20:main.c        **** 
  21:main.c        **** #define OUT_Y_L 0x2A
  22:main.c        **** 
  23:main.c        **** #define OUT_Z_L 0x2B
  24:main.c        **** 
  25:main.c        **** #define OUT_Z_H 0x2D
  26:main.c        **** 
  27:main.c        **** 
  28:main.c        **** /* set the normal mode (NM) and 100 Hz rate operating mode */
  29:main.c        **** 
  30:main.c        **** #define CTRL_REG_1_NM 0x57
ARM GAS  C:\Users\Vanessa Aloia.Vanessa\AppData\Local\Temp\ccUMi48a.s 			page 2


  31:main.c        **** #define CTRL_REG_4_NM 0x0
  32:main.c        **** 
  33:main.c        **** 
  34:main.c        **** 
  35:main.c        **** int main(void)
  36:main.c        **** {
  28              		.loc 1 36 0
  29              		.cfi_startproc
  30              		@ args = 0, pretend = 0, frame = 56
  31              		@ frame_needed = 0, uses_anonymous_args = 0
  32 0000 30B5     		push	{r4, r5, lr}
  33              		.cfi_def_cfa_offset 12
  34              		.cfi_offset 4, -12
  35              		.cfi_offset 5, -8
  36              		.cfi_offset 14, -4
  37 0002 8FB0     		sub	sp, sp, #60
  38              		.cfi_def_cfa_offset 72
  37:main.c        ****     CyGlobalIntEnable; /* Enable global interrupts. */
  39              		.loc 1 37 0
  40              		.syntax unified
  41              	@ 37 "main.c" 1
  42 0004 62B6     		CPSIE   i
  43              	@ 0 "" 2
  38:main.c        **** 
  39:main.c        ****     /* Place your initialization/startup code here (e.g. MyInst_Start()) */
  40:main.c        ****     I2C_Peripheral_Start();
  44              		.loc 1 40 0
  45              		.thumb
  46              		.syntax unified
  47 0006 FFF7FEFF 		bl	I2C_Peripheral_Start
  48              	.LVL0:
  41:main.c        ****     UART_Debug_Start();
  49              		.loc 1 41 0
  50 000a FFF7FEFF 		bl	UART_Debug_Start
  51              	.LVL1:
  42:main.c        ****     
  43:main.c        ****     CyDelay(5); //"The boot procedure is complete about 5 milliseconds after device power-up."
  52              		.loc 1 43 0
  53 000e 0520     		movs	r0, #5
  54 0010 FFF7FEFF 		bl	CyDelay
  55              	.LVL2:
  56              	.LBB2:
  44:main.c        ****     
  45:main.c        ****     // String to print out messages on the UART
  46:main.c        ****     char message[50];
  47:main.c        **** 
  48:main.c        ****     // Check which devices are present on the I2C bus
  49:main.c        ****     for (int i = 0 ; i < 128; i++)
  57              		.loc 1 49 0
  58 0014 0024     		movs	r4, #0
  59 0016 0CE0     		b	.L2
  60              	.LVL3:
  61              	.L4:
  50:main.c        ****     {
  51:main.c        ****         if (I2C_Peripheral_IsDeviceConnected(i))
  62              		.loc 1 51 0
  63 0018 E0B2     		uxtb	r0, r4
ARM GAS  C:\Users\Vanessa Aloia.Vanessa\AppData\Local\Temp\ccUMi48a.s 			page 3


  64 001a FFF7FEFF 		bl	I2C_Peripheral_IsDeviceConnected
  65              	.LVL4:
  66 001e 38B1     		cbz	r0, .L3
  52:main.c        ****         {
  53:main.c        ****             // print out the address is hex format
  54:main.c        ****             sprintf(message, "Device 0x%02X is connected\r\n", i);
  67              		.loc 1 54 0
  68 0020 2246     		mov	r2, r4
  69 0022 4849     		ldr	r1, .L14
  70 0024 01A8     		add	r0, sp, #4
  71 0026 FFF7FEFF 		bl	sprintf
  72              	.LVL5:
  55:main.c        ****             UART_Debug_PutString(message); 
  73              		.loc 1 55 0
  74 002a 01A8     		add	r0, sp, #4
  75 002c FFF7FEFF 		bl	UART_Debug_PutString
  76              	.LVL6:
  77              	.L3:
  49:main.c        ****     {
  78              		.loc 1 49 0 discriminator 2
  79 0030 0134     		adds	r4, r4, #1
  80              	.LVL7:
  81              	.L2:
  49:main.c        ****     {
  82              		.loc 1 49 0 is_stmt 0 discriminator 1
  83 0032 7F2C     		cmp	r4, #127
  84 0034 F0DD     		ble	.L4
  85              	.LBE2:
  56:main.c        ****         }
  57:main.c        ****         
  58:main.c        ****     }
  59:main.c        ****     
  60:main.c        ****     
  61:main.c        ****     /* SET THE REGISTERS TO READ THE ACCELEROMETER'S OUTPUT AT 100 HZ WITH 10-bit RESOLUTION
  62:main.c        ****      (NORMALE MODE)
  63:main.c        ****     */
  64:main.c        ****     
  65:main.c        ****     uint8_t ctrl_reg;
  66:main.c        ****     uint8_t error;
  67:main.c        ****     
  68:main.c        ****     error = I2C_Peripheral_ReadRegister(LIS3DH_DEVICE_ADDRESS,CTRL_REG_1,&ctrl_reg);
  86              		.loc 1 68 0 is_stmt 1
  87 0036 0DF10302 		add	r2, sp, #3
  88 003a 2021     		movs	r1, #32
  89 003c 1820     		movs	r0, #24
  90 003e FFF7FEFF 		bl	I2C_Peripheral_ReadRegister
  91              	.LVL8:
  69:main.c        ****     
  70:main.c        ****     if (error == ERROR) {
  92              		.loc 1 70 0
  93 0042 0128     		cmp	r0, #1
  94 0044 0DD1     		bne	.L5
  71:main.c        ****         sprintf(message, "Error occurred while reading CTRL_REG_1\r\n");
  95              		.loc 1 71 0
  96 0046 01AC     		add	r4, sp, #4
  97              	.LVL9:
  98 0048 3F4D     		ldr	r5, .L14+4
ARM GAS  C:\Users\Vanessa Aloia.Vanessa\AppData\Local\Temp\ccUMi48a.s 			page 4


  99 004a 0FCD     		ldmia	r5!, {r0, r1, r2, r3}
 100              	.LVL10:
 101 004c 0FC4     		stmia	r4!, {r0, r1, r2, r3}
 102 004e 0FCD     		ldmia	r5!, {r0, r1, r2, r3}
 103 0050 0FC4     		stmia	r4!, {r0, r1, r2, r3}
 104 0052 95E80700 		ldmia	r5, {r0, r1, r2}
 105 0056 03C4     		stmia	r4!, {r0, r1}
 106 0058 2280     		strh	r2, [r4]	@ movhi
  72:main.c        ****         UART_Debug_PutString(message);
 107              		.loc 1 72 0
 108 005a 01A8     		add	r0, sp, #4
 109 005c FFF7FEFF 		bl	UART_Debug_PutString
 110              	.LVL11:
 111 0060 08E0     		b	.L6
 112              	.LVL12:
 113              	.L5:
  73:main.c        ****     }
  74:main.c        ****     
  75:main.c        ****     else {
  76:main.c        ****          sprintf(message, "CTRL_REG_1 default value: 0x%02X \r\n", ctrl_reg);
 114              		.loc 1 76 0
 115 0062 9DF80320 		ldrb	r2, [sp, #3]	@ zero_extendqisi2
 116 0066 3949     		ldr	r1, .L14+8
 117 0068 01A8     		add	r0, sp, #4
 118              	.LVL13:
 119 006a FFF7FEFF 		bl	sprintf
 120              	.LVL14:
  77:main.c        ****          UART_Debug_PutString(message); 
 121              		.loc 1 77 0
 122 006e 01A8     		add	r0, sp, #4
 123 0070 FFF7FEFF 		bl	UART_Debug_PutString
 124              	.LVL15:
 125              	.L6:
  78:main.c        ****     }
  79:main.c        ****     
  80:main.c        ****     if (ctrl_reg != CTRL_REG_1_NM) {
 126              		.loc 1 80 0
 127 0074 9DF80330 		ldrb	r3, [sp, #3]	@ zero_extendqisi2
 128 0078 572B     		cmp	r3, #87
 129 007a 1FD0     		beq	.L7
  81:main.c        ****         ctrl_reg = CTRL_REG_1_NM;
 130              		.loc 1 81 0
 131 007c 5722     		movs	r2, #87
 132 007e 8DF80320 		strb	r2, [sp, #3]
  82:main.c        ****         
  83:main.c        ****         error = I2C_Peripheral_WriteRegister(LIS3DH_DEVICE_ADDRESS,CTRL_REG_1,ctrl_reg);
 133              		.loc 1 83 0
 134 0082 2021     		movs	r1, #32
 135 0084 1820     		movs	r0, #24
 136 0086 FFF7FEFF 		bl	I2C_Peripheral_WriteRegister
 137              	.LVL16:
  84:main.c        ****         
  85:main.c        ****         if (error == ERROR) {
 138              		.loc 1 85 0
 139 008a 0128     		cmp	r0, #1
 140 008c 0DD1     		bne	.L8
  86:main.c        ****             
ARM GAS  C:\Users\Vanessa Aloia.Vanessa\AppData\Local\Temp\ccUMi48a.s 			page 5


  87:main.c        ****             sprintf(message,"Error occured while writing in CTRL_REG_1\r\n");
 141              		.loc 1 87 0
 142 008e 01AC     		add	r4, sp, #4
 143 0090 2F4D     		ldr	r5, .L14+12
 144 0092 0FCD     		ldmia	r5!, {r0, r1, r2, r3}
 145              	.LVL17:
 146 0094 0FC4     		stmia	r4!, {r0, r1, r2, r3}
 147 0096 0FCD     		ldmia	r5!, {r0, r1, r2, r3}
 148 0098 0FC4     		stmia	r4!, {r0, r1, r2, r3}
 149 009a 95E80700 		ldmia	r5, {r0, r1, r2}
 150 009e 84E80700 		stmia	r4, {r0, r1, r2}
  88:main.c        ****             UART_Debug_PutString(message);
 151              		.loc 1 88 0
 152 00a2 01A8     		add	r0, sp, #4
 153 00a4 FFF7FEFF 		bl	UART_Debug_PutString
 154              	.LVL18:
 155 00a8 08E0     		b	.L7
 156              	.LVL19:
 157              	.L8:
  89:main.c        ****         }
  90:main.c        ****         else {
  91:main.c        ****             sprintf(message, " CTRL_REG_1 set up at : 0x%02x\r\n", ctrl_reg);
 158              		.loc 1 91 0
 159 00aa 9DF80320 		ldrb	r2, [sp, #3]	@ zero_extendqisi2
 160 00ae 2949     		ldr	r1, .L14+16
 161 00b0 01A8     		add	r0, sp, #4
 162              	.LVL20:
 163 00b2 FFF7FEFF 		bl	sprintf
 164              	.LVL21:
  92:main.c        ****             UART_Debug_PutString(message);
 165              		.loc 1 92 0
 166 00b6 01A8     		add	r0, sp, #4
 167 00b8 FFF7FEFF 		bl	UART_Debug_PutString
 168              	.LVL22:
 169              	.L7:
  93:main.c        ****         }
  94:main.c        ****     }
  95:main.c        ****     
  96:main.c        ****     error = I2C_Peripheral_ReadRegister(LIS3DH_DEVICE_ADDRESS,CTRL_REG_4,&ctrl_reg);
 170              		.loc 1 96 0
 171 00bc 0DF10302 		add	r2, sp, #3
 172 00c0 2321     		movs	r1, #35
 173 00c2 1820     		movs	r0, #24
 174 00c4 FFF7FEFF 		bl	I2C_Peripheral_ReadRegister
 175              	.LVL23:
  97:main.c        ****     
  98:main.c        ****     if (error == ERROR) {
 176              		.loc 1 98 0
 177 00c8 0128     		cmp	r0, #1
 178 00ca 0DD1     		bne	.L9
  99:main.c        ****         sprintf(message, "Error occurred while reading CTRL_REG_4\r\n");
 179              		.loc 1 99 0
 180 00cc 01AC     		add	r4, sp, #4
 181 00ce 224D     		ldr	r5, .L14+20
 182 00d0 0FCD     		ldmia	r5!, {r0, r1, r2, r3}
 183              	.LVL24:
 184 00d2 0FC4     		stmia	r4!, {r0, r1, r2, r3}
ARM GAS  C:\Users\Vanessa Aloia.Vanessa\AppData\Local\Temp\ccUMi48a.s 			page 6


 185 00d4 0FCD     		ldmia	r5!, {r0, r1, r2, r3}
 186 00d6 0FC4     		stmia	r4!, {r0, r1, r2, r3}
 187 00d8 95E80700 		ldmia	r5, {r0, r1, r2}
 188 00dc 03C4     		stmia	r4!, {r0, r1}
 189 00de 2280     		strh	r2, [r4]	@ movhi
 100:main.c        ****         UART_Debug_PutString(message);
 190              		.loc 1 100 0
 191 00e0 01A8     		add	r0, sp, #4
 192 00e2 FFF7FEFF 		bl	UART_Debug_PutString
 193              	.LVL25:
 194 00e6 08E0     		b	.L10
 195              	.LVL26:
 196              	.L9:
 101:main.c        ****     }
 102:main.c        ****     
 103:main.c        ****     else {
 104:main.c        ****          sprintf(message, "CTRL_REG_4 default value: 0x%02X \r\n", ctrl_reg);
 197              		.loc 1 104 0
 198 00e8 9DF80320 		ldrb	r2, [sp, #3]	@ zero_extendqisi2
 199 00ec 1B49     		ldr	r1, .L14+24
 200 00ee 01A8     		add	r0, sp, #4
 201              	.LVL27:
 202 00f0 FFF7FEFF 		bl	sprintf
 203              	.LVL28:
 105:main.c        ****          UART_Debug_PutString(message); 
 204              		.loc 1 105 0
 205 00f4 01A8     		add	r0, sp, #4
 206 00f6 FFF7FEFF 		bl	UART_Debug_PutString
 207              	.LVL29:
 208              	.L10:
 106:main.c        ****     }
 107:main.c        ****     
 108:main.c        ****     if (ctrl_reg != CTRL_REG_4_NM) {
 209              		.loc 1 108 0
 210 00fa 9DF80330 		ldrb	r3, [sp, #3]	@ zero_extendqisi2
 211 00fe FBB1     		cbz	r3, .L11
 109:main.c        ****         ctrl_reg = CTRL_REG_4_NM;
 212              		.loc 1 109 0
 213 0100 0022     		movs	r2, #0
 214 0102 8DF80320 		strb	r2, [sp, #3]
 110:main.c        ****         
 111:main.c        ****         error = I2C_Peripheral_WriteRegister(LIS3DH_DEVICE_ADDRESS,CTRL_REG_4,ctrl_reg);
 215              		.loc 1 111 0
 216 0106 2321     		movs	r1, #35
 217 0108 1820     		movs	r0, #24
 218 010a FFF7FEFF 		bl	I2C_Peripheral_WriteRegister
 219              	.LVL30:
 112:main.c        ****         
 113:main.c        ****         if (error == ERROR) {
 220              		.loc 1 113 0
 221 010e 0128     		cmp	r0, #1
 222 0110 0DD1     		bne	.L12
 114:main.c        ****             
 115:main.c        ****             sprintf(message,"Error occured while writing in CTRL_REG_4\r\n");
 223              		.loc 1 115 0
 224 0112 01AC     		add	r4, sp, #4
 225 0114 124D     		ldr	r5, .L14+28
ARM GAS  C:\Users\Vanessa Aloia.Vanessa\AppData\Local\Temp\ccUMi48a.s 			page 7


 226 0116 0FCD     		ldmia	r5!, {r0, r1, r2, r3}
 227              	.LVL31:
 228 0118 0FC4     		stmia	r4!, {r0, r1, r2, r3}
 229 011a 0FCD     		ldmia	r5!, {r0, r1, r2, r3}
 230 011c 0FC4     		stmia	r4!, {r0, r1, r2, r3}
 231 011e 95E80700 		ldmia	r5, {r0, r1, r2}
 232 0122 84E80700 		stmia	r4, {r0, r1, r2}
 116:main.c        ****             UART_Debug_PutString(message);
 233              		.loc 1 116 0
 234 0126 01A8     		add	r0, sp, #4
 235 0128 FFF7FEFF 		bl	UART_Debug_PutString
 236              	.LVL32:
 237 012c 08E0     		b	.L11
 238              	.LVL33:
 239              	.L12:
 117:main.c        ****         }
 118:main.c        ****         else {
 119:main.c        ****             sprintf(message, " CTRL_REG_4 set up at : 0x%02x\r\n", ctrl_reg);
 240              		.loc 1 119 0
 241 012e 9DF80320 		ldrb	r2, [sp, #3]	@ zero_extendqisi2
 242 0132 0C49     		ldr	r1, .L14+32
 243 0134 01A8     		add	r0, sp, #4
 244              	.LVL34:
 245 0136 FFF7FEFF 		bl	sprintf
 246              	.LVL35:
 120:main.c        ****             UART_Debug_PutString(message);
 247              		.loc 1 120 0
 248 013a 01A8     		add	r0, sp, #4
 249 013c FFF7FEFF 		bl	UART_Debug_PutString
 250              	.LVL36:
 251              	.L11:
 252 0140 FEE7     		b	.L11
 253              	.L15:
 254 0142 00BF     		.align	2
 255              	.L14:
 256 0144 00000000 		.word	.LC0
 257 0148 20000000 		.word	.LC1
 258 014c 4C000000 		.word	.LC2
 259 0150 70000000 		.word	.LC3
 260 0154 9C000000 		.word	.LC4
 261 0158 C0000000 		.word	.LC5
 262 015c EC000000 		.word	.LC6
 263 0160 10010000 		.word	.LC7
 264 0164 3C010000 		.word	.LC8
 265              		.cfi_endproc
 266              	.LFE64:
 267              		.size	main, .-main
 268              		.section	.rodata.str1.4,"aMS",%progbits,1
 269              		.align	2
 270              	.LC0:
 271 0000 44657669 		.ascii	"Device 0x%02X is connected\015\012\000"
 271      63652030 
 271      78253032 
 271      58206973 
 271      20636F6E 
 272 001d 000000   		.space	3
 273              	.LC1:
ARM GAS  C:\Users\Vanessa Aloia.Vanessa\AppData\Local\Temp\ccUMi48a.s 			page 8


 274 0020 4572726F 		.ascii	"Error occurred while reading CTRL_REG_1\015\012\000"
 274      72206F63 
 274      63757272 
 274      65642077 
 274      68696C65 
 275 004a 0000     		.space	2
 276              	.LC2:
 277 004c 4354524C 		.ascii	"CTRL_REG_1 default value: 0x%02X \015\012\000"
 277      5F524547 
 277      5F312064 
 277      65666175 
 277      6C742076 
 278              	.LC3:
 279 0070 4572726F 		.ascii	"Error occured while writing in CTRL_REG_1\015\012\000"
 279      72206F63 
 279      63757265 
 279      64207768 
 279      696C6520 
 280              	.LC4:
 281 009c 20435452 		.ascii	" CTRL_REG_1 set up at : 0x%02x\015\012\000"
 281      4C5F5245 
 281      475F3120 
 281      73657420 
 281      75702061 
 282 00bd 000000   		.space	3
 283              	.LC5:
 284 00c0 4572726F 		.ascii	"Error occurred while reading CTRL_REG_4\015\012\000"
 284      72206F63 
 284      63757272 
 284      65642077 
 284      68696C65 
 285 00ea 0000     		.space	2
 286              	.LC6:
 287 00ec 4354524C 		.ascii	"CTRL_REG_4 default value: 0x%02X \015\012\000"
 287      5F524547 
 287      5F342064 
 287      65666175 
 287      6C742076 
 288              	.LC7:
 289 0110 4572726F 		.ascii	"Error occured while writing in CTRL_REG_4\015\012\000"
 289      72206F63 
 289      63757265 
 289      64207768 
 289      696C6520 
 290              	.LC8:
 291 013c 20435452 		.ascii	" CTRL_REG_4 set up at : 0x%02x\015\012\000"
 291      4C5F5245 
 291      475F3420 
 291      73657420 
 291      75702061 
 292              		.text
 293              	.Letext0:
 294              		.file 2 "c:\\program files (x86)\\cypress\\psoc creator\\4.3\\psoc creator\\import\\gnu\\arm\\5.4.
 295              		.file 3 "c:\\program files (x86)\\cypress\\psoc creator\\4.3\\psoc creator\\import\\gnu\\arm\\5.4.
 296              		.file 4 "I2C_Interface.h"
 297              		.file 5 "c:\\program files (x86)\\cypress\\psoc creator\\4.3\\psoc creator\\import\\gnu\\arm\\5.4.
 298              		.file 6 "Generated_Source\\PSoC5/UART_Debug.h"
ARM GAS  C:\Users\Vanessa Aloia.Vanessa\AppData\Local\Temp\ccUMi48a.s 			page 9


 299              		.file 7 "Generated_Source\\PSoC5/CyLib.h"
 300              		.file 8 "ErrorCodes.h"
 301              		.file 9 "Generated_Source\\PSoC5/core_cm3.h"
 302              		.section	.debug_info,"",%progbits
 303              	.Ldebug_info0:
 304 0000 AE030000 		.4byte	0x3ae
 305 0004 0400     		.2byte	0x4
 306 0006 00000000 		.4byte	.Ldebug_abbrev0
 307 000a 04       		.byte	0x4
 308 000b 01       		.uleb128 0x1
 309 000c 63000000 		.4byte	.LASF31
 310 0010 0C       		.byte	0xc
 311 0011 27020000 		.4byte	.LASF32
 312 0015 8D010000 		.4byte	.LASF33
 313 0019 00000000 		.4byte	.Ldebug_ranges0+0
 314 001d 00000000 		.4byte	0
 315 0021 00000000 		.4byte	.Ldebug_line0
 316 0025 02       		.uleb128 0x2
 317 0026 01       		.byte	0x1
 318 0027 06       		.byte	0x6
 319 0028 74020000 		.4byte	.LASF0
 320 002c 03       		.uleb128 0x3
 321 002d 08000000 		.4byte	.LASF4
 322 0031 02       		.byte	0x2
 323 0032 1D       		.byte	0x1d
 324 0033 37000000 		.4byte	0x37
 325 0037 02       		.uleb128 0x2
 326 0038 01       		.byte	0x1
 327 0039 08       		.byte	0x8
 328 003a 55000000 		.4byte	.LASF1
 329 003e 02       		.uleb128 0x2
 330 003f 02       		.byte	0x2
 331 0040 05       		.byte	0x5
 332 0041 4F020000 		.4byte	.LASF2
 333 0045 02       		.uleb128 0x2
 334 0046 02       		.byte	0x2
 335 0047 07       		.byte	0x7
 336 0048 03010000 		.4byte	.LASF3
 337 004c 03       		.uleb128 0x3
 338 004d 33000000 		.4byte	.LASF5
 339 0051 02       		.byte	0x2
 340 0052 3F       		.byte	0x3f
 341 0053 57000000 		.4byte	0x57
 342 0057 02       		.uleb128 0x2
 343 0058 04       		.byte	0x4
 344 0059 05       		.byte	0x5
 345 005a 3D000000 		.4byte	.LASF6
 346 005e 02       		.uleb128 0x2
 347 005f 04       		.byte	0x4
 348 0060 07       		.byte	0x7
 349 0061 F1000000 		.4byte	.LASF7
 350 0065 02       		.uleb128 0x2
 351 0066 08       		.byte	0x8
 352 0067 05       		.byte	0x5
 353 0068 08020000 		.4byte	.LASF8
 354 006c 02       		.uleb128 0x2
 355 006d 08       		.byte	0x8
ARM GAS  C:\Users\Vanessa Aloia.Vanessa\AppData\Local\Temp\ccUMi48a.s 			page 10


 356 006e 07       		.byte	0x7
 357 006f 6E010000 		.4byte	.LASF9
 358 0073 04       		.uleb128 0x4
 359 0074 04       		.byte	0x4
 360 0075 05       		.byte	0x5
 361 0076 696E7400 		.ascii	"int\000"
 362 007a 02       		.uleb128 0x2
 363 007b 04       		.byte	0x4
 364 007c 07       		.byte	0x7
 365 007d 61010000 		.4byte	.LASF10
 366 0081 03       		.uleb128 0x3
 367 0082 85010000 		.4byte	.LASF11
 368 0086 03       		.byte	0x3
 369 0087 18       		.byte	0x18
 370 0088 2C000000 		.4byte	0x2c
 371 008c 03       		.uleb128 0x3
 372 008d F1010000 		.4byte	.LASF12
 373 0091 03       		.byte	0x3
 374 0092 2C       		.byte	0x2c
 375 0093 4C000000 		.4byte	0x4c
 376 0097 02       		.uleb128 0x2
 377 0098 04       		.byte	0x4
 378 0099 04       		.byte	0x4
 379 009a 4F000000 		.4byte	.LASF13
 380 009e 02       		.uleb128 0x2
 381 009f 08       		.byte	0x8
 382 00a0 04       		.byte	0x4
 383 00a1 23010000 		.4byte	.LASF14
 384 00a5 02       		.uleb128 0x2
 385 00a6 01       		.byte	0x1
 386 00a7 08       		.byte	0x8
 387 00a8 2E020000 		.4byte	.LASF15
 388 00ac 05       		.uleb128 0x5
 389 00ad 01       		.byte	0x1
 390 00ae 37000000 		.4byte	0x37
 391 00b2 08       		.byte	0x8
 392 00b3 15       		.byte	0x15
 393 00b4 C5000000 		.4byte	0xc5
 394 00b8 06       		.uleb128 0x6
 395 00b9 59020000 		.4byte	.LASF16
 396 00bd 00       		.byte	0
 397 00be 06       		.uleb128 0x6
 398 00bf 62020000 		.4byte	.LASF17
 399 00c3 01       		.byte	0x1
 400 00c4 00       		.byte	0
 401 00c5 02       		.uleb128 0x2
 402 00c6 08       		.byte	0x8
 403 00c7 04       		.byte	0x4
 404 00c8 68020000 		.4byte	.LASF18
 405 00cc 02       		.uleb128 0x2
 406 00cd 04       		.byte	0x4
 407 00ce 07       		.byte	0x7
 408 00cf F9010000 		.4byte	.LASF19
 409 00d3 07       		.uleb128 0x7
 410 00d4 5C010000 		.4byte	.LASF34
 411 00d8 01       		.byte	0x1
 412 00d9 23       		.byte	0x23
ARM GAS  C:\Users\Vanessa Aloia.Vanessa\AppData\Local\Temp\ccUMi48a.s 			page 11


 413 00da 73000000 		.4byte	0x73
 414 00de 00000000 		.4byte	.LFB64
 415 00e2 68010000 		.4byte	.LFE64-.LFB64
 416 00e6 01       		.uleb128 0x1
 417 00e7 9C       		.byte	0x9c
 418 00e8 38030000 		.4byte	0x338
 419 00ec 08       		.uleb128 0x8
 420 00ed 00000000 		.4byte	.LASF20
 421 00f1 01       		.byte	0x1
 422 00f2 2E       		.byte	0x2e
 423 00f3 38030000 		.4byte	0x338
 424 00f7 03       		.uleb128 0x3
 425 00f8 91       		.byte	0x91
 426 00f9 BC7F     		.sleb128 -68
 427 00fb 08       		.uleb128 0x8
 428 00fc 46000000 		.4byte	.LASF21
 429 0100 01       		.byte	0x1
 430 0101 41       		.byte	0x41
 431 0102 81000000 		.4byte	0x81
 432 0106 03       		.uleb128 0x3
 433 0107 91       		.byte	0x91
 434 0108 BB7F     		.sleb128 -69
 435 010a 09       		.uleb128 0x9
 436 010b 02020000 		.4byte	.LASF22
 437 010f 01       		.byte	0x1
 438 0110 42       		.byte	0x42
 439 0111 81000000 		.4byte	0x81
 440 0115 00000000 		.4byte	.LLST0
 441 0119 0A       		.uleb128 0xa
 442 011a 14000000 		.4byte	.LBB2
 443 011e 22000000 		.4byte	.LBE2-.LBB2
 444 0122 7D010000 		.4byte	0x17d
 445 0126 0B       		.uleb128 0xb
 446 0127 6900     		.ascii	"i\000"
 447 0129 01       		.byte	0x1
 448 012a 31       		.byte	0x31
 449 012b 73000000 		.4byte	0x73
 450 012f 60000000 		.4byte	.LLST1
 451 0133 0C       		.uleb128 0xc
 452 0134 1E000000 		.4byte	.LVL4
 453 0138 59030000 		.4byte	0x359
 454 013c 47010000 		.4byte	0x147
 455 0140 0D       		.uleb128 0xd
 456 0141 01       		.uleb128 0x1
 457 0142 50       		.byte	0x50
 458 0143 02       		.uleb128 0x2
 459 0144 74       		.byte	0x74
 460 0145 00       		.sleb128 0
 461 0146 00       		.byte	0
 462 0147 0C       		.uleb128 0xc
 463 0148 2A000000 		.4byte	.LVL5
 464 014c 64030000 		.4byte	0x364
 465 0150 6B010000 		.4byte	0x16b
 466 0154 0D       		.uleb128 0xd
 467 0155 01       		.uleb128 0x1
 468 0156 50       		.byte	0x50
 469 0157 03       		.uleb128 0x3
ARM GAS  C:\Users\Vanessa Aloia.Vanessa\AppData\Local\Temp\ccUMi48a.s 			page 12


 470 0158 91       		.byte	0x91
 471 0159 BC7F     		.sleb128 -68
 472 015b 0D       		.uleb128 0xd
 473 015c 01       		.uleb128 0x1
 474 015d 51       		.byte	0x51
 475 015e 05       		.uleb128 0x5
 476 015f 03       		.byte	0x3
 477 0160 00000000 		.4byte	.LC0
 478 0164 0D       		.uleb128 0xd
 479 0165 01       		.uleb128 0x1
 480 0166 52       		.byte	0x52
 481 0167 02       		.uleb128 0x2
 482 0168 74       		.byte	0x74
 483 0169 00       		.sleb128 0
 484 016a 00       		.byte	0
 485 016b 0E       		.uleb128 0xe
 486 016c 30000000 		.4byte	.LVL6
 487 0170 6F030000 		.4byte	0x36f
 488 0174 0D       		.uleb128 0xd
 489 0175 01       		.uleb128 0x1
 490 0176 50       		.byte	0x50
 491 0177 03       		.uleb128 0x3
 492 0178 91       		.byte	0x91
 493 0179 BC7F     		.sleb128 -68
 494 017b 00       		.byte	0
 495 017c 00       		.byte	0
 496 017d 0F       		.uleb128 0xf
 497 017e 0A000000 		.4byte	.LVL0
 498 0182 7A030000 		.4byte	0x37a
 499 0186 0F       		.uleb128 0xf
 500 0187 0E000000 		.4byte	.LVL1
 501 018b 85030000 		.4byte	0x385
 502 018f 0C       		.uleb128 0xc
 503 0190 14000000 		.4byte	.LVL2
 504 0194 90030000 		.4byte	0x390
 505 0198 A2010000 		.4byte	0x1a2
 506 019c 0D       		.uleb128 0xd
 507 019d 01       		.uleb128 0x1
 508 019e 50       		.byte	0x50
 509 019f 01       		.uleb128 0x1
 510 01a0 35       		.byte	0x35
 511 01a1 00       		.byte	0
 512 01a2 0C       		.uleb128 0xc
 513 01a3 42000000 		.4byte	.LVL8
 514 01a7 9B030000 		.4byte	0x39b
 515 01ab C2010000 		.4byte	0x1c2
 516 01af 0D       		.uleb128 0xd
 517 01b0 01       		.uleb128 0x1
 518 01b1 50       		.byte	0x50
 519 01b2 01       		.uleb128 0x1
 520 01b3 48       		.byte	0x48
 521 01b4 0D       		.uleb128 0xd
 522 01b5 01       		.uleb128 0x1
 523 01b6 51       		.byte	0x51
 524 01b7 02       		.uleb128 0x2
 525 01b8 08       		.byte	0x8
 526 01b9 20       		.byte	0x20
ARM GAS  C:\Users\Vanessa Aloia.Vanessa\AppData\Local\Temp\ccUMi48a.s 			page 13


 527 01ba 0D       		.uleb128 0xd
 528 01bb 01       		.uleb128 0x1
 529 01bc 52       		.byte	0x52
 530 01bd 03       		.uleb128 0x3
 531 01be 91       		.byte	0x91
 532 01bf BB7F     		.sleb128 -69
 533 01c1 00       		.byte	0
 534 01c2 0C       		.uleb128 0xc
 535 01c3 60000000 		.4byte	.LVL11
 536 01c7 6F030000 		.4byte	0x36f
 537 01cb D6010000 		.4byte	0x1d6
 538 01cf 0D       		.uleb128 0xd
 539 01d0 01       		.uleb128 0x1
 540 01d1 50       		.byte	0x50
 541 01d2 02       		.uleb128 0x2
 542 01d3 74       		.byte	0x74
 543 01d4 58       		.sleb128 -40
 544 01d5 00       		.byte	0
 545 01d6 0C       		.uleb128 0xc
 546 01d7 6E000000 		.4byte	.LVL14
 547 01db 64030000 		.4byte	0x364
 548 01df F4010000 		.4byte	0x1f4
 549 01e3 0D       		.uleb128 0xd
 550 01e4 01       		.uleb128 0x1
 551 01e5 50       		.byte	0x50
 552 01e6 03       		.uleb128 0x3
 553 01e7 91       		.byte	0x91
 554 01e8 BC7F     		.sleb128 -68
 555 01ea 0D       		.uleb128 0xd
 556 01eb 01       		.uleb128 0x1
 557 01ec 51       		.byte	0x51
 558 01ed 05       		.uleb128 0x5
 559 01ee 03       		.byte	0x3
 560 01ef 4C000000 		.4byte	.LC2
 561 01f3 00       		.byte	0
 562 01f4 0C       		.uleb128 0xc
 563 01f5 74000000 		.4byte	.LVL15
 564 01f9 6F030000 		.4byte	0x36f
 565 01fd 09020000 		.4byte	0x209
 566 0201 0D       		.uleb128 0xd
 567 0202 01       		.uleb128 0x1
 568 0203 50       		.byte	0x50
 569 0204 03       		.uleb128 0x3
 570 0205 91       		.byte	0x91
 571 0206 BC7F     		.sleb128 -68
 572 0208 00       		.byte	0
 573 0209 0C       		.uleb128 0xc
 574 020a 8A000000 		.4byte	.LVL16
 575 020e A6030000 		.4byte	0x3a6
 576 0212 28020000 		.4byte	0x228
 577 0216 0D       		.uleb128 0xd
 578 0217 01       		.uleb128 0x1
 579 0218 50       		.byte	0x50
 580 0219 01       		.uleb128 0x1
 581 021a 48       		.byte	0x48
 582 021b 0D       		.uleb128 0xd
 583 021c 01       		.uleb128 0x1
ARM GAS  C:\Users\Vanessa Aloia.Vanessa\AppData\Local\Temp\ccUMi48a.s 			page 14


 584 021d 51       		.byte	0x51
 585 021e 02       		.uleb128 0x2
 586 021f 08       		.byte	0x8
 587 0220 20       		.byte	0x20
 588 0221 0D       		.uleb128 0xd
 589 0222 01       		.uleb128 0x1
 590 0223 52       		.byte	0x52
 591 0224 02       		.uleb128 0x2
 592 0225 08       		.byte	0x8
 593 0226 57       		.byte	0x57
 594 0227 00       		.byte	0
 595 0228 0C       		.uleb128 0xc
 596 0229 A8000000 		.4byte	.LVL18
 597 022d 6F030000 		.4byte	0x36f
 598 0231 3C020000 		.4byte	0x23c
 599 0235 0D       		.uleb128 0xd
 600 0236 01       		.uleb128 0x1
 601 0237 50       		.byte	0x50
 602 0238 02       		.uleb128 0x2
 603 0239 74       		.byte	0x74
 604 023a 60       		.sleb128 -32
 605 023b 00       		.byte	0
 606 023c 0C       		.uleb128 0xc
 607 023d B6000000 		.4byte	.LVL21
 608 0241 64030000 		.4byte	0x364
 609 0245 5A020000 		.4byte	0x25a
 610 0249 0D       		.uleb128 0xd
 611 024a 01       		.uleb128 0x1
 612 024b 50       		.byte	0x50
 613 024c 03       		.uleb128 0x3
 614 024d 91       		.byte	0x91
 615 024e BC7F     		.sleb128 -68
 616 0250 0D       		.uleb128 0xd
 617 0251 01       		.uleb128 0x1
 618 0252 51       		.byte	0x51
 619 0253 05       		.uleb128 0x5
 620 0254 03       		.byte	0x3
 621 0255 9C000000 		.4byte	.LC4
 622 0259 00       		.byte	0
 623 025a 0C       		.uleb128 0xc
 624 025b BC000000 		.4byte	.LVL22
 625 025f 6F030000 		.4byte	0x36f
 626 0263 6F020000 		.4byte	0x26f
 627 0267 0D       		.uleb128 0xd
 628 0268 01       		.uleb128 0x1
 629 0269 50       		.byte	0x50
 630 026a 03       		.uleb128 0x3
 631 026b 91       		.byte	0x91
 632 026c BC7F     		.sleb128 -68
 633 026e 00       		.byte	0
 634 026f 0C       		.uleb128 0xc
 635 0270 C8000000 		.4byte	.LVL23
 636 0274 9B030000 		.4byte	0x39b
 637 0278 8F020000 		.4byte	0x28f
 638 027c 0D       		.uleb128 0xd
 639 027d 01       		.uleb128 0x1
 640 027e 50       		.byte	0x50
ARM GAS  C:\Users\Vanessa Aloia.Vanessa\AppData\Local\Temp\ccUMi48a.s 			page 15


 641 027f 01       		.uleb128 0x1
 642 0280 48       		.byte	0x48
 643 0281 0D       		.uleb128 0xd
 644 0282 01       		.uleb128 0x1
 645 0283 51       		.byte	0x51
 646 0284 02       		.uleb128 0x2
 647 0285 08       		.byte	0x8
 648 0286 23       		.byte	0x23
 649 0287 0D       		.uleb128 0xd
 650 0288 01       		.uleb128 0x1
 651 0289 52       		.byte	0x52
 652 028a 03       		.uleb128 0x3
 653 028b 91       		.byte	0x91
 654 028c BB7F     		.sleb128 -69
 655 028e 00       		.byte	0
 656 028f 0C       		.uleb128 0xc
 657 0290 E6000000 		.4byte	.LVL25
 658 0294 6F030000 		.4byte	0x36f
 659 0298 A3020000 		.4byte	0x2a3
 660 029c 0D       		.uleb128 0xd
 661 029d 01       		.uleb128 0x1
 662 029e 50       		.byte	0x50
 663 029f 02       		.uleb128 0x2
 664 02a0 74       		.byte	0x74
 665 02a1 58       		.sleb128 -40
 666 02a2 00       		.byte	0
 667 02a3 0C       		.uleb128 0xc
 668 02a4 F4000000 		.4byte	.LVL28
 669 02a8 64030000 		.4byte	0x364
 670 02ac C1020000 		.4byte	0x2c1
 671 02b0 0D       		.uleb128 0xd
 672 02b1 01       		.uleb128 0x1
 673 02b2 50       		.byte	0x50
 674 02b3 03       		.uleb128 0x3
 675 02b4 91       		.byte	0x91
 676 02b5 BC7F     		.sleb128 -68
 677 02b7 0D       		.uleb128 0xd
 678 02b8 01       		.uleb128 0x1
 679 02b9 51       		.byte	0x51
 680 02ba 05       		.uleb128 0x5
 681 02bb 03       		.byte	0x3
 682 02bc EC000000 		.4byte	.LC6
 683 02c0 00       		.byte	0
 684 02c1 0C       		.uleb128 0xc
 685 02c2 FA000000 		.4byte	.LVL29
 686 02c6 6F030000 		.4byte	0x36f
 687 02ca D6020000 		.4byte	0x2d6
 688 02ce 0D       		.uleb128 0xd
 689 02cf 01       		.uleb128 0x1
 690 02d0 50       		.byte	0x50
 691 02d1 03       		.uleb128 0x3
 692 02d2 91       		.byte	0x91
 693 02d3 BC7F     		.sleb128 -68
 694 02d5 00       		.byte	0
 695 02d6 0C       		.uleb128 0xc
 696 02d7 0E010000 		.4byte	.LVL30
 697 02db A6030000 		.4byte	0x3a6
ARM GAS  C:\Users\Vanessa Aloia.Vanessa\AppData\Local\Temp\ccUMi48a.s 			page 16


 698 02df F4020000 		.4byte	0x2f4
 699 02e3 0D       		.uleb128 0xd
 700 02e4 01       		.uleb128 0x1
 701 02e5 50       		.byte	0x50
 702 02e6 01       		.uleb128 0x1
 703 02e7 48       		.byte	0x48
 704 02e8 0D       		.uleb128 0xd
 705 02e9 01       		.uleb128 0x1
 706 02ea 51       		.byte	0x51
 707 02eb 02       		.uleb128 0x2
 708 02ec 08       		.byte	0x8
 709 02ed 23       		.byte	0x23
 710 02ee 0D       		.uleb128 0xd
 711 02ef 01       		.uleb128 0x1
 712 02f0 52       		.byte	0x52
 713 02f1 01       		.uleb128 0x1
 714 02f2 30       		.byte	0x30
 715 02f3 00       		.byte	0
 716 02f4 0C       		.uleb128 0xc
 717 02f5 2C010000 		.4byte	.LVL32
 718 02f9 6F030000 		.4byte	0x36f
 719 02fd 08030000 		.4byte	0x308
 720 0301 0D       		.uleb128 0xd
 721 0302 01       		.uleb128 0x1
 722 0303 50       		.byte	0x50
 723 0304 02       		.uleb128 0x2
 724 0305 74       		.byte	0x74
 725 0306 60       		.sleb128 -32
 726 0307 00       		.byte	0
 727 0308 0C       		.uleb128 0xc
 728 0309 3A010000 		.4byte	.LVL35
 729 030d 64030000 		.4byte	0x364
 730 0311 26030000 		.4byte	0x326
 731 0315 0D       		.uleb128 0xd
 732 0316 01       		.uleb128 0x1
 733 0317 50       		.byte	0x50
 734 0318 03       		.uleb128 0x3
 735 0319 91       		.byte	0x91
 736 031a BC7F     		.sleb128 -68
 737 031c 0D       		.uleb128 0xd
 738 031d 01       		.uleb128 0x1
 739 031e 51       		.byte	0x51
 740 031f 05       		.uleb128 0x5
 741 0320 03       		.byte	0x3
 742 0321 3C010000 		.4byte	.LC8
 743 0325 00       		.byte	0
 744 0326 0E       		.uleb128 0xe
 745 0327 40010000 		.4byte	.LVL36
 746 032b 6F030000 		.4byte	0x36f
 747 032f 0D       		.uleb128 0xd
 748 0330 01       		.uleb128 0x1
 749 0331 50       		.byte	0x50
 750 0332 03       		.uleb128 0x3
 751 0333 91       		.byte	0x91
 752 0334 BC7F     		.sleb128 -68
 753 0336 00       		.byte	0
 754 0337 00       		.byte	0
ARM GAS  C:\Users\Vanessa Aloia.Vanessa\AppData\Local\Temp\ccUMi48a.s 			page 17


 755 0338 10       		.uleb128 0x10
 756 0339 A5000000 		.4byte	0xa5
 757 033d 48030000 		.4byte	0x348
 758 0341 11       		.uleb128 0x11
 759 0342 CC000000 		.4byte	0xcc
 760 0346 31       		.byte	0x31
 761 0347 00       		.byte	0
 762 0348 12       		.uleb128 0x12
 763 0349 16010000 		.4byte	.LASF35
 764 034d 09       		.byte	0x9
 765 034e 1207     		.2byte	0x712
 766 0350 54030000 		.4byte	0x354
 767 0354 13       		.uleb128 0x13
 768 0355 8C000000 		.4byte	0x8c
 769 0359 14       		.uleb128 0x14
 770 035a 12000000 		.4byte	.LASF23
 771 035e 12000000 		.4byte	.LASF23
 772 0362 04       		.byte	0x4
 773 0363 5D       		.byte	0x5d
 774 0364 14       		.uleb128 0x14
 775 0365 80020000 		.4byte	.LASF24
 776 0369 80020000 		.4byte	.LASF24
 777 036d 05       		.byte	0x5
 778 036e E7       		.byte	0xe7
 779 036f 14       		.uleb128 0x14
 780 0370 2A010000 		.4byte	.LASF25
 781 0374 2A010000 		.4byte	.LASF25
 782 0378 06       		.byte	0x6
 783 0379 8B       		.byte	0x8b
 784 037a 14       		.uleb128 0x14
 785 037b 90020000 		.4byte	.LASF26
 786 037f 90020000 		.4byte	.LASF26
 787 0383 04       		.byte	0x4
 788 0384 17       		.byte	0x17
 789 0385 14       		.uleb128 0x14
 790 0386 16020000 		.4byte	.LASF27
 791 038a 16020000 		.4byte	.LASF27
 792 038e 06       		.byte	0x6
 793 038f 54       		.byte	0x54
 794 0390 14       		.uleb128 0x14
 795 0391 88020000 		.4byte	.LASF28
 796 0395 88020000 		.4byte	.LASF28
 797 0399 07       		.byte	0x7
 798 039a 76       		.byte	0x76
 799 039b 14       		.uleb128 0x14
 800 039c 33020000 		.4byte	.LASF29
 801 03a0 33020000 		.4byte	.LASF29
 802 03a4 04       		.byte	0x4
 803 03a5 28       		.byte	0x28
 804 03a6 14       		.uleb128 0x14
 805 03a7 3F010000 		.4byte	.LASF30
 806 03ab 3F010000 		.4byte	.LASF30
 807 03af 04       		.byte	0x4
 808 03b0 43       		.byte	0x43
 809 03b1 00       		.byte	0
 810              		.section	.debug_abbrev,"",%progbits
 811              	.Ldebug_abbrev0:
ARM GAS  C:\Users\Vanessa Aloia.Vanessa\AppData\Local\Temp\ccUMi48a.s 			page 18


 812 0000 01       		.uleb128 0x1
 813 0001 11       		.uleb128 0x11
 814 0002 01       		.byte	0x1
 815 0003 25       		.uleb128 0x25
 816 0004 0E       		.uleb128 0xe
 817 0005 13       		.uleb128 0x13
 818 0006 0B       		.uleb128 0xb
 819 0007 03       		.uleb128 0x3
 820 0008 0E       		.uleb128 0xe
 821 0009 1B       		.uleb128 0x1b
 822 000a 0E       		.uleb128 0xe
 823 000b 55       		.uleb128 0x55
 824 000c 17       		.uleb128 0x17
 825 000d 11       		.uleb128 0x11
 826 000e 01       		.uleb128 0x1
 827 000f 10       		.uleb128 0x10
 828 0010 17       		.uleb128 0x17
 829 0011 00       		.byte	0
 830 0012 00       		.byte	0
 831 0013 02       		.uleb128 0x2
 832 0014 24       		.uleb128 0x24
 833 0015 00       		.byte	0
 834 0016 0B       		.uleb128 0xb
 835 0017 0B       		.uleb128 0xb
 836 0018 3E       		.uleb128 0x3e
 837 0019 0B       		.uleb128 0xb
 838 001a 03       		.uleb128 0x3
 839 001b 0E       		.uleb128 0xe
 840 001c 00       		.byte	0
 841 001d 00       		.byte	0
 842 001e 03       		.uleb128 0x3
 843 001f 16       		.uleb128 0x16
 844 0020 00       		.byte	0
 845 0021 03       		.uleb128 0x3
 846 0022 0E       		.uleb128 0xe
 847 0023 3A       		.uleb128 0x3a
 848 0024 0B       		.uleb128 0xb
 849 0025 3B       		.uleb128 0x3b
 850 0026 0B       		.uleb128 0xb
 851 0027 49       		.uleb128 0x49
 852 0028 13       		.uleb128 0x13
 853 0029 00       		.byte	0
 854 002a 00       		.byte	0
 855 002b 04       		.uleb128 0x4
 856 002c 24       		.uleb128 0x24
 857 002d 00       		.byte	0
 858 002e 0B       		.uleb128 0xb
 859 002f 0B       		.uleb128 0xb
 860 0030 3E       		.uleb128 0x3e
 861 0031 0B       		.uleb128 0xb
 862 0032 03       		.uleb128 0x3
 863 0033 08       		.uleb128 0x8
 864 0034 00       		.byte	0
 865 0035 00       		.byte	0
 866 0036 05       		.uleb128 0x5
 867 0037 04       		.uleb128 0x4
 868 0038 01       		.byte	0x1
ARM GAS  C:\Users\Vanessa Aloia.Vanessa\AppData\Local\Temp\ccUMi48a.s 			page 19


 869 0039 0B       		.uleb128 0xb
 870 003a 0B       		.uleb128 0xb
 871 003b 49       		.uleb128 0x49
 872 003c 13       		.uleb128 0x13
 873 003d 3A       		.uleb128 0x3a
 874 003e 0B       		.uleb128 0xb
 875 003f 3B       		.uleb128 0x3b
 876 0040 0B       		.uleb128 0xb
 877 0041 01       		.uleb128 0x1
 878 0042 13       		.uleb128 0x13
 879 0043 00       		.byte	0
 880 0044 00       		.byte	0
 881 0045 06       		.uleb128 0x6
 882 0046 28       		.uleb128 0x28
 883 0047 00       		.byte	0
 884 0048 03       		.uleb128 0x3
 885 0049 0E       		.uleb128 0xe
 886 004a 1C       		.uleb128 0x1c
 887 004b 0B       		.uleb128 0xb
 888 004c 00       		.byte	0
 889 004d 00       		.byte	0
 890 004e 07       		.uleb128 0x7
 891 004f 2E       		.uleb128 0x2e
 892 0050 01       		.byte	0x1
 893 0051 3F       		.uleb128 0x3f
 894 0052 19       		.uleb128 0x19
 895 0053 03       		.uleb128 0x3
 896 0054 0E       		.uleb128 0xe
 897 0055 3A       		.uleb128 0x3a
 898 0056 0B       		.uleb128 0xb
 899 0057 3B       		.uleb128 0x3b
 900 0058 0B       		.uleb128 0xb
 901 0059 27       		.uleb128 0x27
 902 005a 19       		.uleb128 0x19
 903 005b 49       		.uleb128 0x49
 904 005c 13       		.uleb128 0x13
 905 005d 8701     		.uleb128 0x87
 906 005f 19       		.uleb128 0x19
 907 0060 11       		.uleb128 0x11
 908 0061 01       		.uleb128 0x1
 909 0062 12       		.uleb128 0x12
 910 0063 06       		.uleb128 0x6
 911 0064 40       		.uleb128 0x40
 912 0065 18       		.uleb128 0x18
 913 0066 9742     		.uleb128 0x2117
 914 0068 19       		.uleb128 0x19
 915 0069 01       		.uleb128 0x1
 916 006a 13       		.uleb128 0x13
 917 006b 00       		.byte	0
 918 006c 00       		.byte	0
 919 006d 08       		.uleb128 0x8
 920 006e 34       		.uleb128 0x34
 921 006f 00       		.byte	0
 922 0070 03       		.uleb128 0x3
 923 0071 0E       		.uleb128 0xe
 924 0072 3A       		.uleb128 0x3a
 925 0073 0B       		.uleb128 0xb
ARM GAS  C:\Users\Vanessa Aloia.Vanessa\AppData\Local\Temp\ccUMi48a.s 			page 20


 926 0074 3B       		.uleb128 0x3b
 927 0075 0B       		.uleb128 0xb
 928 0076 49       		.uleb128 0x49
 929 0077 13       		.uleb128 0x13
 930 0078 02       		.uleb128 0x2
 931 0079 18       		.uleb128 0x18
 932 007a 00       		.byte	0
 933 007b 00       		.byte	0
 934 007c 09       		.uleb128 0x9
 935 007d 34       		.uleb128 0x34
 936 007e 00       		.byte	0
 937 007f 03       		.uleb128 0x3
 938 0080 0E       		.uleb128 0xe
 939 0081 3A       		.uleb128 0x3a
 940 0082 0B       		.uleb128 0xb
 941 0083 3B       		.uleb128 0x3b
 942 0084 0B       		.uleb128 0xb
 943 0085 49       		.uleb128 0x49
 944 0086 13       		.uleb128 0x13
 945 0087 02       		.uleb128 0x2
 946 0088 17       		.uleb128 0x17
 947 0089 00       		.byte	0
 948 008a 00       		.byte	0
 949 008b 0A       		.uleb128 0xa
 950 008c 0B       		.uleb128 0xb
 951 008d 01       		.byte	0x1
 952 008e 11       		.uleb128 0x11
 953 008f 01       		.uleb128 0x1
 954 0090 12       		.uleb128 0x12
 955 0091 06       		.uleb128 0x6
 956 0092 01       		.uleb128 0x1
 957 0093 13       		.uleb128 0x13
 958 0094 00       		.byte	0
 959 0095 00       		.byte	0
 960 0096 0B       		.uleb128 0xb
 961 0097 34       		.uleb128 0x34
 962 0098 00       		.byte	0
 963 0099 03       		.uleb128 0x3
 964 009a 08       		.uleb128 0x8
 965 009b 3A       		.uleb128 0x3a
 966 009c 0B       		.uleb128 0xb
 967 009d 3B       		.uleb128 0x3b
 968 009e 0B       		.uleb128 0xb
 969 009f 49       		.uleb128 0x49
 970 00a0 13       		.uleb128 0x13
 971 00a1 02       		.uleb128 0x2
 972 00a2 17       		.uleb128 0x17
 973 00a3 00       		.byte	0
 974 00a4 00       		.byte	0
 975 00a5 0C       		.uleb128 0xc
 976 00a6 898201   		.uleb128 0x4109
 977 00a9 01       		.byte	0x1
 978 00aa 11       		.uleb128 0x11
 979 00ab 01       		.uleb128 0x1
 980 00ac 31       		.uleb128 0x31
 981 00ad 13       		.uleb128 0x13
 982 00ae 01       		.uleb128 0x1
ARM GAS  C:\Users\Vanessa Aloia.Vanessa\AppData\Local\Temp\ccUMi48a.s 			page 21


 983 00af 13       		.uleb128 0x13
 984 00b0 00       		.byte	0
 985 00b1 00       		.byte	0
 986 00b2 0D       		.uleb128 0xd
 987 00b3 8A8201   		.uleb128 0x410a
 988 00b6 00       		.byte	0
 989 00b7 02       		.uleb128 0x2
 990 00b8 18       		.uleb128 0x18
 991 00b9 9142     		.uleb128 0x2111
 992 00bb 18       		.uleb128 0x18
 993 00bc 00       		.byte	0
 994 00bd 00       		.byte	0
 995 00be 0E       		.uleb128 0xe
 996 00bf 898201   		.uleb128 0x4109
 997 00c2 01       		.byte	0x1
 998 00c3 11       		.uleb128 0x11
 999 00c4 01       		.uleb128 0x1
 1000 00c5 31       		.uleb128 0x31
 1001 00c6 13       		.uleb128 0x13
 1002 00c7 00       		.byte	0
 1003 00c8 00       		.byte	0
 1004 00c9 0F       		.uleb128 0xf
 1005 00ca 898201   		.uleb128 0x4109
 1006 00cd 00       		.byte	0
 1007 00ce 11       		.uleb128 0x11
 1008 00cf 01       		.uleb128 0x1
 1009 00d0 31       		.uleb128 0x31
 1010 00d1 13       		.uleb128 0x13
 1011 00d2 00       		.byte	0
 1012 00d3 00       		.byte	0
 1013 00d4 10       		.uleb128 0x10
 1014 00d5 01       		.uleb128 0x1
 1015 00d6 01       		.byte	0x1
 1016 00d7 49       		.uleb128 0x49
 1017 00d8 13       		.uleb128 0x13
 1018 00d9 01       		.uleb128 0x1
 1019 00da 13       		.uleb128 0x13
 1020 00db 00       		.byte	0
 1021 00dc 00       		.byte	0
 1022 00dd 11       		.uleb128 0x11
 1023 00de 21       		.uleb128 0x21
 1024 00df 00       		.byte	0
 1025 00e0 49       		.uleb128 0x49
 1026 00e1 13       		.uleb128 0x13
 1027 00e2 2F       		.uleb128 0x2f
 1028 00e3 0B       		.uleb128 0xb
 1029 00e4 00       		.byte	0
 1030 00e5 00       		.byte	0
 1031 00e6 12       		.uleb128 0x12
 1032 00e7 34       		.uleb128 0x34
 1033 00e8 00       		.byte	0
 1034 00e9 03       		.uleb128 0x3
 1035 00ea 0E       		.uleb128 0xe
 1036 00eb 3A       		.uleb128 0x3a
 1037 00ec 0B       		.uleb128 0xb
 1038 00ed 3B       		.uleb128 0x3b
 1039 00ee 05       		.uleb128 0x5
ARM GAS  C:\Users\Vanessa Aloia.Vanessa\AppData\Local\Temp\ccUMi48a.s 			page 22


 1040 00ef 49       		.uleb128 0x49
 1041 00f0 13       		.uleb128 0x13
 1042 00f1 3F       		.uleb128 0x3f
 1043 00f2 19       		.uleb128 0x19
 1044 00f3 3C       		.uleb128 0x3c
 1045 00f4 19       		.uleb128 0x19
 1046 00f5 00       		.byte	0
 1047 00f6 00       		.byte	0
 1048 00f7 13       		.uleb128 0x13
 1049 00f8 35       		.uleb128 0x35
 1050 00f9 00       		.byte	0
 1051 00fa 49       		.uleb128 0x49
 1052 00fb 13       		.uleb128 0x13
 1053 00fc 00       		.byte	0
 1054 00fd 00       		.byte	0
 1055 00fe 14       		.uleb128 0x14
 1056 00ff 2E       		.uleb128 0x2e
 1057 0100 00       		.byte	0
 1058 0101 3F       		.uleb128 0x3f
 1059 0102 19       		.uleb128 0x19
 1060 0103 3C       		.uleb128 0x3c
 1061 0104 19       		.uleb128 0x19
 1062 0105 6E       		.uleb128 0x6e
 1063 0106 0E       		.uleb128 0xe
 1064 0107 03       		.uleb128 0x3
 1065 0108 0E       		.uleb128 0xe
 1066 0109 3A       		.uleb128 0x3a
 1067 010a 0B       		.uleb128 0xb
 1068 010b 3B       		.uleb128 0x3b
 1069 010c 0B       		.uleb128 0xb
 1070 010d 00       		.byte	0
 1071 010e 00       		.byte	0
 1072 010f 00       		.byte	0
 1073              		.section	.debug_loc,"",%progbits
 1074              	.Ldebug_loc0:
 1075              	.LLST0:
 1076 0000 42000000 		.4byte	.LVL8
 1077 0004 4C000000 		.4byte	.LVL10
 1078 0008 0100     		.2byte	0x1
 1079 000a 50       		.byte	0x50
 1080 000b 62000000 		.4byte	.LVL12
 1081 000f 6A000000 		.4byte	.LVL13
 1082 0013 0100     		.2byte	0x1
 1083 0015 50       		.byte	0x50
 1084 0016 8A000000 		.4byte	.LVL16
 1085 001a 94000000 		.4byte	.LVL17
 1086 001e 0100     		.2byte	0x1
 1087 0020 50       		.byte	0x50
 1088 0021 AA000000 		.4byte	.LVL19
 1089 0025 B2000000 		.4byte	.LVL20
 1090 0029 0100     		.2byte	0x1
 1091 002b 50       		.byte	0x50
 1092 002c C8000000 		.4byte	.LVL23
 1093 0030 D2000000 		.4byte	.LVL24
 1094 0034 0100     		.2byte	0x1
 1095 0036 50       		.byte	0x50
 1096 0037 E8000000 		.4byte	.LVL26
ARM GAS  C:\Users\Vanessa Aloia.Vanessa\AppData\Local\Temp\ccUMi48a.s 			page 23


 1097 003b F0000000 		.4byte	.LVL27
 1098 003f 0100     		.2byte	0x1
 1099 0041 50       		.byte	0x50
 1100 0042 0E010000 		.4byte	.LVL30
 1101 0046 18010000 		.4byte	.LVL31
 1102 004a 0100     		.2byte	0x1
 1103 004c 50       		.byte	0x50
 1104 004d 2E010000 		.4byte	.LVL33
 1105 0051 36010000 		.4byte	.LVL34
 1106 0055 0100     		.2byte	0x1
 1107 0057 50       		.byte	0x50
 1108 0058 00000000 		.4byte	0
 1109 005c 00000000 		.4byte	0
 1110              	.LLST1:
 1111 0060 14000000 		.4byte	.LVL2
 1112 0064 18000000 		.4byte	.LVL3
 1113 0068 0200     		.2byte	0x2
 1114 006a 30       		.byte	0x30
 1115 006b 9F       		.byte	0x9f
 1116 006c 18000000 		.4byte	.LVL3
 1117 0070 48000000 		.4byte	.LVL9
 1118 0074 0100     		.2byte	0x1
 1119 0076 54       		.byte	0x54
 1120 0077 62000000 		.4byte	.LVL12
 1121 007b 74000000 		.4byte	.LVL15
 1122 007f 0100     		.2byte	0x1
 1123 0081 54       		.byte	0x54
 1124 0082 00000000 		.4byte	0
 1125 0086 00000000 		.4byte	0
 1126              		.section	.debug_aranges,"",%progbits
 1127 0000 1C000000 		.4byte	0x1c
 1128 0004 0200     		.2byte	0x2
 1129 0006 00000000 		.4byte	.Ldebug_info0
 1130 000a 04       		.byte	0x4
 1131 000b 00       		.byte	0
 1132 000c 0000     		.2byte	0
 1133 000e 0000     		.2byte	0
 1134 0010 00000000 		.4byte	.LFB64
 1135 0014 68010000 		.4byte	.LFE64-.LFB64
 1136 0018 00000000 		.4byte	0
 1137 001c 00000000 		.4byte	0
 1138              		.section	.debug_ranges,"",%progbits
 1139              	.Ldebug_ranges0:
 1140 0000 00000000 		.4byte	.LFB64
 1141 0004 68010000 		.4byte	.LFE64
 1142 0008 00000000 		.4byte	0
 1143 000c 00000000 		.4byte	0
 1144              		.section	.debug_line,"",%progbits
 1145              	.Ldebug_line0:
 1146 0000 39020000 		.section	.debug_str,"MS",%progbits,1
 1146      0200F001 
 1146      00000201 
 1146      FB0E0D00 
 1146      01010101 
 1147              	.LASF20:
 1148 0000 6D657373 		.ascii	"message\000"
 1148      61676500 
ARM GAS  C:\Users\Vanessa Aloia.Vanessa\AppData\Local\Temp\ccUMi48a.s 			page 24


 1149              	.LASF4:
 1150 0008 5F5F7569 		.ascii	"__uint8_t\000"
 1150      6E74385F 
 1150      7400
 1151              	.LASF23:
 1152 0012 4932435F 		.ascii	"I2C_Peripheral_IsDeviceConnected\000"
 1152      50657269 
 1152      70686572 
 1152      616C5F49 
 1152      73446576 
 1153              	.LASF5:
 1154 0033 5F5F696E 		.ascii	"__int32_t\000"
 1154      7433325F 
 1154      7400
 1155              	.LASF6:
 1156 003d 6C6F6E67 		.ascii	"long int\000"
 1156      20696E74 
 1156      00
 1157              	.LASF21:
 1158 0046 6374726C 		.ascii	"ctrl_reg\000"
 1158      5F726567 
 1158      00
 1159              	.LASF13:
 1160 004f 666C6F61 		.ascii	"float\000"
 1160      7400
 1161              	.LASF1:
 1162 0055 756E7369 		.ascii	"unsigned char\000"
 1162      676E6564 
 1162      20636861 
 1162      7200
 1163              	.LASF31:
 1164 0063 474E5520 		.ascii	"GNU C11 5.4.1 20160609 (release) [ARM/embedded-5-br"
 1164      43313120 
 1164      352E342E 
 1164      31203230 
 1164      31363036 
 1165 0096 616E6368 		.ascii	"anch revision 237715] -mcpu=cortex-m3 -mthumb -g -O"
 1165      20726576 
 1165      6973696F 
 1165      6E203233 
 1165      37373135 
 1166 00c9 67202D66 		.ascii	"g -ffunction-sections -ffat-lto-objects\000"
 1166      66756E63 
 1166      74696F6E 
 1166      2D736563 
 1166      74696F6E 
 1167              	.LASF7:
 1168 00f1 6C6F6E67 		.ascii	"long unsigned int\000"
 1168      20756E73 
 1168      69676E65 
 1168      6420696E 
 1168      7400
 1169              	.LASF3:
 1170 0103 73686F72 		.ascii	"short unsigned int\000"
 1170      7420756E 
 1170      7369676E 
 1170      65642069 
ARM GAS  C:\Users\Vanessa Aloia.Vanessa\AppData\Local\Temp\ccUMi48a.s 			page 25


 1170      6E7400
 1171              	.LASF35:
 1172 0116 49544D5F 		.ascii	"ITM_RxBuffer\000"
 1172      52784275 
 1172      66666572 
 1172      00
 1173              	.LASF14:
 1174 0123 646F7562 		.ascii	"double\000"
 1174      6C6500
 1175              	.LASF25:
 1176 012a 55415254 		.ascii	"UART_Debug_PutString\000"
 1176      5F446562 
 1176      75675F50 
 1176      75745374 
 1176      72696E67 
 1177              	.LASF30:
 1178 013f 4932435F 		.ascii	"I2C_Peripheral_WriteRegister\000"
 1178      50657269 
 1178      70686572 
 1178      616C5F57 
 1178      72697465 
 1179              	.LASF34:
 1180 015c 6D61696E 		.ascii	"main\000"
 1180      00
 1181              	.LASF10:
 1182 0161 756E7369 		.ascii	"unsigned int\000"
 1182      676E6564 
 1182      20696E74 
 1182      00
 1183              	.LASF9:
 1184 016e 6C6F6E67 		.ascii	"long long unsigned int\000"
 1184      206C6F6E 
 1184      6720756E 
 1184      7369676E 
 1184      65642069 
 1185              	.LASF11:
 1186 0185 75696E74 		.ascii	"uint8_t\000"
 1186      385F7400 
 1187              	.LASF33:
 1188 018d 433A5C55 		.ascii	"C:\\Users\\Vanessa Aloia.Vanessa\\Desktop\\AY1920_I"
 1188      73657273 
 1188      5C56616E 
 1188      65737361 
 1188      20416C6F 
 1189 01bc 495F4857 		.ascii	"I_HW_05_ALOIA_VANESSA\\AY1920_II_HW_05_PROJ_2.2.cyd"
 1189      5F30355F 
 1189      414C4F49 
 1189      415F5641 
 1189      4E455353 
 1190 01ee 736E00   		.ascii	"sn\000"
 1191              	.LASF12:
 1192 01f1 696E7433 		.ascii	"int32_t\000"
 1192      325F7400 
 1193              	.LASF19:
 1194 01f9 73697A65 		.ascii	"sizetype\000"
 1194      74797065 
 1194      00
ARM GAS  C:\Users\Vanessa Aloia.Vanessa\AppData\Local\Temp\ccUMi48a.s 			page 26


 1195              	.LASF22:
 1196 0202 6572726F 		.ascii	"error\000"
 1196      7200
 1197              	.LASF8:
 1198 0208 6C6F6E67 		.ascii	"long long int\000"
 1198      206C6F6E 
 1198      6720696E 
 1198      7400
 1199              	.LASF27:
 1200 0216 55415254 		.ascii	"UART_Debug_Start\000"
 1200      5F446562 
 1200      75675F53 
 1200      74617274 
 1200      00
 1201              	.LASF32:
 1202 0227 6D61696E 		.ascii	"main.c\000"
 1202      2E6300
 1203              	.LASF15:
 1204 022e 63686172 		.ascii	"char\000"
 1204      00
 1205              	.LASF29:
 1206 0233 4932435F 		.ascii	"I2C_Peripheral_ReadRegister\000"
 1206      50657269 
 1206      70686572 
 1206      616C5F52 
 1206      65616452 
 1207              	.LASF2:
 1208 024f 73686F72 		.ascii	"short int\000"
 1208      7420696E 
 1208      7400
 1209              	.LASF16:
 1210 0259 4E4F5F45 		.ascii	"NO_ERROR\000"
 1210      52524F52 
 1210      00
 1211              	.LASF17:
 1212 0262 4552524F 		.ascii	"ERROR\000"
 1212      5200
 1213              	.LASF18:
 1214 0268 6C6F6E67 		.ascii	"long double\000"
 1214      20646F75 
 1214      626C6500 
 1215              	.LASF0:
 1216 0274 7369676E 		.ascii	"signed char\000"
 1216      65642063 
 1216      68617200 
 1217              	.LASF24:
 1218 0280 73707269 		.ascii	"sprintf\000"
 1218      6E746600 
 1219              	.LASF28:
 1220 0288 43794465 		.ascii	"CyDelay\000"
 1220      6C617900 
 1221              	.LASF26:
 1222 0290 4932435F 		.ascii	"I2C_Peripheral_Start\000"
 1222      50657269 
 1222      70686572 
 1222      616C5F53 
 1222      74617274 
ARM GAS  C:\Users\Vanessa Aloia.Vanessa\AppData\Local\Temp\ccUMi48a.s 			page 27


 1223              		.ident	"GCC: (GNU Tools for ARM Embedded Processors) 5.4.1 20160609 (release) [ARM/embedded-5-bran
