ARM GAS  C:\Users\Vanessa Aloia.Vanessa\AppData\Local\Temp\cceghCnx.s 			page 1


   1              		.syntax unified
   2              		.cpu cortex-m3
   3              		.fpu softvfp
   4              		.eabi_attribute 20, 1
   5              		.eabi_attribute 21, 1
   6              		.eabi_attribute 23, 3
   7              		.eabi_attribute 24, 1
   8              		.eabi_attribute 25, 1
   9              		.eabi_attribute 26, 1
  10              		.eabi_attribute 30, 1
  11              		.eabi_attribute 34, 1
  12              		.eabi_attribute 18, 4
  13              		.thumb
  14              		.syntax unified
  15              		.file	"interrupt_routines.c"
  16              		.text
  17              	.Ltext0:
  18              		.cfi_sections	.debug_frame
  19              		.global	__aeabi_i2d
  20              		.global	__aeabi_dmul
  21              		.global	__aeabi_d2f
  22              		.global	__aeabi_fmul
  23              		.global	__aeabi_f2iz
  24              		.section	.text.SaveAccelerometerData,"ax",%progbits
  25              		.align	2
  26              		.global	SaveAccelerometerData
  27              		.thumb
  28              		.thumb_func
  29              		.type	SaveAccelerometerData, %function
  30              	SaveAccelerometerData:
  31              	.LFB64:
  32              		.file 1 "interrupt_routines.c"
   1:interrupt_routines.c **** 
   2:interrupt_routines.c **** #include "interrupt_routines.h"
   3:interrupt_routines.c **** 
   4:interrupt_routines.c **** /* 12 bits resolution: output goes from -2048 to 2047 */
   5:interrupt_routines.c **** #define MAX_ACC_OUT 2047
   6:interrupt_routines.c **** 
   7:interrupt_routines.c **** /* sensitivity of the conversione from digit to mg [mg/digit] */
   8:interrupt_routines.c **** #define SENSITIVITY 2
   9:interrupt_routines.c **** 
  10:interrupt_routines.c **** /* 1g= 9.81 m/s^2 */
  11:interrupt_routines.c **** #define g 9.81
  12:interrupt_routines.c **** 
  13:interrupt_routines.c ****     
  14:interrupt_routines.c **** /* array to save accelerometer's registers output */
  15:interrupt_routines.c **** uint8_t accelerometer_data[2*AXES];
  16:interrupt_routines.c **** 
  17:interrupt_routines.c **** /* function to scale the x,y,z output values and save them in the array to send through UART */
  18:interrupt_routines.c **** void SaveAccelerometerData (void);
  19:interrupt_routines.c **** 
  20:interrupt_routines.c **** /* ISR generated by the timer each 10 ms in which the accelerometer's output registers are read */
  21:interrupt_routines.c **** CY_ISR(Custom_ISR) {
  22:interrupt_routines.c **** 
  23:interrupt_routines.c ****     ErrorCode error;
  24:interrupt_routines.c ****     uint8_t status_reg_value;
  25:interrupt_routines.c ****     
ARM GAS  C:\Users\Vanessa Aloia.Vanessa\AppData\Local\Temp\cceghCnx.s 			page 2


  26:interrupt_routines.c ****     /* clear the status register of the timer */
  27:interrupt_routines.c ****     Timer_ReadStatusRegister();
  28:interrupt_routines.c ****     
  29:interrupt_routines.c ****     /*read the accelerometer's status register */
  30:interrupt_routines.c ****     error= I2C_Peripheral_ReadRegister(LIS3DH_DEVICE_ADDRESS, STATUS_REG, &status_reg_value);
  31:interrupt_routines.c ****     
  32:interrupt_routines.c ****     /* if no error occurs while reading */
  33:interrupt_routines.c ****     if (error == NO_ERROR)  {
  34:interrupt_routines.c ****         
  35:interrupt_routines.c ****         /* new data are available on at least one of the x,y,z registers */
  36:interrupt_routines.c ****         if (status_reg_value & STATUS_REG_NEW_DATA) {
  37:interrupt_routines.c ****             
  38:interrupt_routines.c ****             /* multi-read of the x,y,z 2 bytes outputs in the corresponding registers */
  39:interrupt_routines.c ****             error= I2C_Peripheral_ReadRegisterMulti(LIS3DH_DEVICE_ADDRESS, OUT_X_L, 2*AXES, acceler
  40:interrupt_routines.c ****             
  41:interrupt_routines.c ****             if (error == NO_ERROR){
  42:interrupt_routines.c ****                 
  43:interrupt_routines.c ****                 /* scale the values and save it in the array sent through UART */
  44:interrupt_routines.c ****                 SaveAccelerometerData();
  45:interrupt_routines.c ****                 
  46:interrupt_routines.c ****                 /* flag to inform that new data are available */
  47:interrupt_routines.c ****                 new_data=1;
  48:interrupt_routines.c ****             }
  49:interrupt_routines.c ****         }
  50:interrupt_routines.c ****                    
  51:interrupt_routines.c ****         /* no new data are available in any register*/
  52:interrupt_routines.c ****             else 
  53:interrupt_routines.c ****                 new_data=0;
  54:interrupt_routines.c ****         }
  55:interrupt_routines.c **** }
  56:interrupt_routines.c **** 
  57:interrupt_routines.c ****  void SaveAccelerometerData() {
  33              		.loc 1 57 0
  34              		.cfi_startproc
  35              		@ args = 0, pretend = 0, frame = 0
  36              		@ frame_needed = 0, uses_anonymous_args = 0
  37 0000 70B5     		push	{r4, r5, r6, lr}
  38              		.cfi_def_cfa_offset 16
  39              		.cfi_offset 4, -16
  40              		.cfi_offset 5, -12
  41              		.cfi_offset 6, -8
  42              		.cfi_offset 14, -4
  43              	.LVL0:
  58:interrupt_routines.c ****     
  59:interrupt_routines.c ****     uint8_t i;
  60:interrupt_routines.c ****     int16 read_value;
  61:interrupt_routines.c ****     float converted_value;
  62:interrupt_routines.c ****     int32 casted_value;
  63:interrupt_routines.c ****    
  64:interrupt_routines.c ****     /* for x, y, z */
  65:interrupt_routines.c ****     for (i=0; i< AXES; i++) {
  44              		.loc 1 65 0
  45 0002 0024     		movs	r4, #0
  46 0004 39E0     		b	.L2
  47              	.LVL1:
  48              	.L5:
  66:interrupt_routines.c ****     /* output registers are left adjusted: put in a 16 bit variable the two 
ARM GAS  C:\Users\Vanessa Aloia.Vanessa\AppData\Local\Temp\cceghCnx.s 			page 3


  67:interrupt_routines.c ****     registers related with the axis and then shift to the right of 4 bits (12 bits resolution) */
  68:interrupt_routines.c ****         
  69:interrupt_routines.c ****     read_value= (int16) ((accelerometer_data[2*i]| (accelerometer_data[2*i+ 1]<<8))) >>4;
  49              		.loc 1 69 0
  50 0006 2546     		mov	r5, r4
  51 0008 6200     		lsls	r2, r4, #1
  52 000a 2149     		ldr	r1, .L9+16
  53 000c 11F81430 		ldrb	r3, [r1, r4, lsl #1]	@ zero_extendqisi2
  54 0010 0132     		adds	r2, r2, #1
  55 0012 885C     		ldrb	r0, [r1, r2]	@ zero_extendqisi2
  56 0014 43EA0020 		orr	r0, r3, r0, lsl #8
  57 0018 40F30B10 		sbfx	r0, r0, #4, #12
  58              	.LVL2:
  70:interrupt_routines.c ****     
  71:interrupt_routines.c ****     /* since 12 bits resolution,constraints added: output from -2048 to 2047 */
  72:interrupt_routines.c ****     if (read_value > MAX_ACC_OUT)
  59              		.loc 1 72 0
  60 001c B0F5006F 		cmp	r0, #2048
  61 0020 01DB     		blt	.L3
  73:interrupt_routines.c ****     
  74:interrupt_routines.c ****         read_value = MAX_ACC_OUT;
  62              		.loc 1 74 0
  63 0022 40F2FF70 		movw	r0, #2047
  64              	.LVL3:
  65              	.L3:
  75:interrupt_routines.c ****     
  76:interrupt_routines.c ****     if (read_value < -MAX_ACC_OUT -1) 
  66              		.loc 1 76 0
  67 0026 10F5006F 		cmn	r0, #2048
  68 002a 00DA     		bge	.L4
  77:interrupt_routines.c ****     
  78:interrupt_routines.c ****         read_value= -MAX_ACC_OUT-1;
  69              		.loc 1 78 0
  70 002c 1948     		ldr	r0, .L9+20
  71              	.LVL4:
  72              	.L4:
  79:interrupt_routines.c ****     
  80:interrupt_routines.c ****     
  81:interrupt_routines.c ****     /*value converted in m/s^2, conversion in mg/digit using the sensitivity of 2 mg/digit 
  82:interrupt_routines.c ****     provided by the datasheet */
  83:interrupt_routines.c ****     converted_value = read_value* SENSITIVITY * 0.001 *g; 
  73              		.loc 1 83 0 discriminator 2
  74 002e 4000     		lsls	r0, r0, #1
  75              	.LVL5:
  76 0030 FFF7FEFF 		bl	__aeabi_i2d
  77              	.LVL6:
  78 0034 12A3     		adr	r3, .L9
  79 0036 D3E90023 		ldrd	r2, [r3]
  80 003a FFF7FEFF 		bl	__aeabi_dmul
  81              	.LVL7:
  82 003e 12A3     		adr	r3, .L9+8
  83 0040 D3E90023 		ldrd	r2, [r3]
  84 0044 FFF7FEFF 		bl	__aeabi_dmul
  85              	.LVL8:
  86 0048 FFF7FEFF 		bl	__aeabi_d2f
  87              	.LVL9:
  84:interrupt_routines.c ****     
ARM GAS  C:\Users\Vanessa Aloia.Vanessa\AppData\Local\Temp\cceghCnx.s 			page 4


  85:interrupt_routines.c ****     
  86:interrupt_routines.c ****     /* cast the float into a intger of 32 bits taking 4 decimals */
  87:interrupt_routines.c ****     casted_value= (int32) (converted_value * 10000);
  88              		.loc 1 87 0 discriminator 2
  89 004c 1249     		ldr	r1, .L9+24
  90 004e FFF7FEFF 		bl	__aeabi_fmul
  91              	.LVL10:
  92 0052 FFF7FEFF 		bl	__aeabi_f2iz
  93              	.LVL11:
  88:interrupt_routines.c ****     
  89:interrupt_routines.c ****     
  90:interrupt_routines.c ****     /* save the the 4 bytes in the array which will be sent though UART */
  91:interrupt_routines.c ****     packet_to_send[NUM_BYTES*i +1] = (uint8_t)(casted_value & 0xFF);
  94              		.loc 1 91 0 discriminator 2
  95 0056 AB00     		lsls	r3, r5, #2
  96 0058 591C     		adds	r1, r3, #1
  97 005a 104A     		ldr	r2, .L9+28
  98 005c 5054     		strb	r0, [r2, r1]
  92:interrupt_routines.c ****     
  93:interrupt_routines.c ****     packet_to_send [NUM_BYTES*i+2] = (uint8_t)(casted_value>>8 & 0xFF);
  99              		.loc 1 93 0 discriminator 2
 100 005e 991C     		adds	r1, r3, #2
 101 0060 C0F30726 		ubfx	r6, r0, #8, #8
 102 0064 5654     		strb	r6, [r2, r1]
  94:interrupt_routines.c ****     
  95:interrupt_routines.c ****     packet_to_send [NUM_BYTES*i+3] = (uint8_t)(casted_value >> 16 & 0xFF);
 103              		.loc 1 95 0 discriminator 2
 104 0066 0333     		adds	r3, r3, #3
 105 0068 C0F30741 		ubfx	r1, r0, #16, #8
 106 006c D154     		strb	r1, [r2, r3]
  96:interrupt_routines.c ****     
  97:interrupt_routines.c ****     packet_to_send [NUM_BYTES*i+4] = (uint8_t)(casted_value >> 24);
 107              		.loc 1 97 0 discriminator 2
 108 006e 0135     		adds	r5, r5, #1
 109 0070 000E     		lsrs	r0, r0, #24
 110              	.LVL12:
 111 0072 02F82500 		strb	r0, [r2, r5, lsl #2]
  65:interrupt_routines.c ****     /* output registers are left adjusted: put in a 16 bit variable the two 
 112              		.loc 1 65 0 discriminator 2
 113 0076 0134     		adds	r4, r4, #1
 114              	.LVL13:
 115 0078 E4B2     		uxtb	r4, r4
 116              	.LVL14:
 117              	.L2:
  65:interrupt_routines.c ****     /* output registers are left adjusted: put in a 16 bit variable the two 
 118              		.loc 1 65 0 is_stmt 0 discriminator 1
 119 007a 022C     		cmp	r4, #2
 120 007c C3D9     		bls	.L5
  98:interrupt_routines.c ****     }
  99:interrupt_routines.c ****  }
 121              		.loc 1 99 0 is_stmt 1
 122 007e 70BD     		pop	{r4, r5, r6, pc}
 123              	.LVL15:
 124              	.L10:
 125              		.align	3
 126              	.L9:
 127 0080 FCA9F1D2 		.word	-755914244
ARM GAS  C:\Users\Vanessa Aloia.Vanessa\AppData\Local\Temp\cceghCnx.s 			page 5


 128 0084 4D62503F 		.word	1062232653
 129 0088 1F85EB51 		.word	1374389535
 130 008c B89E2340 		.word	1076076216
 131 0090 00000000 		.word	accelerometer_data
 132 0094 00F8FFFF 		.word	-2048
 133 0098 00401C46 		.word	1176256512
 134 009c 00000000 		.word	packet_to_send
 135              		.cfi_endproc
 136              	.LFE64:
 137              		.size	SaveAccelerometerData, .-SaveAccelerometerData
 138              		.section	.text.Custom_ISR,"ax",%progbits
 139              		.align	2
 140              		.global	Custom_ISR
 141              		.thumb
 142              		.thumb_func
 143              		.type	Custom_ISR, %function
 144              	Custom_ISR:
 145              	.LFB63:
  21:interrupt_routines.c **** 
 146              		.loc 1 21 0
 147              		.cfi_startproc
 148              		@ args = 0, pretend = 0, frame = 8
 149              		@ frame_needed = 0, uses_anonymous_args = 0
 150 0000 00B5     		push	{lr}
 151              		.cfi_def_cfa_offset 4
 152              		.cfi_offset 14, -4
 153 0002 83B0     		sub	sp, sp, #12
 154              		.cfi_def_cfa_offset 16
  27:interrupt_routines.c ****     
 155              		.loc 1 27 0
 156 0004 FFF7FEFF 		bl	Timer_ReadStatusRegister
 157              	.LVL16:
  30:interrupt_routines.c ****     
 158              		.loc 1 30 0
 159 0008 0DF10702 		add	r2, sp, #7
 160 000c 2721     		movs	r1, #39
 161 000e 1820     		movs	r0, #24
 162 0010 FFF7FEFF 		bl	I2C_Peripheral_ReadRegister
 163              	.LVL17:
  33:interrupt_routines.c ****         
 164              		.loc 1 33 0
 165 0014 A0B9     		cbnz	r0, .L11
  36:interrupt_routines.c ****             
 166              		.loc 1 36 0
 167 0016 9DF80730 		ldrb	r3, [sp, #7]	@ zero_extendqisi2
 168 001a 13F0080F 		tst	r3, #8
 169 001e 0CD0     		beq	.L13
  39:interrupt_routines.c ****             
 170              		.loc 1 39 0
 171 0020 094B     		ldr	r3, .L15
 172 0022 0622     		movs	r2, #6
 173 0024 2821     		movs	r1, #40
 174 0026 1820     		movs	r0, #24
 175              	.LVL18:
 176 0028 FFF7FEFF 		bl	I2C_Peripheral_ReadRegisterMulti
 177              	.LVL19:
  41:interrupt_routines.c ****                 
ARM GAS  C:\Users\Vanessa Aloia.Vanessa\AppData\Local\Temp\cceghCnx.s 			page 6


 178              		.loc 1 41 0
 179 002c 40B9     		cbnz	r0, .L11
  44:interrupt_routines.c ****                 
 180              		.loc 1 44 0
 181 002e FFF7FEFF 		bl	SaveAccelerometerData
 182              	.LVL20:
  47:interrupt_routines.c ****             }
 183              		.loc 1 47 0
 184 0032 0122     		movs	r2, #1
 185 0034 054B     		ldr	r3, .L15+4
 186 0036 1A70     		strb	r2, [r3]
 187 0038 02E0     		b	.L11
 188              	.LVL21:
 189              	.L13:
  53:interrupt_routines.c ****         }
 190              		.loc 1 53 0
 191 003a 0022     		movs	r2, #0
 192 003c 034B     		ldr	r3, .L15+4
 193 003e 1A70     		strb	r2, [r3]
 194              	.LVL22:
 195              	.L11:
  55:interrupt_routines.c **** 
 196              		.loc 1 55 0
 197 0040 03B0     		add	sp, sp, #12
 198              		.cfi_def_cfa_offset 4
 199              		@ sp needed
 200 0042 5DF804FB 		ldr	pc, [sp], #4
 201              	.L16:
 202 0046 00BF     		.align	2
 203              	.L15:
 204 0048 00000000 		.word	accelerometer_data
 205 004c 00000000 		.word	new_data
 206              		.cfi_endproc
 207              	.LFE63:
 208              		.size	Custom_ISR, .-Custom_ISR
 209              		.comm	accelerometer_data,6,4
 210              		.comm	packet_to_send,14,4
 211              		.comm	new_data,1,1
 212              		.text
 213              	.Letext0:
 214              		.file 2 "c:\\program files (x86)\\cypress\\psoc creator\\4.3\\psoc creator\\import\\gnu\\arm\\5.4.
 215              		.file 3 "c:\\program files (x86)\\cypress\\psoc creator\\4.3\\psoc creator\\import\\gnu\\arm\\5.4.
 216              		.file 4 "Generated_Source\\PSoC5/cytypes.h"
 217              		.file 5 "ErrorCodes.h"
 218              		.file 6 "Generated_Source\\PSoC5/core_cm3.h"
 219              		.file 7 "interrupt_routines.h"
 220              		.file 8 "Generated_Source\\PSoC5/Timer.h"
 221              		.file 9 "I2C_Interface.h"
 222              		.section	.debug_info,"",%progbits
 223              	.Ldebug_info0:
 224 0000 58020000 		.4byte	0x258
 225 0004 0400     		.2byte	0x4
 226 0006 00000000 		.4byte	.Ldebug_abbrev0
 227 000a 04       		.byte	0x4
 228 000b 01       		.uleb128 0x1
 229 000c 99000000 		.4byte	.LASF37
 230 0010 0C       		.byte	0xc
ARM GAS  C:\Users\Vanessa Aloia.Vanessa\AppData\Local\Temp\cceghCnx.s 			page 7


 231 0011 27010000 		.4byte	.LASF38
 232 0015 2C020000 		.4byte	.LASF39
 233 0019 00000000 		.4byte	.Ldebug_ranges0+0
 234 001d 00000000 		.4byte	0
 235 0021 00000000 		.4byte	.Ldebug_line0
 236 0025 02       		.uleb128 0x2
 237 0026 01       		.byte	0x1
 238 0027 06       		.byte	0x6
 239 0028 DD020000 		.4byte	.LASF0
 240 002c 03       		.uleb128 0x3
 241 002d 1F000000 		.4byte	.LASF4
 242 0031 02       		.byte	0x2
 243 0032 1D       		.byte	0x1d
 244 0033 37000000 		.4byte	0x37
 245 0037 02       		.uleb128 0x2
 246 0038 01       		.byte	0x1
 247 0039 08       		.byte	0x8
 248 003a 8B000000 		.4byte	.LASF1
 249 003e 02       		.uleb128 0x2
 250 003f 02       		.byte	0x2
 251 0040 05       		.byte	0x5
 252 0041 BB010000 		.4byte	.LASF2
 253 0045 02       		.uleb128 0x2
 254 0046 02       		.byte	0x2
 255 0047 07       		.byte	0x7
 256 0048 4C000000 		.4byte	.LASF3
 257 004c 03       		.uleb128 0x3
 258 004d 29000000 		.4byte	.LASF5
 259 0051 02       		.byte	0x2
 260 0052 3F       		.byte	0x3f
 261 0053 57000000 		.4byte	0x57
 262 0057 02       		.uleb128 0x2
 263 0058 04       		.byte	0x4
 264 0059 05       		.byte	0x5
 265 005a 6D010000 		.4byte	.LASF6
 266 005e 02       		.uleb128 0x2
 267 005f 04       		.byte	0x4
 268 0060 07       		.byte	0x7
 269 0061 42010000 		.4byte	.LASF7
 270 0065 02       		.uleb128 0x2
 271 0066 08       		.byte	0x8
 272 0067 05       		.byte	0x5
 273 0068 1E020000 		.4byte	.LASF8
 274 006c 02       		.uleb128 0x2
 275 006d 08       		.byte	0x8
 276 006e 07       		.byte	0x7
 277 006f DD010000 		.4byte	.LASF9
 278 0073 04       		.uleb128 0x4
 279 0074 04       		.byte	0x4
 280 0075 05       		.byte	0x5
 281 0076 696E7400 		.ascii	"int\000"
 282 007a 02       		.uleb128 0x2
 283 007b 04       		.byte	0x4
 284 007c 07       		.byte	0x7
 285 007d D0010000 		.4byte	.LASF10
 286 0081 03       		.uleb128 0x3
 287 0082 F4010000 		.4byte	.LASF11
ARM GAS  C:\Users\Vanessa Aloia.Vanessa\AppData\Local\Temp\cceghCnx.s 			page 8


 288 0086 03       		.byte	0x3
 289 0087 18       		.byte	0x18
 290 0088 2C000000 		.4byte	0x2c
 291 008c 03       		.uleb128 0x3
 292 008d 07020000 		.4byte	.LASF12
 293 0091 03       		.byte	0x3
 294 0092 2C       		.byte	0x2c
 295 0093 4C000000 		.4byte	0x4c
 296 0097 05       		.uleb128 0x5
 297 0098 3C010000 		.4byte	.LASF13
 298 009c 04       		.byte	0x4
 299 009d E801     		.2byte	0x1e8
 300 009f 3E000000 		.4byte	0x3e
 301 00a3 05       		.uleb128 0x5
 302 00a4 54010000 		.4byte	.LASF14
 303 00a8 04       		.byte	0x4
 304 00a9 E901     		.2byte	0x1e9
 305 00ab 57000000 		.4byte	0x57
 306 00af 02       		.uleb128 0x2
 307 00b0 04       		.byte	0x4
 308 00b1 04       		.byte	0x4
 309 00b2 76000000 		.4byte	.LASF15
 310 00b6 02       		.uleb128 0x2
 311 00b7 08       		.byte	0x8
 312 00b8 04       		.byte	0x4
 313 00b9 93010000 		.4byte	.LASF16
 314 00bd 02       		.uleb128 0x2
 315 00be 01       		.byte	0x1
 316 00bf 08       		.byte	0x8
 317 00c0 CC020000 		.4byte	.LASF17
 318 00c4 02       		.uleb128 0x2
 319 00c5 08       		.byte	0x8
 320 00c6 04       		.byte	0x4
 321 00c7 D1020000 		.4byte	.LASF18
 322 00cb 02       		.uleb128 0x2
 323 00cc 04       		.byte	0x4
 324 00cd 07       		.byte	0x7
 325 00ce 0F020000 		.4byte	.LASF19
 326 00d2 06       		.uleb128 0x6
 327 00d3 81000000 		.4byte	0x81
 328 00d7 07       		.uleb128 0x7
 329 00d8 01       		.byte	0x1
 330 00d9 37000000 		.4byte	0x37
 331 00dd 05       		.byte	0x5
 332 00de 15       		.byte	0x15
 333 00df F0000000 		.4byte	0xf0
 334 00e3 08       		.uleb128 0x8
 335 00e4 BD020000 		.4byte	.LASF20
 336 00e8 00       		.byte	0
 337 00e9 08       		.uleb128 0x8
 338 00ea C6020000 		.4byte	.LASF21
 339 00ee 01       		.byte	0x1
 340 00ef 00       		.byte	0
 341 00f0 03       		.uleb128 0x3
 342 00f1 5F000000 		.4byte	.LASF22
 343 00f5 05       		.byte	0x5
 344 00f6 18       		.byte	0x18
ARM GAS  C:\Users\Vanessa Aloia.Vanessa\AppData\Local\Temp\cceghCnx.s 			page 9


 345 00f7 D7000000 		.4byte	0xd7
 346 00fb 09       		.uleb128 0x9
 347 00fc 09000000 		.4byte	.LASF26
 348 0100 01       		.byte	0x1
 349 0101 39       		.byte	0x39
 350 0102 00000000 		.4byte	.LFB64
 351 0106 A0000000 		.4byte	.LFE64-.LFB64
 352 010a 01       		.uleb128 0x1
 353 010b 9C       		.byte	0x9c
 354 010c 4B010000 		.4byte	0x14b
 355 0110 0A       		.uleb128 0xa
 356 0111 6900     		.ascii	"i\000"
 357 0113 01       		.byte	0x1
 358 0114 3B       		.byte	0x3b
 359 0115 81000000 		.4byte	0x81
 360 0119 00000000 		.4byte	.LLST0
 361 011d 0B       		.uleb128 0xb
 362 011e FC010000 		.4byte	.LASF23
 363 0122 01       		.byte	0x1
 364 0123 3C       		.byte	0x3c
 365 0124 97000000 		.4byte	0x97
 366 0128 2A000000 		.4byte	.LLST1
 367 012c 0B       		.uleb128 0xb
 368 012d 83010000 		.4byte	.LASF24
 369 0131 01       		.byte	0x1
 370 0132 3D       		.byte	0x3d
 371 0133 AF000000 		.4byte	0xaf
 372 0137 3D000000 		.4byte	.LLST2
 373 013b 0B       		.uleb128 0xb
 374 013c 69000000 		.4byte	.LASF25
 375 0140 01       		.byte	0x1
 376 0141 3E       		.byte	0x3e
 377 0142 A3000000 		.4byte	0xa3
 378 0146 50000000 		.4byte	.LLST3
 379 014a 00       		.byte	0
 380 014b 0C       		.uleb128 0xc
 381 014c C5010000 		.4byte	.LASF27
 382 0150 01       		.byte	0x1
 383 0151 15       		.byte	0x15
 384 0152 00000000 		.4byte	.LFB63
 385 0156 50000000 		.4byte	.LFE63-.LFB63
 386 015a 01       		.uleb128 0x1
 387 015b 9C       		.byte	0x9c
 388 015c D6010000 		.4byte	0x1d6
 389 0160 0B       		.uleb128 0xb
 390 0161 18020000 		.4byte	.LASF28
 391 0165 01       		.byte	0x1
 392 0166 17       		.byte	0x17
 393 0167 F0000000 		.4byte	0xf0
 394 016b 63000000 		.4byte	.LLST4
 395 016f 0D       		.uleb128 0xd
 396 0170 AC020000 		.4byte	.LASF29
 397 0174 01       		.byte	0x1
 398 0175 18       		.byte	0x18
 399 0176 81000000 		.4byte	0x81
 400 017a 02       		.uleb128 0x2
 401 017b 91       		.byte	0x91
ARM GAS  C:\Users\Vanessa Aloia.Vanessa\AppData\Local\Temp\cceghCnx.s 			page 10


 402 017c 77       		.sleb128 -9
 403 017d 0E       		.uleb128 0xe
 404 017e 08000000 		.4byte	.LVL16
 405 0182 3A020000 		.4byte	0x23a
 406 0186 0F       		.uleb128 0xf
 407 0187 14000000 		.4byte	.LVL17
 408 018b 45020000 		.4byte	0x245
 409 018f A5010000 		.4byte	0x1a5
 410 0193 10       		.uleb128 0x10
 411 0194 01       		.uleb128 0x1
 412 0195 50       		.byte	0x50
 413 0196 01       		.uleb128 0x1
 414 0197 48       		.byte	0x48
 415 0198 10       		.uleb128 0x10
 416 0199 01       		.uleb128 0x1
 417 019a 51       		.byte	0x51
 418 019b 02       		.uleb128 0x2
 419 019c 08       		.byte	0x8
 420 019d 27       		.byte	0x27
 421 019e 10       		.uleb128 0x10
 422 019f 01       		.uleb128 0x1
 423 01a0 52       		.byte	0x52
 424 01a1 02       		.uleb128 0x2
 425 01a2 91       		.byte	0x91
 426 01a3 77       		.sleb128 -9
 427 01a4 00       		.byte	0
 428 01a5 0F       		.uleb128 0xf
 429 01a6 2C000000 		.4byte	.LVL19
 430 01aa 50020000 		.4byte	0x250
 431 01ae CC010000 		.4byte	0x1cc
 432 01b2 10       		.uleb128 0x10
 433 01b3 01       		.uleb128 0x1
 434 01b4 50       		.byte	0x50
 435 01b5 01       		.uleb128 0x1
 436 01b6 48       		.byte	0x48
 437 01b7 10       		.uleb128 0x10
 438 01b8 01       		.uleb128 0x1
 439 01b9 51       		.byte	0x51
 440 01ba 02       		.uleb128 0x2
 441 01bb 08       		.byte	0x8
 442 01bc 28       		.byte	0x28
 443 01bd 10       		.uleb128 0x10
 444 01be 01       		.uleb128 0x1
 445 01bf 52       		.byte	0x52
 446 01c0 01       		.uleb128 0x1
 447 01c1 36       		.byte	0x36
 448 01c2 10       		.uleb128 0x10
 449 01c3 01       		.uleb128 0x1
 450 01c4 53       		.byte	0x53
 451 01c5 05       		.uleb128 0x5
 452 01c6 03       		.byte	0x3
 453 01c7 00000000 		.4byte	accelerometer_data
 454 01cb 00       		.byte	0
 455 01cc 0E       		.uleb128 0xe
 456 01cd 32000000 		.4byte	.LVL20
 457 01d1 FB000000 		.4byte	0xfb
 458 01d5 00       		.byte	0
ARM GAS  C:\Users\Vanessa Aloia.Vanessa\AppData\Local\Temp\cceghCnx.s 			page 11


 459 01d6 11       		.uleb128 0x11
 460 01d7 76010000 		.4byte	.LASF30
 461 01db 06       		.byte	0x6
 462 01dc 1207     		.2byte	0x712
 463 01de E2010000 		.4byte	0x1e2
 464 01e2 06       		.uleb128 0x6
 465 01e3 8C000000 		.4byte	0x8c
 466 01e7 12       		.uleb128 0x12
 467 01e8 00000000 		.4byte	.LASF31
 468 01ec 07       		.byte	0x7
 469 01ed 12       		.byte	0x12
 470 01ee D2000000 		.4byte	0xd2
 471 01f2 05       		.uleb128 0x5
 472 01f3 03       		.byte	0x3
 473 01f4 00000000 		.4byte	new_data
 474 01f8 13       		.uleb128 0x13
 475 01f9 81000000 		.4byte	0x81
 476 01fd 08020000 		.4byte	0x208
 477 0201 14       		.uleb128 0x14
 478 0202 CB000000 		.4byte	0xcb
 479 0206 0D       		.byte	0xd
 480 0207 00       		.byte	0
 481 0208 12       		.uleb128 0x12
 482 0209 7C000000 		.4byte	.LASF32
 483 020d 07       		.byte	0x7
 484 020e 15       		.byte	0x15
 485 020f F8010000 		.4byte	0x1f8
 486 0213 05       		.uleb128 0x5
 487 0214 03       		.byte	0x3
 488 0215 00000000 		.4byte	packet_to_send
 489 0219 13       		.uleb128 0x13
 490 021a 81000000 		.4byte	0x81
 491 021e 29020000 		.4byte	0x229
 492 0222 14       		.uleb128 0x14
 493 0223 CB000000 		.4byte	0xcb
 494 0227 05       		.byte	0x5
 495 0228 00       		.byte	0
 496 0229 12       		.uleb128 0x12
 497 022a 5A010000 		.4byte	.LASF33
 498 022e 01       		.byte	0x1
 499 022f 0F       		.byte	0xf
 500 0230 19020000 		.4byte	0x219
 501 0234 05       		.uleb128 0x5
 502 0235 03       		.byte	0x3
 503 0236 00000000 		.4byte	accelerometer_data
 504 023a 15       		.uleb128 0x15
 505 023b 33000000 		.4byte	.LASF34
 506 023f 33000000 		.4byte	.LASF34
 507 0243 08       		.byte	0x8
 508 0244 5E       		.byte	0x5e
 509 0245 15       		.uleb128 0x15
 510 0246 90020000 		.4byte	.LASF35
 511 024a 90020000 		.4byte	.LASF35
 512 024e 09       		.byte	0x9
 513 024f 28       		.byte	0x28
 514 0250 15       		.uleb128 0x15
 515 0251 9A010000 		.4byte	.LASF36
ARM GAS  C:\Users\Vanessa Aloia.Vanessa\AppData\Local\Temp\cceghCnx.s 			page 12


 516 0255 9A010000 		.4byte	.LASF36
 517 0259 09       		.byte	0x9
 518 025a 36       		.byte	0x36
 519 025b 00       		.byte	0
 520              		.section	.debug_abbrev,"",%progbits
 521              	.Ldebug_abbrev0:
 522 0000 01       		.uleb128 0x1
 523 0001 11       		.uleb128 0x11
 524 0002 01       		.byte	0x1
 525 0003 25       		.uleb128 0x25
 526 0004 0E       		.uleb128 0xe
 527 0005 13       		.uleb128 0x13
 528 0006 0B       		.uleb128 0xb
 529 0007 03       		.uleb128 0x3
 530 0008 0E       		.uleb128 0xe
 531 0009 1B       		.uleb128 0x1b
 532 000a 0E       		.uleb128 0xe
 533 000b 55       		.uleb128 0x55
 534 000c 17       		.uleb128 0x17
 535 000d 11       		.uleb128 0x11
 536 000e 01       		.uleb128 0x1
 537 000f 10       		.uleb128 0x10
 538 0010 17       		.uleb128 0x17
 539 0011 00       		.byte	0
 540 0012 00       		.byte	0
 541 0013 02       		.uleb128 0x2
 542 0014 24       		.uleb128 0x24
 543 0015 00       		.byte	0
 544 0016 0B       		.uleb128 0xb
 545 0017 0B       		.uleb128 0xb
 546 0018 3E       		.uleb128 0x3e
 547 0019 0B       		.uleb128 0xb
 548 001a 03       		.uleb128 0x3
 549 001b 0E       		.uleb128 0xe
 550 001c 00       		.byte	0
 551 001d 00       		.byte	0
 552 001e 03       		.uleb128 0x3
 553 001f 16       		.uleb128 0x16
 554 0020 00       		.byte	0
 555 0021 03       		.uleb128 0x3
 556 0022 0E       		.uleb128 0xe
 557 0023 3A       		.uleb128 0x3a
 558 0024 0B       		.uleb128 0xb
 559 0025 3B       		.uleb128 0x3b
 560 0026 0B       		.uleb128 0xb
 561 0027 49       		.uleb128 0x49
 562 0028 13       		.uleb128 0x13
 563 0029 00       		.byte	0
 564 002a 00       		.byte	0
 565 002b 04       		.uleb128 0x4
 566 002c 24       		.uleb128 0x24
 567 002d 00       		.byte	0
 568 002e 0B       		.uleb128 0xb
 569 002f 0B       		.uleb128 0xb
 570 0030 3E       		.uleb128 0x3e
 571 0031 0B       		.uleb128 0xb
 572 0032 03       		.uleb128 0x3
ARM GAS  C:\Users\Vanessa Aloia.Vanessa\AppData\Local\Temp\cceghCnx.s 			page 13


 573 0033 08       		.uleb128 0x8
 574 0034 00       		.byte	0
 575 0035 00       		.byte	0
 576 0036 05       		.uleb128 0x5
 577 0037 16       		.uleb128 0x16
 578 0038 00       		.byte	0
 579 0039 03       		.uleb128 0x3
 580 003a 0E       		.uleb128 0xe
 581 003b 3A       		.uleb128 0x3a
 582 003c 0B       		.uleb128 0xb
 583 003d 3B       		.uleb128 0x3b
 584 003e 05       		.uleb128 0x5
 585 003f 49       		.uleb128 0x49
 586 0040 13       		.uleb128 0x13
 587 0041 00       		.byte	0
 588 0042 00       		.byte	0
 589 0043 06       		.uleb128 0x6
 590 0044 35       		.uleb128 0x35
 591 0045 00       		.byte	0
 592 0046 49       		.uleb128 0x49
 593 0047 13       		.uleb128 0x13
 594 0048 00       		.byte	0
 595 0049 00       		.byte	0
 596 004a 07       		.uleb128 0x7
 597 004b 04       		.uleb128 0x4
 598 004c 01       		.byte	0x1
 599 004d 0B       		.uleb128 0xb
 600 004e 0B       		.uleb128 0xb
 601 004f 49       		.uleb128 0x49
 602 0050 13       		.uleb128 0x13
 603 0051 3A       		.uleb128 0x3a
 604 0052 0B       		.uleb128 0xb
 605 0053 3B       		.uleb128 0x3b
 606 0054 0B       		.uleb128 0xb
 607 0055 01       		.uleb128 0x1
 608 0056 13       		.uleb128 0x13
 609 0057 00       		.byte	0
 610 0058 00       		.byte	0
 611 0059 08       		.uleb128 0x8
 612 005a 28       		.uleb128 0x28
 613 005b 00       		.byte	0
 614 005c 03       		.uleb128 0x3
 615 005d 0E       		.uleb128 0xe
 616 005e 1C       		.uleb128 0x1c
 617 005f 0B       		.uleb128 0xb
 618 0060 00       		.byte	0
 619 0061 00       		.byte	0
 620 0062 09       		.uleb128 0x9
 621 0063 2E       		.uleb128 0x2e
 622 0064 01       		.byte	0x1
 623 0065 3F       		.uleb128 0x3f
 624 0066 19       		.uleb128 0x19
 625 0067 03       		.uleb128 0x3
 626 0068 0E       		.uleb128 0xe
 627 0069 3A       		.uleb128 0x3a
 628 006a 0B       		.uleb128 0xb
 629 006b 3B       		.uleb128 0x3b
ARM GAS  C:\Users\Vanessa Aloia.Vanessa\AppData\Local\Temp\cceghCnx.s 			page 14


 630 006c 0B       		.uleb128 0xb
 631 006d 27       		.uleb128 0x27
 632 006e 19       		.uleb128 0x19
 633 006f 11       		.uleb128 0x11
 634 0070 01       		.uleb128 0x1
 635 0071 12       		.uleb128 0x12
 636 0072 06       		.uleb128 0x6
 637 0073 40       		.uleb128 0x40
 638 0074 18       		.uleb128 0x18
 639 0075 9642     		.uleb128 0x2116
 640 0077 19       		.uleb128 0x19
 641 0078 01       		.uleb128 0x1
 642 0079 13       		.uleb128 0x13
 643 007a 00       		.byte	0
 644 007b 00       		.byte	0
 645 007c 0A       		.uleb128 0xa
 646 007d 34       		.uleb128 0x34
 647 007e 00       		.byte	0
 648 007f 03       		.uleb128 0x3
 649 0080 08       		.uleb128 0x8
 650 0081 3A       		.uleb128 0x3a
 651 0082 0B       		.uleb128 0xb
 652 0083 3B       		.uleb128 0x3b
 653 0084 0B       		.uleb128 0xb
 654 0085 49       		.uleb128 0x49
 655 0086 13       		.uleb128 0x13
 656 0087 02       		.uleb128 0x2
 657 0088 17       		.uleb128 0x17
 658 0089 00       		.byte	0
 659 008a 00       		.byte	0
 660 008b 0B       		.uleb128 0xb
 661 008c 34       		.uleb128 0x34
 662 008d 00       		.byte	0
 663 008e 03       		.uleb128 0x3
 664 008f 0E       		.uleb128 0xe
 665 0090 3A       		.uleb128 0x3a
 666 0091 0B       		.uleb128 0xb
 667 0092 3B       		.uleb128 0x3b
 668 0093 0B       		.uleb128 0xb
 669 0094 49       		.uleb128 0x49
 670 0095 13       		.uleb128 0x13
 671 0096 02       		.uleb128 0x2
 672 0097 17       		.uleb128 0x17
 673 0098 00       		.byte	0
 674 0099 00       		.byte	0
 675 009a 0C       		.uleb128 0xc
 676 009b 2E       		.uleb128 0x2e
 677 009c 01       		.byte	0x1
 678 009d 3F       		.uleb128 0x3f
 679 009e 19       		.uleb128 0x19
 680 009f 03       		.uleb128 0x3
 681 00a0 0E       		.uleb128 0xe
 682 00a1 3A       		.uleb128 0x3a
 683 00a2 0B       		.uleb128 0xb
 684 00a3 3B       		.uleb128 0x3b
 685 00a4 0B       		.uleb128 0xb
 686 00a5 27       		.uleb128 0x27
ARM GAS  C:\Users\Vanessa Aloia.Vanessa\AppData\Local\Temp\cceghCnx.s 			page 15


 687 00a6 19       		.uleb128 0x19
 688 00a7 11       		.uleb128 0x11
 689 00a8 01       		.uleb128 0x1
 690 00a9 12       		.uleb128 0x12
 691 00aa 06       		.uleb128 0x6
 692 00ab 40       		.uleb128 0x40
 693 00ac 18       		.uleb128 0x18
 694 00ad 9742     		.uleb128 0x2117
 695 00af 19       		.uleb128 0x19
 696 00b0 01       		.uleb128 0x1
 697 00b1 13       		.uleb128 0x13
 698 00b2 00       		.byte	0
 699 00b3 00       		.byte	0
 700 00b4 0D       		.uleb128 0xd
 701 00b5 34       		.uleb128 0x34
 702 00b6 00       		.byte	0
 703 00b7 03       		.uleb128 0x3
 704 00b8 0E       		.uleb128 0xe
 705 00b9 3A       		.uleb128 0x3a
 706 00ba 0B       		.uleb128 0xb
 707 00bb 3B       		.uleb128 0x3b
 708 00bc 0B       		.uleb128 0xb
 709 00bd 49       		.uleb128 0x49
 710 00be 13       		.uleb128 0x13
 711 00bf 02       		.uleb128 0x2
 712 00c0 18       		.uleb128 0x18
 713 00c1 00       		.byte	0
 714 00c2 00       		.byte	0
 715 00c3 0E       		.uleb128 0xe
 716 00c4 898201   		.uleb128 0x4109
 717 00c7 00       		.byte	0
 718 00c8 11       		.uleb128 0x11
 719 00c9 01       		.uleb128 0x1
 720 00ca 31       		.uleb128 0x31
 721 00cb 13       		.uleb128 0x13
 722 00cc 00       		.byte	0
 723 00cd 00       		.byte	0
 724 00ce 0F       		.uleb128 0xf
 725 00cf 898201   		.uleb128 0x4109
 726 00d2 01       		.byte	0x1
 727 00d3 11       		.uleb128 0x11
 728 00d4 01       		.uleb128 0x1
 729 00d5 31       		.uleb128 0x31
 730 00d6 13       		.uleb128 0x13
 731 00d7 01       		.uleb128 0x1
 732 00d8 13       		.uleb128 0x13
 733 00d9 00       		.byte	0
 734 00da 00       		.byte	0
 735 00db 10       		.uleb128 0x10
 736 00dc 8A8201   		.uleb128 0x410a
 737 00df 00       		.byte	0
 738 00e0 02       		.uleb128 0x2
 739 00e1 18       		.uleb128 0x18
 740 00e2 9142     		.uleb128 0x2111
 741 00e4 18       		.uleb128 0x18
 742 00e5 00       		.byte	0
 743 00e6 00       		.byte	0
ARM GAS  C:\Users\Vanessa Aloia.Vanessa\AppData\Local\Temp\cceghCnx.s 			page 16


 744 00e7 11       		.uleb128 0x11
 745 00e8 34       		.uleb128 0x34
 746 00e9 00       		.byte	0
 747 00ea 03       		.uleb128 0x3
 748 00eb 0E       		.uleb128 0xe
 749 00ec 3A       		.uleb128 0x3a
 750 00ed 0B       		.uleb128 0xb
 751 00ee 3B       		.uleb128 0x3b
 752 00ef 05       		.uleb128 0x5
 753 00f0 49       		.uleb128 0x49
 754 00f1 13       		.uleb128 0x13
 755 00f2 3F       		.uleb128 0x3f
 756 00f3 19       		.uleb128 0x19
 757 00f4 3C       		.uleb128 0x3c
 758 00f5 19       		.uleb128 0x19
 759 00f6 00       		.byte	0
 760 00f7 00       		.byte	0
 761 00f8 12       		.uleb128 0x12
 762 00f9 34       		.uleb128 0x34
 763 00fa 00       		.byte	0
 764 00fb 03       		.uleb128 0x3
 765 00fc 0E       		.uleb128 0xe
 766 00fd 3A       		.uleb128 0x3a
 767 00fe 0B       		.uleb128 0xb
 768 00ff 3B       		.uleb128 0x3b
 769 0100 0B       		.uleb128 0xb
 770 0101 49       		.uleb128 0x49
 771 0102 13       		.uleb128 0x13
 772 0103 3F       		.uleb128 0x3f
 773 0104 19       		.uleb128 0x19
 774 0105 02       		.uleb128 0x2
 775 0106 18       		.uleb128 0x18
 776 0107 00       		.byte	0
 777 0108 00       		.byte	0
 778 0109 13       		.uleb128 0x13
 779 010a 01       		.uleb128 0x1
 780 010b 01       		.byte	0x1
 781 010c 49       		.uleb128 0x49
 782 010d 13       		.uleb128 0x13
 783 010e 01       		.uleb128 0x1
 784 010f 13       		.uleb128 0x13
 785 0110 00       		.byte	0
 786 0111 00       		.byte	0
 787 0112 14       		.uleb128 0x14
 788 0113 21       		.uleb128 0x21
 789 0114 00       		.byte	0
 790 0115 49       		.uleb128 0x49
 791 0116 13       		.uleb128 0x13
 792 0117 2F       		.uleb128 0x2f
 793 0118 0B       		.uleb128 0xb
 794 0119 00       		.byte	0
 795 011a 00       		.byte	0
 796 011b 15       		.uleb128 0x15
 797 011c 2E       		.uleb128 0x2e
 798 011d 00       		.byte	0
 799 011e 3F       		.uleb128 0x3f
 800 011f 19       		.uleb128 0x19
ARM GAS  C:\Users\Vanessa Aloia.Vanessa\AppData\Local\Temp\cceghCnx.s 			page 17


 801 0120 3C       		.uleb128 0x3c
 802 0121 19       		.uleb128 0x19
 803 0122 6E       		.uleb128 0x6e
 804 0123 0E       		.uleb128 0xe
 805 0124 03       		.uleb128 0x3
 806 0125 0E       		.uleb128 0xe
 807 0126 3A       		.uleb128 0x3a
 808 0127 0B       		.uleb128 0xb
 809 0128 3B       		.uleb128 0x3b
 810 0129 0B       		.uleb128 0xb
 811 012a 00       		.byte	0
 812 012b 00       		.byte	0
 813 012c 00       		.byte	0
 814              		.section	.debug_loc,"",%progbits
 815              	.Ldebug_loc0:
 816              	.LLST0:
 817 0000 02000000 		.4byte	.LVL0
 818 0004 06000000 		.4byte	.LVL1
 819 0008 0200     		.2byte	0x2
 820 000a 30       		.byte	0x30
 821 000b 9F       		.byte	0x9f
 822 000c 06000000 		.4byte	.LVL1
 823 0010 78000000 		.4byte	.LVL13
 824 0014 0100     		.2byte	0x1
 825 0016 54       		.byte	0x54
 826 0017 7A000000 		.4byte	.LVL14
 827 001b 80000000 		.4byte	.LVL15
 828 001f 0100     		.2byte	0x1
 829 0021 54       		.byte	0x54
 830 0022 00000000 		.4byte	0
 831 0026 00000000 		.4byte	0
 832              	.LLST1:
 833 002a 1C000000 		.4byte	.LVL2
 834 002e 30000000 		.4byte	.LVL5
 835 0032 0100     		.2byte	0x1
 836 0034 50       		.byte	0x50
 837 0035 00000000 		.4byte	0
 838 0039 00000000 		.4byte	0
 839              	.LLST2:
 840 003d 4C000000 		.4byte	.LVL9
 841 0041 51000000 		.4byte	.LVL10-1
 842 0045 0100     		.2byte	0x1
 843 0047 50       		.byte	0x50
 844 0048 00000000 		.4byte	0
 845 004c 00000000 		.4byte	0
 846              	.LLST3:
 847 0050 56000000 		.4byte	.LVL11
 848 0054 72000000 		.4byte	.LVL12
 849 0058 0100     		.2byte	0x1
 850 005a 50       		.byte	0x50
 851 005b 00000000 		.4byte	0
 852 005f 00000000 		.4byte	0
 853              	.LLST4:
 854 0063 14000000 		.4byte	.LVL17
 855 0067 28000000 		.4byte	.LVL18
 856 006b 0100     		.2byte	0x1
 857 006d 50       		.byte	0x50
ARM GAS  C:\Users\Vanessa Aloia.Vanessa\AppData\Local\Temp\cceghCnx.s 			page 18


 858 006e 2C000000 		.4byte	.LVL19
 859 0072 31000000 		.4byte	.LVL20-1
 860 0076 0100     		.2byte	0x1
 861 0078 50       		.byte	0x50
 862 0079 3A000000 		.4byte	.LVL21
 863 007d 40000000 		.4byte	.LVL22
 864 0081 0100     		.2byte	0x1
 865 0083 50       		.byte	0x50
 866 0084 00000000 		.4byte	0
 867 0088 00000000 		.4byte	0
 868              		.section	.debug_aranges,"",%progbits
 869 0000 24000000 		.4byte	0x24
 870 0004 0200     		.2byte	0x2
 871 0006 00000000 		.4byte	.Ldebug_info0
 872 000a 04       		.byte	0x4
 873 000b 00       		.byte	0
 874 000c 0000     		.2byte	0
 875 000e 0000     		.2byte	0
 876 0010 00000000 		.4byte	.LFB64
 877 0014 A0000000 		.4byte	.LFE64-.LFB64
 878 0018 00000000 		.4byte	.LFB63
 879 001c 50000000 		.4byte	.LFE63-.LFB63
 880 0020 00000000 		.4byte	0
 881 0024 00000000 		.4byte	0
 882              		.section	.debug_ranges,"",%progbits
 883              	.Ldebug_ranges0:
 884 0000 00000000 		.4byte	.LFB64
 885 0004 A0000000 		.4byte	.LFE64
 886 0008 00000000 		.4byte	.LFB63
 887 000c 50000000 		.4byte	.LFE63
 888 0010 00000000 		.4byte	0
 889 0014 00000000 		.4byte	0
 890              		.section	.debug_line,"",%progbits
 891              	.Ldebug_line0:
 892 0000 02020000 		.section	.debug_str,"MS",%progbits,1
 892      0200A001 
 892      00000201 
 892      FB0E0D00 
 892      01010101 
 893              	.LASF31:
 894 0000 6E65775F 		.ascii	"new_data\000"
 894      64617461 
 894      00
 895              	.LASF26:
 896 0009 53617665 		.ascii	"SaveAccelerometerData\000"
 896      41636365 
 896      6C65726F 
 896      6D657465 
 896      72446174 
 897              	.LASF4:
 898 001f 5F5F7569 		.ascii	"__uint8_t\000"
 898      6E74385F 
 898      7400
 899              	.LASF5:
 900 0029 5F5F696E 		.ascii	"__int32_t\000"
 900      7433325F 
 900      7400
ARM GAS  C:\Users\Vanessa Aloia.Vanessa\AppData\Local\Temp\cceghCnx.s 			page 19


 901              	.LASF34:
 902 0033 54696D65 		.ascii	"Timer_ReadStatusRegister\000"
 902      725F5265 
 902      61645374 
 902      61747573 
 902      52656769 
 903              	.LASF3:
 904 004c 73686F72 		.ascii	"short unsigned int\000"
 904      7420756E 
 904      7369676E 
 904      65642069 
 904      6E7400
 905              	.LASF22:
 906 005f 4572726F 		.ascii	"ErrorCode\000"
 906      72436F64 
 906      6500
 907              	.LASF25:
 908 0069 63617374 		.ascii	"casted_value\000"
 908      65645F76 
 908      616C7565 
 908      00
 909              	.LASF15:
 910 0076 666C6F61 		.ascii	"float\000"
 910      7400
 911              	.LASF32:
 912 007c 7061636B 		.ascii	"packet_to_send\000"
 912      65745F74 
 912      6F5F7365 
 912      6E6400
 913              	.LASF1:
 914 008b 756E7369 		.ascii	"unsigned char\000"
 914      676E6564 
 914      20636861 
 914      7200
 915              	.LASF37:
 916 0099 474E5520 		.ascii	"GNU C11 5.4.1 20160609 (release) [ARM/embedded-5-br"
 916      43313120 
 916      352E342E 
 916      31203230 
 916      31363036 
 917 00cc 616E6368 		.ascii	"anch revision 237715] -mcpu=cortex-m3 -mthumb -g -O"
 917      20726576 
 917      6973696F 
 917      6E203233 
 917      37373135 
 918 00ff 67202D66 		.ascii	"g -ffunction-sections -ffat-lto-objects\000"
 918      66756E63 
 918      74696F6E 
 918      2D736563 
 918      74696F6E 
 919              	.LASF38:
 920 0127 696E7465 		.ascii	"interrupt_routines.c\000"
 920      72727570 
 920      745F726F 
 920      7574696E 
 920      65732E63 
 921              	.LASF13:
ARM GAS  C:\Users\Vanessa Aloia.Vanessa\AppData\Local\Temp\cceghCnx.s 			page 20


 922 013c 696E7431 		.ascii	"int16\000"
 922      3600
 923              	.LASF7:
 924 0142 6C6F6E67 		.ascii	"long unsigned int\000"
 924      20756E73 
 924      69676E65 
 924      6420696E 
 924      7400
 925              	.LASF14:
 926 0154 696E7433 		.ascii	"int32\000"
 926      3200
 927              	.LASF33:
 928 015a 61636365 		.ascii	"accelerometer_data\000"
 928      6C65726F 
 928      6D657465 
 928      725F6461 
 928      746100
 929              	.LASF6:
 930 016d 6C6F6E67 		.ascii	"long int\000"
 930      20696E74 
 930      00
 931              	.LASF30:
 932 0176 49544D5F 		.ascii	"ITM_RxBuffer\000"
 932      52784275 
 932      66666572 
 932      00
 933              	.LASF24:
 934 0183 636F6E76 		.ascii	"converted_value\000"
 934      65727465 
 934      645F7661 
 934      6C756500 
 935              	.LASF16:
 936 0193 646F7562 		.ascii	"double\000"
 936      6C6500
 937              	.LASF36:
 938 019a 4932435F 		.ascii	"I2C_Peripheral_ReadRegisterMulti\000"
 938      50657269 
 938      70686572 
 938      616C5F52 
 938      65616452 
 939              	.LASF2:
 940 01bb 73686F72 		.ascii	"short int\000"
 940      7420696E 
 940      7400
 941              	.LASF27:
 942 01c5 43757374 		.ascii	"Custom_ISR\000"
 942      6F6D5F49 
 942      535200
 943              	.LASF10:
 944 01d0 756E7369 		.ascii	"unsigned int\000"
 944      676E6564 
 944      20696E74 
 944      00
 945              	.LASF9:
 946 01dd 6C6F6E67 		.ascii	"long long unsigned int\000"
 946      206C6F6E 
 946      6720756E 
ARM GAS  C:\Users\Vanessa Aloia.Vanessa\AppData\Local\Temp\cceghCnx.s 			page 21


 946      7369676E 
 946      65642069 
 947              	.LASF11:
 948 01f4 75696E74 		.ascii	"uint8_t\000"
 948      385F7400 
 949              	.LASF23:
 950 01fc 72656164 		.ascii	"read_value\000"
 950      5F76616C 
 950      756500
 951              	.LASF12:
 952 0207 696E7433 		.ascii	"int32_t\000"
 952      325F7400 
 953              	.LASF19:
 954 020f 73697A65 		.ascii	"sizetype\000"
 954      74797065 
 954      00
 955              	.LASF28:
 956 0218 6572726F 		.ascii	"error\000"
 956      7200
 957              	.LASF8:
 958 021e 6C6F6E67 		.ascii	"long long int\000"
 958      206C6F6E 
 958      6720696E 
 958      7400
 959              	.LASF39:
 960 022c 433A5C55 		.ascii	"C:\\Users\\Vanessa Aloia.Vanessa\\Desktop\\AY1920_I"
 960      73657273 
 960      5C56616E 
 960      65737361 
 960      20416C6F 
 961 025b 495F4857 		.ascii	"I_HW_05_ALOIA_VANESSA\\AY1920_II_HW_05_PROJ_2.3.cyd"
 961      5F30355F 
 961      414C4F49 
 961      415F5641 
 961      4E455353 
 962 028d 736E00   		.ascii	"sn\000"
 963              	.LASF35:
 964 0290 4932435F 		.ascii	"I2C_Peripheral_ReadRegister\000"
 964      50657269 
 964      70686572 
 964      616C5F52 
 964      65616452 
 965              	.LASF29:
 966 02ac 73746174 		.ascii	"status_reg_value\000"
 966      75735F72 
 966      65675F76 
 966      616C7565 
 966      00
 967              	.LASF20:
 968 02bd 4E4F5F45 		.ascii	"NO_ERROR\000"
 968      52524F52 
 968      00
 969              	.LASF21:
 970 02c6 4552524F 		.ascii	"ERROR\000"
 970      5200
 971              	.LASF17:
 972 02cc 63686172 		.ascii	"char\000"
ARM GAS  C:\Users\Vanessa Aloia.Vanessa\AppData\Local\Temp\cceghCnx.s 			page 22


 972      00
 973              	.LASF18:
 974 02d1 6C6F6E67 		.ascii	"long double\000"
 974      20646F75 
 974      626C6500 
 975              	.LASF0:
 976 02dd 7369676E 		.ascii	"signed char\000"
 976      65642063 
 976      68617200 
 977              		.ident	"GCC: (GNU Tools for ARM Embedded Processors) 5.4.1 20160609 (release) [ARM/embedded-5-bran
