ARM GAS  C:\Users\Vanessa Aloia.Vanessa\AppData\Local\Temp\ccR82jD4.s 			page 1


   1              		.syntax unified
   2              		.cpu cortex-m3
   3              		.fpu softvfp
   4              		.eabi_attribute 20, 1
   5              		.eabi_attribute 21, 1
   6              		.eabi_attribute 23, 3
   7              		.eabi_attribute 24, 1
   8              		.eabi_attribute 25, 1
   9              		.eabi_attribute 26, 1
  10              		.eabi_attribute 30, 1
  11              		.eabi_attribute 34, 1
  12              		.eabi_attribute 18, 4
  13              		.thumb
  14              		.syntax unified
  15              		.file	"main.c"
  16              		.text
  17              	.Ltext0:
  18              		.cfi_sections	.debug_frame
  19              		.section	.text.main,"ax",%progbits
  20              		.align	2
  21              		.global	main
  22              		.thumb
  23              		.thumb_func
  24              		.type	main, %function
  25              	main:
  26              	.LFB64:
  27              		.file 1 "main.c"
   1:main.c        **** /**
   2:main.c        **** * Project 2.3
   3:main.c        **** * In this project the registers of the acceleremeter are set to provide a 3 axis signal
   4:main.c        **** * in hish resolution mode with a sampling frequency of 100 Hz and a full scale range from -4g to +4
   5:main.c        **** * Every 10 ms the accelerometer's status register is read to verify if new data are available.
   6:main.c        **** * If so, the accelerometer's output registers are read and data are sent through UART communication
   7:main.c        **** * with a baud rate of 19200 bps.
   8:main.c        **** *
   9:main.c        **** * Author: Vanessa Aloia
  10:main.c        **** * Date: 27/04/2020
  11:main.c        **** */
  12:main.c        **** 
  13:main.c        **** 
  14:main.c        **** 
  15:main.c        **** 
  16:main.c        **** // Include required header files
  17:main.c        **** #include "I2C_Interface.h"
  18:main.c        **** #include "project.h"
  19:main.c        **** #include "stdio.h"
  20:main.c        **** #include "RegistersDefinition.h"
  21:main.c        **** #include "interrupt_routines.h"
  22:main.c        **** 
  23:main.c        **** 
  24:main.c        **** 
  25:main.c        **** 
  26:main.c        **** 
  27:main.c        **** int main(void)
  28:main.c        **** {
  28              		.loc 1 28 0
  29              		.cfi_startproc
ARM GAS  C:\Users\Vanessa Aloia.Vanessa\AppData\Local\Temp\ccR82jD4.s 			page 2


  30              		@ args = 0, pretend = 0, frame = 56
  31              		@ frame_needed = 0, uses_anonymous_args = 0
  32 0000 30B5     		push	{r4, r5, lr}
  33              		.cfi_def_cfa_offset 12
  34              		.cfi_offset 4, -12
  35              		.cfi_offset 5, -8
  36              		.cfi_offset 14, -4
  37 0002 8FB0     		sub	sp, sp, #60
  38              		.cfi_def_cfa_offset 72
  29:main.c        ****     /* Enable global interrupts. */
  30:main.c        ****     CyGlobalIntEnable; 
  39              		.loc 1 30 0
  40              		.syntax unified
  41              	@ 30 "main.c" 1
  42 0004 62B6     		CPSIE   i
  43              	@ 0 "" 2
  31:main.c        ****     
  32:main.c        ****     /* flag's default value is set at 0 */
  33:main.c        ****     new_data=0;
  44              		.loc 1 33 0
  45              		.thumb
  46              		.syntax unified
  47 0006 0024     		movs	r4, #0
  48 0008 5A4B     		ldr	r3, .L16
  49 000a 1C70     		strb	r4, [r3]
  34:main.c        **** 
  35:main.c        ****     /* Place your initialization/startup of the I2C and UART */
  36:main.c        ****     I2C_Peripheral_Start();
  50              		.loc 1 36 0
  51 000c FFF7FEFF 		bl	I2C_Peripheral_Start
  52              	.LVL0:
  37:main.c        ****     UART_Debug_Start();
  53              		.loc 1 37 0
  54 0010 FFF7FEFF 		bl	UART_Debug_Start
  55              	.LVL1:
  38:main.c        ****     
  39:main.c        ****     
  40:main.c        ****     /*"The boot procedure is complete about 5 milliseconds after device power-up." */
  41:main.c        ****     CyDelay(5); 
  56              		.loc 1 41 0
  57 0014 0520     		movs	r0, #5
  58 0016 FFF7FEFF 		bl	CyDelay
  59              	.LVL2:
  60              	.LBB2:
  42:main.c        ****     
  43:main.c        ****     /* String to print out messages on the UART */
  44:main.c        ****     char message[50];
  45:main.c        **** 
  46:main.c        ****     /* Check which devices are present on the I2C bus */
  47:main.c        ****     for (int i = 0 ; i < 128; i++)
  61              		.loc 1 47 0
  62 001a 0CE0     		b	.L2
  63              	.LVL3:
  64              	.L4:
  48:main.c        ****     {
  49:main.c        ****         if (I2C_Peripheral_IsDeviceConnected(i))
  65              		.loc 1 49 0
ARM GAS  C:\Users\Vanessa Aloia.Vanessa\AppData\Local\Temp\ccR82jD4.s 			page 3


  66 001c E0B2     		uxtb	r0, r4
  67 001e FFF7FEFF 		bl	I2C_Peripheral_IsDeviceConnected
  68              	.LVL4:
  69 0022 38B1     		cbz	r0, .L3
  50:main.c        ****         {
  51:main.c        ****             // print out the address is hex format
  52:main.c        ****             sprintf(message, "Device 0x%02X is connected\r\n", i);
  70              		.loc 1 52 0
  71 0024 2246     		mov	r2, r4
  72 0026 5449     		ldr	r1, .L16+4
  73 0028 01A8     		add	r0, sp, #4
  74 002a FFF7FEFF 		bl	sprintf
  75              	.LVL5:
  53:main.c        ****             UART_Debug_PutString(message); 
  76              		.loc 1 53 0
  77 002e 01A8     		add	r0, sp, #4
  78 0030 FFF7FEFF 		bl	UART_Debug_PutString
  79              	.LVL6:
  80              	.L3:
  47:main.c        ****     {
  81              		.loc 1 47 0 discriminator 2
  82 0034 0134     		adds	r4, r4, #1
  83              	.LVL7:
  84              	.L2:
  47:main.c        ****     {
  85              		.loc 1 47 0 is_stmt 0 discriminator 1
  86 0036 7F2C     		cmp	r4, #127
  87 0038 F0DD     		ble	.L4
  88              	.LBE2:
  54:main.c        ****         }
  55:main.c        ****         
  56:main.c        ****     }
  57:main.c        ****     
  58:main.c        ****     
  59:main.c        ****     /* SET THE REGISTERS TO READ THE ACCELEROMETER'S OUTPUT AT 100 HZ WITH 10-bit RESOLUTION
  60:main.c        ****      (NORMALE MODE)
  61:main.c        ****     */
  62:main.c        ****     
  63:main.c        ****     uint8_t ctrl_reg;
  64:main.c        ****     ErrorCode error;
  65:main.c        ****    
  66:main.c        ****     error = I2C_Peripheral_ReadRegister(LIS3DH_DEVICE_ADDRESS,CTRL_REG_1,&ctrl_reg);
  89              		.loc 1 66 0 is_stmt 1
  90 003a 0DF10302 		add	r2, sp, #3
  91 003e 2021     		movs	r1, #32
  92 0040 1820     		movs	r0, #24
  93 0042 FFF7FEFF 		bl	I2C_Peripheral_ReadRegister
  94              	.LVL8:
  67:main.c        ****     
  68:main.c        ****     if (error == ERROR) {
  95              		.loc 1 68 0
  96 0046 0128     		cmp	r0, #1
  97 0048 0DD1     		bne	.L5
  69:main.c        ****         
  70:main.c        ****         sprintf(message, "Error occurred while reading CTRL_REG_1\r\n");
  98              		.loc 1 70 0
  99 004a 01AC     		add	r4, sp, #4
ARM GAS  C:\Users\Vanessa Aloia.Vanessa\AppData\Local\Temp\ccR82jD4.s 			page 4


 100              	.LVL9:
 101 004c 4B4D     		ldr	r5, .L16+8
 102 004e 0FCD     		ldmia	r5!, {r0, r1, r2, r3}
 103              	.LVL10:
 104 0050 0FC4     		stmia	r4!, {r0, r1, r2, r3}
 105 0052 0FCD     		ldmia	r5!, {r0, r1, r2, r3}
 106 0054 0FC4     		stmia	r4!, {r0, r1, r2, r3}
 107 0056 95E80700 		ldmia	r5, {r0, r1, r2}
 108 005a 03C4     		stmia	r4!, {r0, r1}
 109 005c 2280     		strh	r2, [r4]	@ movhi
  71:main.c        ****         
  72:main.c        ****         UART_Debug_PutString(message);
 110              		.loc 1 72 0
 111 005e 01A8     		add	r0, sp, #4
 112 0060 FFF7FEFF 		bl	UART_Debug_PutString
 113              	.LVL11:
 114 0064 08E0     		b	.L6
 115              	.LVL12:
 116              	.L5:
  73:main.c        ****     }
  74:main.c        ****     
  75:main.c        ****     else {
  76:main.c        ****          sprintf(message, "CTRL_REG_1 default value: 0x%02X \r\n", ctrl_reg);
 117              		.loc 1 76 0
 118 0066 9DF80320 		ldrb	r2, [sp, #3]	@ zero_extendqisi2
 119 006a 4549     		ldr	r1, .L16+12
 120 006c 01A8     		add	r0, sp, #4
 121              	.LVL13:
 122 006e FFF7FEFF 		bl	sprintf
 123              	.LVL14:
  77:main.c        ****         
  78:main.c        ****          UART_Debug_PutString(message); 
 124              		.loc 1 78 0
 125 0072 01A8     		add	r0, sp, #4
 126 0074 FFF7FEFF 		bl	UART_Debug_PutString
 127              	.LVL15:
 128              	.L6:
  79:main.c        ****     }
  80:main.c        ****     
  81:main.c        ****     /* Set the control register 1 in order to operate in high resolution mode at 100 Hz */
  82:main.c        ****     if (ctrl_reg != CTRL_REG_1_HR) {
 129              		.loc 1 82 0
 130 0078 9DF80330 		ldrb	r3, [sp, #3]	@ zero_extendqisi2
 131 007c 572B     		cmp	r3, #87
 132 007e 1FD0     		beq	.L7
  83:main.c        ****         ctrl_reg = CTRL_REG_1_HR;
 133              		.loc 1 83 0
 134 0080 5722     		movs	r2, #87
 135 0082 8DF80320 		strb	r2, [sp, #3]
  84:main.c        ****         
  85:main.c        ****         error = I2C_Peripheral_WriteRegister(LIS3DH_DEVICE_ADDRESS,CTRL_REG_1,ctrl_reg);
 136              		.loc 1 85 0
 137 0086 2021     		movs	r1, #32
 138 0088 1820     		movs	r0, #24
 139 008a FFF7FEFF 		bl	I2C_Peripheral_WriteRegister
 140              	.LVL16:
  86:main.c        ****         
ARM GAS  C:\Users\Vanessa Aloia.Vanessa\AppData\Local\Temp\ccR82jD4.s 			page 5


  87:main.c        ****         if (error == ERROR) {
 141              		.loc 1 87 0
 142 008e 0128     		cmp	r0, #1
 143 0090 0DD1     		bne	.L8
  88:main.c        ****             
  89:main.c        ****             sprintf(message,"Error occured while writing in CTRL_REG_1\r\n");
 144              		.loc 1 89 0
 145 0092 01AC     		add	r4, sp, #4
 146 0094 3B4D     		ldr	r5, .L16+16
 147 0096 0FCD     		ldmia	r5!, {r0, r1, r2, r3}
 148              	.LVL17:
 149 0098 0FC4     		stmia	r4!, {r0, r1, r2, r3}
 150 009a 0FCD     		ldmia	r5!, {r0, r1, r2, r3}
 151 009c 0FC4     		stmia	r4!, {r0, r1, r2, r3}
 152 009e 95E80700 		ldmia	r5, {r0, r1, r2}
 153 00a2 84E80700 		stmia	r4, {r0, r1, r2}
  90:main.c        ****             UART_Debug_PutString(message);
 154              		.loc 1 90 0
 155 00a6 01A8     		add	r0, sp, #4
 156 00a8 FFF7FEFF 		bl	UART_Debug_PutString
 157              	.LVL18:
 158 00ac 08E0     		b	.L7
 159              	.LVL19:
 160              	.L8:
  91:main.c        ****         }
  92:main.c        ****         else {
  93:main.c        ****             sprintf(message, " CTRL_REG_1 set up at : 0x%02x\r\n", ctrl_reg);
 161              		.loc 1 93 0
 162 00ae 9DF80320 		ldrb	r2, [sp, #3]	@ zero_extendqisi2
 163 00b2 3549     		ldr	r1, .L16+20
 164 00b4 01A8     		add	r0, sp, #4
 165              	.LVL20:
 166 00b6 FFF7FEFF 		bl	sprintf
 167              	.LVL21:
  94:main.c        ****             UART_Debug_PutString(message);
 168              		.loc 1 94 0
 169 00ba 01A8     		add	r0, sp, #4
 170 00bc FFF7FEFF 		bl	UART_Debug_PutString
 171              	.LVL22:
 172              	.L7:
  95:main.c        ****         }
  96:main.c        ****     }
  97:main.c        ****     
  98:main.c        ****     error = I2C_Peripheral_ReadRegister(LIS3DH_DEVICE_ADDRESS,CTRL_REG_4,&ctrl_reg);
 173              		.loc 1 98 0
 174 00c0 0DF10302 		add	r2, sp, #3
 175 00c4 2321     		movs	r1, #35
 176 00c6 1820     		movs	r0, #24
 177 00c8 FFF7FEFF 		bl	I2C_Peripheral_ReadRegister
 178              	.LVL23:
  99:main.c        ****     
 100:main.c        ****     if (error == ERROR) {
 179              		.loc 1 100 0
 180 00cc 0128     		cmp	r0, #1
 181 00ce 0DD1     		bne	.L9
 101:main.c        ****         sprintf(message, "Error occurred while reading CTRL_REG_4\r\n");
 182              		.loc 1 101 0
ARM GAS  C:\Users\Vanessa Aloia.Vanessa\AppData\Local\Temp\ccR82jD4.s 			page 6


 183 00d0 01AC     		add	r4, sp, #4
 184 00d2 2E4D     		ldr	r5, .L16+24
 185 00d4 0FCD     		ldmia	r5!, {r0, r1, r2, r3}
 186              	.LVL24:
 187 00d6 0FC4     		stmia	r4!, {r0, r1, r2, r3}
 188 00d8 0FCD     		ldmia	r5!, {r0, r1, r2, r3}
 189 00da 0FC4     		stmia	r4!, {r0, r1, r2, r3}
 190 00dc 95E80700 		ldmia	r5, {r0, r1, r2}
 191 00e0 03C4     		stmia	r4!, {r0, r1}
 192 00e2 2280     		strh	r2, [r4]	@ movhi
 102:main.c        ****         UART_Debug_PutString(message);
 193              		.loc 1 102 0
 194 00e4 01A8     		add	r0, sp, #4
 195 00e6 FFF7FEFF 		bl	UART_Debug_PutString
 196              	.LVL25:
 197 00ea 08E0     		b	.L10
 198              	.LVL26:
 199              	.L9:
 103:main.c        ****     }
 104:main.c        ****     
 105:main.c        ****     else {
 106:main.c        ****          sprintf(message, "CTRL_REG_4 default value: 0x%02X \r\n", ctrl_reg);
 200              		.loc 1 106 0
 201 00ec 9DF80320 		ldrb	r2, [sp, #3]	@ zero_extendqisi2
 202 00f0 2749     		ldr	r1, .L16+28
 203 00f2 01A8     		add	r0, sp, #4
 204              	.LVL27:
 205 00f4 FFF7FEFF 		bl	sprintf
 206              	.LVL28:
 107:main.c        ****          UART_Debug_PutString(message); 
 207              		.loc 1 107 0
 208 00f8 01A8     		add	r0, sp, #4
 209 00fa FFF7FEFF 		bl	UART_Debug_PutString
 210              	.LVL29:
 211              	.L10:
 108:main.c        ****     }
 109:main.c        ****     
 110:main.c        ****     /* set the control register 4 to operate in high resolution mode and set up FSR= 8g */
 111:main.c        ****     
 112:main.c        ****     if (ctrl_reg != CTRL_REG_4_HR) {
 212              		.loc 1 112 0
 213 00fe 9DF80330 		ldrb	r3, [sp, #3]	@ zero_extendqisi2
 214 0102 182B     		cmp	r3, #24
 215 0104 1FD0     		beq	.L11
 113:main.c        ****         ctrl_reg = CTRL_REG_4_HR;
 216              		.loc 1 113 0
 217 0106 1820     		movs	r0, #24
 218 0108 8DF80300 		strb	r0, [sp, #3]
 114:main.c        ****         
 115:main.c        ****         error = I2C_Peripheral_WriteRegister(LIS3DH_DEVICE_ADDRESS,CTRL_REG_4,ctrl_reg);
 219              		.loc 1 115 0
 220 010c 0246     		mov	r2, r0
 221 010e 2321     		movs	r1, #35
 222 0110 FFF7FEFF 		bl	I2C_Peripheral_WriteRegister
 223              	.LVL30:
 116:main.c        ****         
 117:main.c        ****         if (error == ERROR) {
ARM GAS  C:\Users\Vanessa Aloia.Vanessa\AppData\Local\Temp\ccR82jD4.s 			page 7


 224              		.loc 1 117 0
 225 0114 0128     		cmp	r0, #1
 226 0116 0DD1     		bne	.L12
 118:main.c        ****             
 119:main.c        ****             sprintf(message,"Error occured while writing in CTRL_REG_4\r\n");
 227              		.loc 1 119 0
 228 0118 01AC     		add	r4, sp, #4
 229 011a 1E4D     		ldr	r5, .L16+32
 230 011c 0FCD     		ldmia	r5!, {r0, r1, r2, r3}
 231              	.LVL31:
 232 011e 0FC4     		stmia	r4!, {r0, r1, r2, r3}
 233 0120 0FCD     		ldmia	r5!, {r0, r1, r2, r3}
 234 0122 0FC4     		stmia	r4!, {r0, r1, r2, r3}
 235 0124 95E80700 		ldmia	r5, {r0, r1, r2}
 236 0128 84E80700 		stmia	r4, {r0, r1, r2}
 120:main.c        ****             
 121:main.c        ****             UART_Debug_PutString(message);
 237              		.loc 1 121 0
 238 012c 01A8     		add	r0, sp, #4
 239 012e FFF7FEFF 		bl	UART_Debug_PutString
 240              	.LVL32:
 241 0132 08E0     		b	.L11
 242              	.LVL33:
 243              	.L12:
 122:main.c        ****         }
 123:main.c        ****         else {
 124:main.c        ****             sprintf(message, "CTRL_REG_4 set up at : 0x%02x\r\n", ctrl_reg);
 244              		.loc 1 124 0
 245 0134 9DF80320 		ldrb	r2, [sp, #3]	@ zero_extendqisi2
 246 0138 1749     		ldr	r1, .L16+36
 247 013a 01A8     		add	r0, sp, #4
 248              	.LVL34:
 249 013c FFF7FEFF 		bl	sprintf
 250              	.LVL35:
 125:main.c        ****             
 126:main.c        ****             UART_Debug_PutString(message);
 251              		.loc 1 126 0
 252 0140 01A8     		add	r0, sp, #4
 253 0142 FFF7FEFF 		bl	UART_Debug_PutString
 254              	.LVL36:
 255              	.L11:
 127:main.c        ****         }
 128:main.c        ****     }    
 129:main.c        ****     
 130:main.c        ****     /* after setting up the register, initialize timer and interrupt */
 131:main.c        ****     Timer_Start();
 256              		.loc 1 131 0
 257 0146 FFF7FEFF 		bl	Timer_Start
 258              	.LVL37:
 132:main.c        ****     
 133:main.c        ****     ISR_ReadData_StartEx(Custom_ISR);
 259              		.loc 1 133 0
 260 014a 1448     		ldr	r0, .L16+40
 261 014c FFF7FEFF 		bl	ISR_ReadData_StartEx
 262              	.LVL38:
 134:main.c        ****     
 135:main.c        ****     
ARM GAS  C:\Users\Vanessa Aloia.Vanessa\AppData\Local\Temp\ccR82jD4.s 			page 8


 136:main.c        ****     /* set header and tail for UART communication */
 137:main.c        ****     packet_to_send[0]= 0xA0;
 263              		.loc 1 137 0
 264 0150 134B     		ldr	r3, .L16+44
 265 0152 A022     		movs	r2, #160
 266 0154 1A70     		strb	r2, [r3]
 138:main.c        ****     packet_to_send[(AXES*NUM_BYTES+2)-1]= 0xC0;
 267              		.loc 1 138 0
 268 0156 C022     		movs	r2, #192
 269 0158 5A73     		strb	r2, [r3, #13]
 270              	.L13:
 139:main.c        ****     
 140:main.c        ****     
 141:main.c        ****     for(;;) {
 142:main.c        ****         
 143:main.c        ****         /* if new data are available */
 144:main.c        ****         if (new_data) {
 271              		.loc 1 144 0
 272 015a 064B     		ldr	r3, .L16
 273 015c 1B78     		ldrb	r3, [r3]	@ zero_extendqisi2
 274 015e 13F0FF0F 		tst	r3, #255
 275 0162 FAD0     		beq	.L13
 145:main.c        ****             
 146:main.c        ****             /* sennd the data through UART */
 147:main.c        ****             UART_Debug_PutArray(packet_to_send, AXES*NUM_BYTES +2);
 276              		.loc 1 147 0
 277 0164 0E21     		movs	r1, #14
 278 0166 0E48     		ldr	r0, .L16+44
 279 0168 FFF7FEFF 		bl	UART_Debug_PutArray
 280              	.LVL39:
 148:main.c        ****             
 149:main.c        ****             /* re-set the flag at 0 */
 150:main.c        ****             new_data=0;
 281              		.loc 1 150 0
 282 016c 0022     		movs	r2, #0
 283 016e 014B     		ldr	r3, .L16
 284 0170 1A70     		strb	r2, [r3]
 285 0172 F2E7     		b	.L13
 286              	.L17:
 287              		.align	2
 288              	.L16:
 289 0174 00000000 		.word	new_data
 290 0178 00000000 		.word	.LC0
 291 017c 20000000 		.word	.LC1
 292 0180 4C000000 		.word	.LC2
 293 0184 70000000 		.word	.LC3
 294 0188 9C000000 		.word	.LC4
 295 018c C0000000 		.word	.LC5
 296 0190 EC000000 		.word	.LC6
 297 0194 10010000 		.word	.LC7
 298 0198 3C010000 		.word	.LC8
 299 019c 00000000 		.word	Custom_ISR
 300 01a0 00000000 		.word	packet_to_send
 301              		.cfi_endproc
 302              	.LFE64:
 303              		.size	main, .-main
 304              		.comm	packet_to_send,14,4
ARM GAS  C:\Users\Vanessa Aloia.Vanessa\AppData\Local\Temp\ccR82jD4.s 			page 9


 305              		.comm	new_data,1,1
 306              		.section	.rodata.str1.4,"aMS",%progbits,1
 307              		.align	2
 308              	.LC0:
 309 0000 44657669 		.ascii	"Device 0x%02X is connected\015\012\000"
 309      63652030 
 309      78253032 
 309      58206973 
 309      20636F6E 
 310 001d 000000   		.space	3
 311              	.LC1:
 312 0020 4572726F 		.ascii	"Error occurred while reading CTRL_REG_1\015\012\000"
 312      72206F63 
 312      63757272 
 312      65642077 
 312      68696C65 
 313 004a 0000     		.space	2
 314              	.LC2:
 315 004c 4354524C 		.ascii	"CTRL_REG_1 default value: 0x%02X \015\012\000"
 315      5F524547 
 315      5F312064 
 315      65666175 
 315      6C742076 
 316              	.LC3:
 317 0070 4572726F 		.ascii	"Error occured while writing in CTRL_REG_1\015\012\000"
 317      72206F63 
 317      63757265 
 317      64207768 
 317      696C6520 
 318              	.LC4:
 319 009c 20435452 		.ascii	" CTRL_REG_1 set up at : 0x%02x\015\012\000"
 319      4C5F5245 
 319      475F3120 
 319      73657420 
 319      75702061 
 320 00bd 000000   		.space	3
 321              	.LC5:
 322 00c0 4572726F 		.ascii	"Error occurred while reading CTRL_REG_4\015\012\000"
 322      72206F63 
 322      63757272 
 322      65642077 
 322      68696C65 
 323 00ea 0000     		.space	2
 324              	.LC6:
 325 00ec 4354524C 		.ascii	"CTRL_REG_4 default value: 0x%02X \015\012\000"
 325      5F524547 
 325      5F342064 
 325      65666175 
 325      6C742076 
 326              	.LC7:
 327 0110 4572726F 		.ascii	"Error occured while writing in CTRL_REG_4\015\012\000"
 327      72206F63 
 327      63757265 
 327      64207768 
 327      696C6520 
 328              	.LC8:
 329 013c 4354524C 		.ascii	"CTRL_REG_4 set up at : 0x%02x\015\012\000"
ARM GAS  C:\Users\Vanessa Aloia.Vanessa\AppData\Local\Temp\ccR82jD4.s 			page 10


 329      5F524547 
 329      5F342073 
 329      65742075 
 329      70206174 
 330              		.text
 331              	.Letext0:
 332              		.file 2 "c:\\program files (x86)\\cypress\\psoc creator\\4.3\\psoc creator\\import\\gnu\\arm\\5.4.
 333              		.file 3 "c:\\program files (x86)\\cypress\\psoc creator\\4.3\\psoc creator\\import\\gnu\\arm\\5.4.
 334              		.file 4 "ErrorCodes.h"
 335              		.file 5 "Generated_Source\\PSoC5/core_cm3.h"
 336              		.file 6 "interrupt_routines.h"
 337              		.file 7 "I2C_Interface.h"
 338              		.file 8 "c:\\program files (x86)\\cypress\\psoc creator\\4.3\\psoc creator\\import\\gnu\\arm\\5.4.
 339              		.file 9 "Generated_Source\\PSoC5/UART_Debug.h"
 340              		.file 10 "Generated_Source\\PSoC5/CyLib.h"
 341              		.file 11 "Generated_Source\\PSoC5/Timer.h"
 342              		.file 12 "Generated_Source\\PSoC5/ISR_ReadData.h"
 343              		.section	.debug_info,"",%progbits
 344              	.Ldebug_info0:
 345 0000 3F040000 		.4byte	0x43f
 346 0004 0400     		.2byte	0x4
 347 0006 00000000 		.4byte	.Ldebug_abbrev0
 348 000a 04       		.byte	0x4
 349 000b 01       		.uleb128 0x1
 350 000c 8A000000 		.4byte	.LASF38
 351 0010 0C       		.byte	0xc
 352 0011 05020000 		.4byte	.LASF39
 353 0015 0C020000 		.4byte	.LASF40
 354 0019 00000000 		.4byte	.Ldebug_ranges0+0
 355 001d 00000000 		.4byte	0
 356 0021 00000000 		.4byte	.Ldebug_line0
 357 0025 02       		.uleb128 0x2
 358 0026 01       		.byte	0x1
 359 0027 06       		.byte	0x6
 360 0028 B6020000 		.4byte	.LASF0
 361 002c 03       		.uleb128 0x3
 362 002d 11000000 		.4byte	.LASF4
 363 0031 02       		.byte	0x2
 364 0032 1D       		.byte	0x1d
 365 0033 37000000 		.4byte	0x37
 366 0037 02       		.uleb128 0x2
 367 0038 01       		.byte	0x1
 368 0039 08       		.byte	0x8
 369 003a 7C000000 		.4byte	.LASF1
 370 003e 02       		.uleb128 0x2
 371 003f 02       		.byte	0x2
 372 0040 05       		.byte	0x5
 373 0041 8C020000 		.4byte	.LASF2
 374 0045 02       		.uleb128 0x2
 375 0046 02       		.byte	0x2
 376 0047 07       		.byte	0x7
 377 0048 2A010000 		.4byte	.LASF3
 378 004c 03       		.uleb128 0x3
 379 004d 3C000000 		.4byte	.LASF5
 380 0051 02       		.byte	0x2
 381 0052 3F       		.byte	0x3f
 382 0053 57000000 		.4byte	0x57
ARM GAS  C:\Users\Vanessa Aloia.Vanessa\AppData\Local\Temp\ccR82jD4.s 			page 11


 383 0057 02       		.uleb128 0x2
 384 0058 04       		.byte	0x4
 385 0059 05       		.byte	0x5
 386 005a 46000000 		.4byte	.LASF6
 387 005e 02       		.uleb128 0x2
 388 005f 04       		.byte	0x4
 389 0060 07       		.byte	0x7
 390 0061 18010000 		.4byte	.LASF7
 391 0065 02       		.uleb128 0x2
 392 0066 08       		.byte	0x8
 393 0067 05       		.byte	0x5
 394 0068 E6010000 		.4byte	.LASF8
 395 006c 02       		.uleb128 0x2
 396 006d 08       		.byte	0x8
 397 006e 07       		.byte	0x7
 398 006f B0010000 		.4byte	.LASF9
 399 0073 04       		.uleb128 0x4
 400 0074 04       		.byte	0x4
 401 0075 05       		.byte	0x5
 402 0076 696E7400 		.ascii	"int\000"
 403 007a 02       		.uleb128 0x2
 404 007b 04       		.byte	0x4
 405 007c 07       		.byte	0x7
 406 007d A3010000 		.4byte	.LASF10
 407 0081 03       		.uleb128 0x3
 408 0082 C7010000 		.4byte	.LASF11
 409 0086 03       		.byte	0x3
 410 0087 18       		.byte	0x18
 411 0088 2C000000 		.4byte	0x2c
 412 008c 03       		.uleb128 0x3
 413 008d CF010000 		.4byte	.LASF12
 414 0091 03       		.byte	0x3
 415 0092 2C       		.byte	0x2c
 416 0093 4C000000 		.4byte	0x4c
 417 0097 02       		.uleb128 0x2
 418 0098 04       		.byte	0x4
 419 0099 04       		.byte	0x4
 420 009a 76000000 		.4byte	.LASF13
 421 009e 02       		.uleb128 0x2
 422 009f 08       		.byte	0x8
 423 00a0 04       		.byte	0x4
 424 00a1 59010000 		.4byte	.LASF14
 425 00a5 02       		.uleb128 0x2
 426 00a6 01       		.byte	0x1
 427 00a7 08       		.byte	0x8
 428 00a8 A5020000 		.4byte	.LASF15
 429 00ac 05       		.uleb128 0x5
 430 00ad 01       		.byte	0x1
 431 00ae 37000000 		.4byte	0x37
 432 00b2 04       		.byte	0x4
 433 00b3 15       		.byte	0x15
 434 00b4 C5000000 		.4byte	0xc5
 435 00b8 06       		.uleb128 0x6
 436 00b9 96020000 		.4byte	.LASF16
 437 00bd 00       		.byte	0
 438 00be 06       		.uleb128 0x6
 439 00bf 9F020000 		.4byte	.LASF17
ARM GAS  C:\Users\Vanessa Aloia.Vanessa\AppData\Local\Temp\ccR82jD4.s 			page 12


 440 00c3 01       		.byte	0x1
 441 00c4 00       		.byte	0
 442 00c5 03       		.uleb128 0x3
 443 00c6 63000000 		.4byte	.LASF18
 444 00ca 04       		.byte	0x4
 445 00cb 18       		.byte	0x18
 446 00cc AC000000 		.4byte	0xac
 447 00d0 02       		.uleb128 0x2
 448 00d1 08       		.byte	0x8
 449 00d2 04       		.byte	0x4
 450 00d3 AA020000 		.4byte	.LASF19
 451 00d7 02       		.uleb128 0x2
 452 00d8 04       		.byte	0x4
 453 00d9 07       		.byte	0x7
 454 00da D7010000 		.4byte	.LASF20
 455 00de 07       		.uleb128 0x7
 456 00df 81000000 		.4byte	0x81
 457 00e3 08       		.uleb128 0x8
 458 00e4 92010000 		.4byte	.LASF41
 459 00e8 01       		.byte	0x1
 460 00e9 1B       		.byte	0x1b
 461 00ea 73000000 		.4byte	0x73
 462 00ee 00000000 		.4byte	.LFB64
 463 00f2 A4010000 		.4byte	.LFE64-.LFB64
 464 00f6 01       		.uleb128 0x1
 465 00f7 9C       		.byte	0x9c
 466 00f8 76030000 		.4byte	0x376
 467 00fc 09       		.uleb128 0x9
 468 00fd 00000000 		.4byte	.LASF21
 469 0101 01       		.byte	0x1
 470 0102 2C       		.byte	0x2c
 471 0103 76030000 		.4byte	0x376
 472 0107 03       		.uleb128 0x3
 473 0108 91       		.byte	0x91
 474 0109 BC7F     		.sleb128 -68
 475 010b 09       		.uleb128 0x9
 476 010c 6D000000 		.4byte	.LASF22
 477 0110 01       		.byte	0x1
 478 0111 3F       		.byte	0x3f
 479 0112 81000000 		.4byte	0x81
 480 0116 03       		.uleb128 0x3
 481 0117 91       		.byte	0x91
 482 0118 BB7F     		.sleb128 -69
 483 011a 0A       		.uleb128 0xa
 484 011b E0010000 		.4byte	.LASF23
 485 011f 01       		.byte	0x1
 486 0120 40       		.byte	0x40
 487 0121 C5000000 		.4byte	0xc5
 488 0125 00000000 		.4byte	.LLST0
 489 0129 0B       		.uleb128 0xb
 490 012a 1A000000 		.4byte	.LBB2
 491 012e 20000000 		.4byte	.LBE2-.LBB2
 492 0132 8D010000 		.4byte	0x18d
 493 0136 0C       		.uleb128 0xc
 494 0137 6900     		.ascii	"i\000"
 495 0139 01       		.byte	0x1
 496 013a 2F       		.byte	0x2f
ARM GAS  C:\Users\Vanessa Aloia.Vanessa\AppData\Local\Temp\ccR82jD4.s 			page 13


 497 013b 73000000 		.4byte	0x73
 498 013f 60000000 		.4byte	.LLST1
 499 0143 0D       		.uleb128 0xd
 500 0144 22000000 		.4byte	.LVL4
 501 0148 C9030000 		.4byte	0x3c9
 502 014c 57010000 		.4byte	0x157
 503 0150 0E       		.uleb128 0xe
 504 0151 01       		.uleb128 0x1
 505 0152 50       		.byte	0x50
 506 0153 02       		.uleb128 0x2
 507 0154 74       		.byte	0x74
 508 0155 00       		.sleb128 0
 509 0156 00       		.byte	0
 510 0157 0D       		.uleb128 0xd
 511 0158 2E000000 		.4byte	.LVL5
 512 015c D4030000 		.4byte	0x3d4
 513 0160 7B010000 		.4byte	0x17b
 514 0164 0E       		.uleb128 0xe
 515 0165 01       		.uleb128 0x1
 516 0166 50       		.byte	0x50
 517 0167 03       		.uleb128 0x3
 518 0168 91       		.byte	0x91
 519 0169 BC7F     		.sleb128 -68
 520 016b 0E       		.uleb128 0xe
 521 016c 01       		.uleb128 0x1
 522 016d 51       		.byte	0x51
 523 016e 05       		.uleb128 0x5
 524 016f 03       		.byte	0x3
 525 0170 00000000 		.4byte	.LC0
 526 0174 0E       		.uleb128 0xe
 527 0175 01       		.uleb128 0x1
 528 0176 52       		.byte	0x52
 529 0177 02       		.uleb128 0x2
 530 0178 74       		.byte	0x74
 531 0179 00       		.sleb128 0
 532 017a 00       		.byte	0
 533 017b 0F       		.uleb128 0xf
 534 017c 34000000 		.4byte	.LVL6
 535 0180 DF030000 		.4byte	0x3df
 536 0184 0E       		.uleb128 0xe
 537 0185 01       		.uleb128 0x1
 538 0186 50       		.byte	0x50
 539 0187 03       		.uleb128 0x3
 540 0188 91       		.byte	0x91
 541 0189 BC7F     		.sleb128 -68
 542 018b 00       		.byte	0
 543 018c 00       		.byte	0
 544 018d 10       		.uleb128 0x10
 545 018e 10000000 		.4byte	.LVL0
 546 0192 EA030000 		.4byte	0x3ea
 547 0196 10       		.uleb128 0x10
 548 0197 14000000 		.4byte	.LVL1
 549 019b F5030000 		.4byte	0x3f5
 550 019f 0D       		.uleb128 0xd
 551 01a0 1A000000 		.4byte	.LVL2
 552 01a4 00040000 		.4byte	0x400
 553 01a8 B2010000 		.4byte	0x1b2
ARM GAS  C:\Users\Vanessa Aloia.Vanessa\AppData\Local\Temp\ccR82jD4.s 			page 14


 554 01ac 0E       		.uleb128 0xe
 555 01ad 01       		.uleb128 0x1
 556 01ae 50       		.byte	0x50
 557 01af 01       		.uleb128 0x1
 558 01b0 35       		.byte	0x35
 559 01b1 00       		.byte	0
 560 01b2 0D       		.uleb128 0xd
 561 01b3 46000000 		.4byte	.LVL8
 562 01b7 0B040000 		.4byte	0x40b
 563 01bb D2010000 		.4byte	0x1d2
 564 01bf 0E       		.uleb128 0xe
 565 01c0 01       		.uleb128 0x1
 566 01c1 50       		.byte	0x50
 567 01c2 01       		.uleb128 0x1
 568 01c3 48       		.byte	0x48
 569 01c4 0E       		.uleb128 0xe
 570 01c5 01       		.uleb128 0x1
 571 01c6 51       		.byte	0x51
 572 01c7 02       		.uleb128 0x2
 573 01c8 08       		.byte	0x8
 574 01c9 20       		.byte	0x20
 575 01ca 0E       		.uleb128 0xe
 576 01cb 01       		.uleb128 0x1
 577 01cc 52       		.byte	0x52
 578 01cd 03       		.uleb128 0x3
 579 01ce 91       		.byte	0x91
 580 01cf BB7F     		.sleb128 -69
 581 01d1 00       		.byte	0
 582 01d2 0D       		.uleb128 0xd
 583 01d3 64000000 		.4byte	.LVL11
 584 01d7 DF030000 		.4byte	0x3df
 585 01db E6010000 		.4byte	0x1e6
 586 01df 0E       		.uleb128 0xe
 587 01e0 01       		.uleb128 0x1
 588 01e1 50       		.byte	0x50
 589 01e2 02       		.uleb128 0x2
 590 01e3 74       		.byte	0x74
 591 01e4 58       		.sleb128 -40
 592 01e5 00       		.byte	0
 593 01e6 0D       		.uleb128 0xd
 594 01e7 72000000 		.4byte	.LVL14
 595 01eb D4030000 		.4byte	0x3d4
 596 01ef 04020000 		.4byte	0x204
 597 01f3 0E       		.uleb128 0xe
 598 01f4 01       		.uleb128 0x1
 599 01f5 50       		.byte	0x50
 600 01f6 03       		.uleb128 0x3
 601 01f7 91       		.byte	0x91
 602 01f8 BC7F     		.sleb128 -68
 603 01fa 0E       		.uleb128 0xe
 604 01fb 01       		.uleb128 0x1
 605 01fc 51       		.byte	0x51
 606 01fd 05       		.uleb128 0x5
 607 01fe 03       		.byte	0x3
 608 01ff 4C000000 		.4byte	.LC2
 609 0203 00       		.byte	0
 610 0204 0D       		.uleb128 0xd
ARM GAS  C:\Users\Vanessa Aloia.Vanessa\AppData\Local\Temp\ccR82jD4.s 			page 15


 611 0205 78000000 		.4byte	.LVL15
 612 0209 DF030000 		.4byte	0x3df
 613 020d 19020000 		.4byte	0x219
 614 0211 0E       		.uleb128 0xe
 615 0212 01       		.uleb128 0x1
 616 0213 50       		.byte	0x50
 617 0214 03       		.uleb128 0x3
 618 0215 91       		.byte	0x91
 619 0216 BC7F     		.sleb128 -68
 620 0218 00       		.byte	0
 621 0219 0D       		.uleb128 0xd
 622 021a 8E000000 		.4byte	.LVL16
 623 021e 16040000 		.4byte	0x416
 624 0222 38020000 		.4byte	0x238
 625 0226 0E       		.uleb128 0xe
 626 0227 01       		.uleb128 0x1
 627 0228 50       		.byte	0x50
 628 0229 01       		.uleb128 0x1
 629 022a 48       		.byte	0x48
 630 022b 0E       		.uleb128 0xe
 631 022c 01       		.uleb128 0x1
 632 022d 51       		.byte	0x51
 633 022e 02       		.uleb128 0x2
 634 022f 08       		.byte	0x8
 635 0230 20       		.byte	0x20
 636 0231 0E       		.uleb128 0xe
 637 0232 01       		.uleb128 0x1
 638 0233 52       		.byte	0x52
 639 0234 02       		.uleb128 0x2
 640 0235 08       		.byte	0x8
 641 0236 57       		.byte	0x57
 642 0237 00       		.byte	0
 643 0238 0D       		.uleb128 0xd
 644 0239 AC000000 		.4byte	.LVL18
 645 023d DF030000 		.4byte	0x3df
 646 0241 4C020000 		.4byte	0x24c
 647 0245 0E       		.uleb128 0xe
 648 0246 01       		.uleb128 0x1
 649 0247 50       		.byte	0x50
 650 0248 02       		.uleb128 0x2
 651 0249 74       		.byte	0x74
 652 024a 60       		.sleb128 -32
 653 024b 00       		.byte	0
 654 024c 0D       		.uleb128 0xd
 655 024d BA000000 		.4byte	.LVL21
 656 0251 D4030000 		.4byte	0x3d4
 657 0255 6A020000 		.4byte	0x26a
 658 0259 0E       		.uleb128 0xe
 659 025a 01       		.uleb128 0x1
 660 025b 50       		.byte	0x50
 661 025c 03       		.uleb128 0x3
 662 025d 91       		.byte	0x91
 663 025e BC7F     		.sleb128 -68
 664 0260 0E       		.uleb128 0xe
 665 0261 01       		.uleb128 0x1
 666 0262 51       		.byte	0x51
 667 0263 05       		.uleb128 0x5
ARM GAS  C:\Users\Vanessa Aloia.Vanessa\AppData\Local\Temp\ccR82jD4.s 			page 16


 668 0264 03       		.byte	0x3
 669 0265 9C000000 		.4byte	.LC4
 670 0269 00       		.byte	0
 671 026a 0D       		.uleb128 0xd
 672 026b C0000000 		.4byte	.LVL22
 673 026f DF030000 		.4byte	0x3df
 674 0273 7F020000 		.4byte	0x27f
 675 0277 0E       		.uleb128 0xe
 676 0278 01       		.uleb128 0x1
 677 0279 50       		.byte	0x50
 678 027a 03       		.uleb128 0x3
 679 027b 91       		.byte	0x91
 680 027c BC7F     		.sleb128 -68
 681 027e 00       		.byte	0
 682 027f 0D       		.uleb128 0xd
 683 0280 CC000000 		.4byte	.LVL23
 684 0284 0B040000 		.4byte	0x40b
 685 0288 9F020000 		.4byte	0x29f
 686 028c 0E       		.uleb128 0xe
 687 028d 01       		.uleb128 0x1
 688 028e 50       		.byte	0x50
 689 028f 01       		.uleb128 0x1
 690 0290 48       		.byte	0x48
 691 0291 0E       		.uleb128 0xe
 692 0292 01       		.uleb128 0x1
 693 0293 51       		.byte	0x51
 694 0294 02       		.uleb128 0x2
 695 0295 08       		.byte	0x8
 696 0296 23       		.byte	0x23
 697 0297 0E       		.uleb128 0xe
 698 0298 01       		.uleb128 0x1
 699 0299 52       		.byte	0x52
 700 029a 03       		.uleb128 0x3
 701 029b 91       		.byte	0x91
 702 029c BB7F     		.sleb128 -69
 703 029e 00       		.byte	0
 704 029f 0D       		.uleb128 0xd
 705 02a0 EA000000 		.4byte	.LVL25
 706 02a4 DF030000 		.4byte	0x3df
 707 02a8 B3020000 		.4byte	0x2b3
 708 02ac 0E       		.uleb128 0xe
 709 02ad 01       		.uleb128 0x1
 710 02ae 50       		.byte	0x50
 711 02af 02       		.uleb128 0x2
 712 02b0 74       		.byte	0x74
 713 02b1 58       		.sleb128 -40
 714 02b2 00       		.byte	0
 715 02b3 0D       		.uleb128 0xd
 716 02b4 F8000000 		.4byte	.LVL28
 717 02b8 D4030000 		.4byte	0x3d4
 718 02bc D1020000 		.4byte	0x2d1
 719 02c0 0E       		.uleb128 0xe
 720 02c1 01       		.uleb128 0x1
 721 02c2 50       		.byte	0x50
 722 02c3 03       		.uleb128 0x3
 723 02c4 91       		.byte	0x91
 724 02c5 BC7F     		.sleb128 -68
ARM GAS  C:\Users\Vanessa Aloia.Vanessa\AppData\Local\Temp\ccR82jD4.s 			page 17


 725 02c7 0E       		.uleb128 0xe
 726 02c8 01       		.uleb128 0x1
 727 02c9 51       		.byte	0x51
 728 02ca 05       		.uleb128 0x5
 729 02cb 03       		.byte	0x3
 730 02cc EC000000 		.4byte	.LC6
 731 02d0 00       		.byte	0
 732 02d1 0D       		.uleb128 0xd
 733 02d2 FE000000 		.4byte	.LVL29
 734 02d6 DF030000 		.4byte	0x3df
 735 02da E6020000 		.4byte	0x2e6
 736 02de 0E       		.uleb128 0xe
 737 02df 01       		.uleb128 0x1
 738 02e0 50       		.byte	0x50
 739 02e1 03       		.uleb128 0x3
 740 02e2 91       		.byte	0x91
 741 02e3 BC7F     		.sleb128 -68
 742 02e5 00       		.byte	0
 743 02e6 0D       		.uleb128 0xd
 744 02e7 14010000 		.4byte	.LVL30
 745 02eb 16040000 		.4byte	0x416
 746 02ef 04030000 		.4byte	0x304
 747 02f3 0E       		.uleb128 0xe
 748 02f4 01       		.uleb128 0x1
 749 02f5 50       		.byte	0x50
 750 02f6 01       		.uleb128 0x1
 751 02f7 48       		.byte	0x48
 752 02f8 0E       		.uleb128 0xe
 753 02f9 01       		.uleb128 0x1
 754 02fa 51       		.byte	0x51
 755 02fb 02       		.uleb128 0x2
 756 02fc 08       		.byte	0x8
 757 02fd 23       		.byte	0x23
 758 02fe 0E       		.uleb128 0xe
 759 02ff 01       		.uleb128 0x1
 760 0300 52       		.byte	0x52
 761 0301 01       		.uleb128 0x1
 762 0302 48       		.byte	0x48
 763 0303 00       		.byte	0
 764 0304 0D       		.uleb128 0xd
 765 0305 32010000 		.4byte	.LVL32
 766 0309 DF030000 		.4byte	0x3df
 767 030d 18030000 		.4byte	0x318
 768 0311 0E       		.uleb128 0xe
 769 0312 01       		.uleb128 0x1
 770 0313 50       		.byte	0x50
 771 0314 02       		.uleb128 0x2
 772 0315 74       		.byte	0x74
 773 0316 60       		.sleb128 -32
 774 0317 00       		.byte	0
 775 0318 0D       		.uleb128 0xd
 776 0319 40010000 		.4byte	.LVL35
 777 031d D4030000 		.4byte	0x3d4
 778 0321 36030000 		.4byte	0x336
 779 0325 0E       		.uleb128 0xe
 780 0326 01       		.uleb128 0x1
 781 0327 50       		.byte	0x50
ARM GAS  C:\Users\Vanessa Aloia.Vanessa\AppData\Local\Temp\ccR82jD4.s 			page 18


 782 0328 03       		.uleb128 0x3
 783 0329 91       		.byte	0x91
 784 032a BC7F     		.sleb128 -68
 785 032c 0E       		.uleb128 0xe
 786 032d 01       		.uleb128 0x1
 787 032e 51       		.byte	0x51
 788 032f 05       		.uleb128 0x5
 789 0330 03       		.byte	0x3
 790 0331 3C010000 		.4byte	.LC8
 791 0335 00       		.byte	0
 792 0336 0D       		.uleb128 0xd
 793 0337 46010000 		.4byte	.LVL36
 794 033b DF030000 		.4byte	0x3df
 795 033f 4B030000 		.4byte	0x34b
 796 0343 0E       		.uleb128 0xe
 797 0344 01       		.uleb128 0x1
 798 0345 50       		.byte	0x50
 799 0346 03       		.uleb128 0x3
 800 0347 91       		.byte	0x91
 801 0348 BC7F     		.sleb128 -68
 802 034a 00       		.byte	0
 803 034b 10       		.uleb128 0x10
 804 034c 4A010000 		.4byte	.LVL37
 805 0350 21040000 		.4byte	0x421
 806 0354 10       		.uleb128 0x10
 807 0355 50010000 		.4byte	.LVL38
 808 0359 2C040000 		.4byte	0x42c
 809 035d 0F       		.uleb128 0xf
 810 035e 6C010000 		.4byte	.LVL39
 811 0362 37040000 		.4byte	0x437
 812 0366 0E       		.uleb128 0xe
 813 0367 01       		.uleb128 0x1
 814 0368 50       		.byte	0x50
 815 0369 05       		.uleb128 0x5
 816 036a 03       		.byte	0x3
 817 036b 00000000 		.4byte	packet_to_send
 818 036f 0E       		.uleb128 0xe
 819 0370 01       		.uleb128 0x1
 820 0371 51       		.byte	0x51
 821 0372 01       		.uleb128 0x1
 822 0373 3E       		.byte	0x3e
 823 0374 00       		.byte	0
 824 0375 00       		.byte	0
 825 0376 11       		.uleb128 0x11
 826 0377 A5000000 		.4byte	0xa5
 827 037b 86030000 		.4byte	0x386
 828 037f 12       		.uleb128 0x12
 829 0380 D7000000 		.4byte	0xd7
 830 0384 31       		.byte	0x31
 831 0385 00       		.byte	0
 832 0386 13       		.uleb128 0x13
 833 0387 4C010000 		.4byte	.LASF24
 834 038b 05       		.byte	0x5
 835 038c 1207     		.2byte	0x712
 836 038e 92030000 		.4byte	0x392
 837 0392 07       		.uleb128 0x7
 838 0393 8C000000 		.4byte	0x8c
ARM GAS  C:\Users\Vanessa Aloia.Vanessa\AppData\Local\Temp\ccR82jD4.s 			page 19


 839 0397 14       		.uleb128 0x14
 840 0398 08000000 		.4byte	.LASF25
 841 039c 06       		.byte	0x6
 842 039d 12       		.byte	0x12
 843 039e DE000000 		.4byte	0xde
 844 03a2 05       		.uleb128 0x5
 845 03a3 03       		.byte	0x3
 846 03a4 00000000 		.4byte	new_data
 847 03a8 11       		.uleb128 0x11
 848 03a9 81000000 		.4byte	0x81
 849 03ad B8030000 		.4byte	0x3b8
 850 03b1 12       		.uleb128 0x12
 851 03b2 D7000000 		.4byte	0xd7
 852 03b6 0D       		.byte	0xd
 853 03b7 00       		.byte	0
 854 03b8 14       		.uleb128 0x14
 855 03b9 3D010000 		.4byte	.LASF26
 856 03bd 06       		.byte	0x6
 857 03be 15       		.byte	0x15
 858 03bf A8030000 		.4byte	0x3a8
 859 03c3 05       		.uleb128 0x5
 860 03c4 03       		.byte	0x3
 861 03c5 00000000 		.4byte	packet_to_send
 862 03c9 15       		.uleb128 0x15
 863 03ca 1B000000 		.4byte	.LASF27
 864 03ce 1B000000 		.4byte	.LASF27
 865 03d2 07       		.byte	0x7
 866 03d3 5D       		.byte	0x5d
 867 03d4 15       		.uleb128 0x15
 868 03d5 D7020000 		.4byte	.LASF28
 869 03d9 D7020000 		.4byte	.LASF28
 870 03dd 08       		.byte	0x8
 871 03de E7       		.byte	0xe7
 872 03df 15       		.uleb128 0x15
 873 03e0 60010000 		.4byte	.LASF29
 874 03e4 60010000 		.4byte	.LASF29
 875 03e8 09       		.byte	0x9
 876 03e9 8B       		.byte	0x8b
 877 03ea 15       		.uleb128 0x15
 878 03eb E7020000 		.4byte	.LASF30
 879 03ef E7020000 		.4byte	.LASF30
 880 03f3 07       		.byte	0x7
 881 03f4 17       		.byte	0x17
 882 03f5 15       		.uleb128 0x15
 883 03f6 F4010000 		.4byte	.LASF31
 884 03fa F4010000 		.4byte	.LASF31
 885 03fe 09       		.byte	0x9
 886 03ff 54       		.byte	0x54
 887 0400 15       		.uleb128 0x15
 888 0401 DF020000 		.4byte	.LASF32
 889 0405 DF020000 		.4byte	.LASF32
 890 0409 0A       		.byte	0xa
 891 040a 76       		.byte	0x76
 892 040b 15       		.uleb128 0x15
 893 040c 70020000 		.4byte	.LASF33
 894 0410 70020000 		.4byte	.LASF33
 895 0414 07       		.byte	0x7
ARM GAS  C:\Users\Vanessa Aloia.Vanessa\AppData\Local\Temp\ccR82jD4.s 			page 20


 896 0415 28       		.byte	0x28
 897 0416 15       		.uleb128 0x15
 898 0417 75010000 		.4byte	.LASF34
 899 041b 75010000 		.4byte	.LASF34
 900 041f 07       		.byte	0x7
 901 0420 43       		.byte	0x43
 902 0421 15       		.uleb128 0x15
 903 0422 97010000 		.4byte	.LASF35
 904 0426 97010000 		.4byte	.LASF35
 905 042a 0B       		.byte	0xb
 906 042b 5A       		.byte	0x5a
 907 042c 15       		.uleb128 0x15
 908 042d C2020000 		.4byte	.LASF36
 909 0431 C2020000 		.4byte	.LASF36
 910 0435 0C       		.byte	0xc
 911 0436 18       		.byte	0x18
 912 0437 15       		.uleb128 0x15
 913 0438 4F000000 		.4byte	.LASF37
 914 043c 4F000000 		.4byte	.LASF37
 915 0440 09       		.byte	0x9
 916 0441 8C       		.byte	0x8c
 917 0442 00       		.byte	0
 918              		.section	.debug_abbrev,"",%progbits
 919              	.Ldebug_abbrev0:
 920 0000 01       		.uleb128 0x1
 921 0001 11       		.uleb128 0x11
 922 0002 01       		.byte	0x1
 923 0003 25       		.uleb128 0x25
 924 0004 0E       		.uleb128 0xe
 925 0005 13       		.uleb128 0x13
 926 0006 0B       		.uleb128 0xb
 927 0007 03       		.uleb128 0x3
 928 0008 0E       		.uleb128 0xe
 929 0009 1B       		.uleb128 0x1b
 930 000a 0E       		.uleb128 0xe
 931 000b 55       		.uleb128 0x55
 932 000c 17       		.uleb128 0x17
 933 000d 11       		.uleb128 0x11
 934 000e 01       		.uleb128 0x1
 935 000f 10       		.uleb128 0x10
 936 0010 17       		.uleb128 0x17
 937 0011 00       		.byte	0
 938 0012 00       		.byte	0
 939 0013 02       		.uleb128 0x2
 940 0014 24       		.uleb128 0x24
 941 0015 00       		.byte	0
 942 0016 0B       		.uleb128 0xb
 943 0017 0B       		.uleb128 0xb
 944 0018 3E       		.uleb128 0x3e
 945 0019 0B       		.uleb128 0xb
 946 001a 03       		.uleb128 0x3
 947 001b 0E       		.uleb128 0xe
 948 001c 00       		.byte	0
 949 001d 00       		.byte	0
 950 001e 03       		.uleb128 0x3
 951 001f 16       		.uleb128 0x16
 952 0020 00       		.byte	0
ARM GAS  C:\Users\Vanessa Aloia.Vanessa\AppData\Local\Temp\ccR82jD4.s 			page 21


 953 0021 03       		.uleb128 0x3
 954 0022 0E       		.uleb128 0xe
 955 0023 3A       		.uleb128 0x3a
 956 0024 0B       		.uleb128 0xb
 957 0025 3B       		.uleb128 0x3b
 958 0026 0B       		.uleb128 0xb
 959 0027 49       		.uleb128 0x49
 960 0028 13       		.uleb128 0x13
 961 0029 00       		.byte	0
 962 002a 00       		.byte	0
 963 002b 04       		.uleb128 0x4
 964 002c 24       		.uleb128 0x24
 965 002d 00       		.byte	0
 966 002e 0B       		.uleb128 0xb
 967 002f 0B       		.uleb128 0xb
 968 0030 3E       		.uleb128 0x3e
 969 0031 0B       		.uleb128 0xb
 970 0032 03       		.uleb128 0x3
 971 0033 08       		.uleb128 0x8
 972 0034 00       		.byte	0
 973 0035 00       		.byte	0
 974 0036 05       		.uleb128 0x5
 975 0037 04       		.uleb128 0x4
 976 0038 01       		.byte	0x1
 977 0039 0B       		.uleb128 0xb
 978 003a 0B       		.uleb128 0xb
 979 003b 49       		.uleb128 0x49
 980 003c 13       		.uleb128 0x13
 981 003d 3A       		.uleb128 0x3a
 982 003e 0B       		.uleb128 0xb
 983 003f 3B       		.uleb128 0x3b
 984 0040 0B       		.uleb128 0xb
 985 0041 01       		.uleb128 0x1
 986 0042 13       		.uleb128 0x13
 987 0043 00       		.byte	0
 988 0044 00       		.byte	0
 989 0045 06       		.uleb128 0x6
 990 0046 28       		.uleb128 0x28
 991 0047 00       		.byte	0
 992 0048 03       		.uleb128 0x3
 993 0049 0E       		.uleb128 0xe
 994 004a 1C       		.uleb128 0x1c
 995 004b 0B       		.uleb128 0xb
 996 004c 00       		.byte	0
 997 004d 00       		.byte	0
 998 004e 07       		.uleb128 0x7
 999 004f 35       		.uleb128 0x35
 1000 0050 00       		.byte	0
 1001 0051 49       		.uleb128 0x49
 1002 0052 13       		.uleb128 0x13
 1003 0053 00       		.byte	0
 1004 0054 00       		.byte	0
 1005 0055 08       		.uleb128 0x8
 1006 0056 2E       		.uleb128 0x2e
 1007 0057 01       		.byte	0x1
 1008 0058 3F       		.uleb128 0x3f
 1009 0059 19       		.uleb128 0x19
ARM GAS  C:\Users\Vanessa Aloia.Vanessa\AppData\Local\Temp\ccR82jD4.s 			page 22


 1010 005a 03       		.uleb128 0x3
 1011 005b 0E       		.uleb128 0xe
 1012 005c 3A       		.uleb128 0x3a
 1013 005d 0B       		.uleb128 0xb
 1014 005e 3B       		.uleb128 0x3b
 1015 005f 0B       		.uleb128 0xb
 1016 0060 27       		.uleb128 0x27
 1017 0061 19       		.uleb128 0x19
 1018 0062 49       		.uleb128 0x49
 1019 0063 13       		.uleb128 0x13
 1020 0064 8701     		.uleb128 0x87
 1021 0066 19       		.uleb128 0x19
 1022 0067 11       		.uleb128 0x11
 1023 0068 01       		.uleb128 0x1
 1024 0069 12       		.uleb128 0x12
 1025 006a 06       		.uleb128 0x6
 1026 006b 40       		.uleb128 0x40
 1027 006c 18       		.uleb128 0x18
 1028 006d 9742     		.uleb128 0x2117
 1029 006f 19       		.uleb128 0x19
 1030 0070 01       		.uleb128 0x1
 1031 0071 13       		.uleb128 0x13
 1032 0072 00       		.byte	0
 1033 0073 00       		.byte	0
 1034 0074 09       		.uleb128 0x9
 1035 0075 34       		.uleb128 0x34
 1036 0076 00       		.byte	0
 1037 0077 03       		.uleb128 0x3
 1038 0078 0E       		.uleb128 0xe
 1039 0079 3A       		.uleb128 0x3a
 1040 007a 0B       		.uleb128 0xb
 1041 007b 3B       		.uleb128 0x3b
 1042 007c 0B       		.uleb128 0xb
 1043 007d 49       		.uleb128 0x49
 1044 007e 13       		.uleb128 0x13
 1045 007f 02       		.uleb128 0x2
 1046 0080 18       		.uleb128 0x18
 1047 0081 00       		.byte	0
 1048 0082 00       		.byte	0
 1049 0083 0A       		.uleb128 0xa
 1050 0084 34       		.uleb128 0x34
 1051 0085 00       		.byte	0
 1052 0086 03       		.uleb128 0x3
 1053 0087 0E       		.uleb128 0xe
 1054 0088 3A       		.uleb128 0x3a
 1055 0089 0B       		.uleb128 0xb
 1056 008a 3B       		.uleb128 0x3b
 1057 008b 0B       		.uleb128 0xb
 1058 008c 49       		.uleb128 0x49
 1059 008d 13       		.uleb128 0x13
 1060 008e 02       		.uleb128 0x2
 1061 008f 17       		.uleb128 0x17
 1062 0090 00       		.byte	0
 1063 0091 00       		.byte	0
 1064 0092 0B       		.uleb128 0xb
 1065 0093 0B       		.uleb128 0xb
 1066 0094 01       		.byte	0x1
ARM GAS  C:\Users\Vanessa Aloia.Vanessa\AppData\Local\Temp\ccR82jD4.s 			page 23


 1067 0095 11       		.uleb128 0x11
 1068 0096 01       		.uleb128 0x1
 1069 0097 12       		.uleb128 0x12
 1070 0098 06       		.uleb128 0x6
 1071 0099 01       		.uleb128 0x1
 1072 009a 13       		.uleb128 0x13
 1073 009b 00       		.byte	0
 1074 009c 00       		.byte	0
 1075 009d 0C       		.uleb128 0xc
 1076 009e 34       		.uleb128 0x34
 1077 009f 00       		.byte	0
 1078 00a0 03       		.uleb128 0x3
 1079 00a1 08       		.uleb128 0x8
 1080 00a2 3A       		.uleb128 0x3a
 1081 00a3 0B       		.uleb128 0xb
 1082 00a4 3B       		.uleb128 0x3b
 1083 00a5 0B       		.uleb128 0xb
 1084 00a6 49       		.uleb128 0x49
 1085 00a7 13       		.uleb128 0x13
 1086 00a8 02       		.uleb128 0x2
 1087 00a9 17       		.uleb128 0x17
 1088 00aa 00       		.byte	0
 1089 00ab 00       		.byte	0
 1090 00ac 0D       		.uleb128 0xd
 1091 00ad 898201   		.uleb128 0x4109
 1092 00b0 01       		.byte	0x1
 1093 00b1 11       		.uleb128 0x11
 1094 00b2 01       		.uleb128 0x1
 1095 00b3 31       		.uleb128 0x31
 1096 00b4 13       		.uleb128 0x13
 1097 00b5 01       		.uleb128 0x1
 1098 00b6 13       		.uleb128 0x13
 1099 00b7 00       		.byte	0
 1100 00b8 00       		.byte	0
 1101 00b9 0E       		.uleb128 0xe
 1102 00ba 8A8201   		.uleb128 0x410a
 1103 00bd 00       		.byte	0
 1104 00be 02       		.uleb128 0x2
 1105 00bf 18       		.uleb128 0x18
 1106 00c0 9142     		.uleb128 0x2111
 1107 00c2 18       		.uleb128 0x18
 1108 00c3 00       		.byte	0
 1109 00c4 00       		.byte	0
 1110 00c5 0F       		.uleb128 0xf
 1111 00c6 898201   		.uleb128 0x4109
 1112 00c9 01       		.byte	0x1
 1113 00ca 11       		.uleb128 0x11
 1114 00cb 01       		.uleb128 0x1
 1115 00cc 31       		.uleb128 0x31
 1116 00cd 13       		.uleb128 0x13
 1117 00ce 00       		.byte	0
 1118 00cf 00       		.byte	0
 1119 00d0 10       		.uleb128 0x10
 1120 00d1 898201   		.uleb128 0x4109
 1121 00d4 00       		.byte	0
 1122 00d5 11       		.uleb128 0x11
 1123 00d6 01       		.uleb128 0x1
ARM GAS  C:\Users\Vanessa Aloia.Vanessa\AppData\Local\Temp\ccR82jD4.s 			page 24


 1124 00d7 31       		.uleb128 0x31
 1125 00d8 13       		.uleb128 0x13
 1126 00d9 00       		.byte	0
 1127 00da 00       		.byte	0
 1128 00db 11       		.uleb128 0x11
 1129 00dc 01       		.uleb128 0x1
 1130 00dd 01       		.byte	0x1
 1131 00de 49       		.uleb128 0x49
 1132 00df 13       		.uleb128 0x13
 1133 00e0 01       		.uleb128 0x1
 1134 00e1 13       		.uleb128 0x13
 1135 00e2 00       		.byte	0
 1136 00e3 00       		.byte	0
 1137 00e4 12       		.uleb128 0x12
 1138 00e5 21       		.uleb128 0x21
 1139 00e6 00       		.byte	0
 1140 00e7 49       		.uleb128 0x49
 1141 00e8 13       		.uleb128 0x13
 1142 00e9 2F       		.uleb128 0x2f
 1143 00ea 0B       		.uleb128 0xb
 1144 00eb 00       		.byte	0
 1145 00ec 00       		.byte	0
 1146 00ed 13       		.uleb128 0x13
 1147 00ee 34       		.uleb128 0x34
 1148 00ef 00       		.byte	0
 1149 00f0 03       		.uleb128 0x3
 1150 00f1 0E       		.uleb128 0xe
 1151 00f2 3A       		.uleb128 0x3a
 1152 00f3 0B       		.uleb128 0xb
 1153 00f4 3B       		.uleb128 0x3b
 1154 00f5 05       		.uleb128 0x5
 1155 00f6 49       		.uleb128 0x49
 1156 00f7 13       		.uleb128 0x13
 1157 00f8 3F       		.uleb128 0x3f
 1158 00f9 19       		.uleb128 0x19
 1159 00fa 3C       		.uleb128 0x3c
 1160 00fb 19       		.uleb128 0x19
 1161 00fc 00       		.byte	0
 1162 00fd 00       		.byte	0
 1163 00fe 14       		.uleb128 0x14
 1164 00ff 34       		.uleb128 0x34
 1165 0100 00       		.byte	0
 1166 0101 03       		.uleb128 0x3
 1167 0102 0E       		.uleb128 0xe
 1168 0103 3A       		.uleb128 0x3a
 1169 0104 0B       		.uleb128 0xb
 1170 0105 3B       		.uleb128 0x3b
 1171 0106 0B       		.uleb128 0xb
 1172 0107 49       		.uleb128 0x49
 1173 0108 13       		.uleb128 0x13
 1174 0109 3F       		.uleb128 0x3f
 1175 010a 19       		.uleb128 0x19
 1176 010b 02       		.uleb128 0x2
 1177 010c 18       		.uleb128 0x18
 1178 010d 00       		.byte	0
 1179 010e 00       		.byte	0
 1180 010f 15       		.uleb128 0x15
ARM GAS  C:\Users\Vanessa Aloia.Vanessa\AppData\Local\Temp\ccR82jD4.s 			page 25


 1181 0110 2E       		.uleb128 0x2e
 1182 0111 00       		.byte	0
 1183 0112 3F       		.uleb128 0x3f
 1184 0113 19       		.uleb128 0x19
 1185 0114 3C       		.uleb128 0x3c
 1186 0115 19       		.uleb128 0x19
 1187 0116 6E       		.uleb128 0x6e
 1188 0117 0E       		.uleb128 0xe
 1189 0118 03       		.uleb128 0x3
 1190 0119 0E       		.uleb128 0xe
 1191 011a 3A       		.uleb128 0x3a
 1192 011b 0B       		.uleb128 0xb
 1193 011c 3B       		.uleb128 0x3b
 1194 011d 0B       		.uleb128 0xb
 1195 011e 00       		.byte	0
 1196 011f 00       		.byte	0
 1197 0120 00       		.byte	0
 1198              		.section	.debug_loc,"",%progbits
 1199              	.Ldebug_loc0:
 1200              	.LLST0:
 1201 0000 46000000 		.4byte	.LVL8
 1202 0004 50000000 		.4byte	.LVL10
 1203 0008 0100     		.2byte	0x1
 1204 000a 50       		.byte	0x50
 1205 000b 66000000 		.4byte	.LVL12
 1206 000f 6E000000 		.4byte	.LVL13
 1207 0013 0100     		.2byte	0x1
 1208 0015 50       		.byte	0x50
 1209 0016 8E000000 		.4byte	.LVL16
 1210 001a 98000000 		.4byte	.LVL17
 1211 001e 0100     		.2byte	0x1
 1212 0020 50       		.byte	0x50
 1213 0021 AE000000 		.4byte	.LVL19
 1214 0025 B6000000 		.4byte	.LVL20
 1215 0029 0100     		.2byte	0x1
 1216 002b 50       		.byte	0x50
 1217 002c CC000000 		.4byte	.LVL23
 1218 0030 D6000000 		.4byte	.LVL24
 1219 0034 0100     		.2byte	0x1
 1220 0036 50       		.byte	0x50
 1221 0037 EC000000 		.4byte	.LVL26
 1222 003b F4000000 		.4byte	.LVL27
 1223 003f 0100     		.2byte	0x1
 1224 0041 50       		.byte	0x50
 1225 0042 14010000 		.4byte	.LVL30
 1226 0046 1E010000 		.4byte	.LVL31
 1227 004a 0100     		.2byte	0x1
 1228 004c 50       		.byte	0x50
 1229 004d 34010000 		.4byte	.LVL33
 1230 0051 3C010000 		.4byte	.LVL34
 1231 0055 0100     		.2byte	0x1
 1232 0057 50       		.byte	0x50
 1233 0058 00000000 		.4byte	0
 1234 005c 00000000 		.4byte	0
 1235              	.LLST1:
 1236 0060 1A000000 		.4byte	.LVL2
 1237 0064 1C000000 		.4byte	.LVL3
ARM GAS  C:\Users\Vanessa Aloia.Vanessa\AppData\Local\Temp\ccR82jD4.s 			page 26


 1238 0068 0200     		.2byte	0x2
 1239 006a 30       		.byte	0x30
 1240 006b 9F       		.byte	0x9f
 1241 006c 1C000000 		.4byte	.LVL3
 1242 0070 4C000000 		.4byte	.LVL9
 1243 0074 0100     		.2byte	0x1
 1244 0076 54       		.byte	0x54
 1245 0077 66000000 		.4byte	.LVL12
 1246 007b 78000000 		.4byte	.LVL15
 1247 007f 0100     		.2byte	0x1
 1248 0081 54       		.byte	0x54
 1249 0082 00000000 		.4byte	0
 1250 0086 00000000 		.4byte	0
 1251              		.section	.debug_aranges,"",%progbits
 1252 0000 1C000000 		.4byte	0x1c
 1253 0004 0200     		.2byte	0x2
 1254 0006 00000000 		.4byte	.Ldebug_info0
 1255 000a 04       		.byte	0x4
 1256 000b 00       		.byte	0
 1257 000c 0000     		.2byte	0
 1258 000e 0000     		.2byte	0
 1259 0010 00000000 		.4byte	.LFB64
 1260 0014 A4010000 		.4byte	.LFE64-.LFB64
 1261 0018 00000000 		.4byte	0
 1262 001c 00000000 		.4byte	0
 1263              		.section	.debug_ranges,"",%progbits
 1264              	.Ldebug_ranges0:
 1265 0000 00000000 		.4byte	.LFB64
 1266 0004 A4010000 		.4byte	.LFE64
 1267 0008 00000000 		.4byte	0
 1268 000c 00000000 		.4byte	0
 1269              		.section	.debug_line,"",%progbits
 1270              	.Ldebug_line0:
 1271 0000 76020000 		.section	.debug_str,"MS",%progbits,1
 1271      02002502 
 1271      00000201 
 1271      FB0E0D00 
 1271      01010101 
 1272              	.LASF21:
 1273 0000 6D657373 		.ascii	"message\000"
 1273      61676500 
 1274              	.LASF25:
 1275 0008 6E65775F 		.ascii	"new_data\000"
 1275      64617461 
 1275      00
 1276              	.LASF4:
 1277 0011 5F5F7569 		.ascii	"__uint8_t\000"
 1277      6E74385F 
 1277      7400
 1278              	.LASF27:
 1279 001b 4932435F 		.ascii	"I2C_Peripheral_IsDeviceConnected\000"
 1279      50657269 
 1279      70686572 
 1279      616C5F49 
 1279      73446576 
 1280              	.LASF5:
 1281 003c 5F5F696E 		.ascii	"__int32_t\000"
ARM GAS  C:\Users\Vanessa Aloia.Vanessa\AppData\Local\Temp\ccR82jD4.s 			page 27


 1281      7433325F 
 1281      7400
 1282              	.LASF6:
 1283 0046 6C6F6E67 		.ascii	"long int\000"
 1283      20696E74 
 1283      00
 1284              	.LASF37:
 1285 004f 55415254 		.ascii	"UART_Debug_PutArray\000"
 1285      5F446562 
 1285      75675F50 
 1285      75744172 
 1285      72617900 
 1286              	.LASF18:
 1287 0063 4572726F 		.ascii	"ErrorCode\000"
 1287      72436F64 
 1287      6500
 1288              	.LASF22:
 1289 006d 6374726C 		.ascii	"ctrl_reg\000"
 1289      5F726567 
 1289      00
 1290              	.LASF13:
 1291 0076 666C6F61 		.ascii	"float\000"
 1291      7400
 1292              	.LASF1:
 1293 007c 756E7369 		.ascii	"unsigned char\000"
 1293      676E6564 
 1293      20636861 
 1293      7200
 1294              	.LASF38:
 1295 008a 474E5520 		.ascii	"GNU C11 5.4.1 20160609 (release) [ARM/embedded-5-br"
 1295      43313120 
 1295      352E342E 
 1295      31203230 
 1295      31363036 
 1296 00bd 616E6368 		.ascii	"anch revision 237715] -mcpu=cortex-m3 -mthumb -g -O"
 1296      20726576 
 1296      6973696F 
 1296      6E203233 
 1296      37373135 
 1297 00f0 67202D66 		.ascii	"g -ffunction-sections -ffat-lto-objects\000"
 1297      66756E63 
 1297      74696F6E 
 1297      2D736563 
 1297      74696F6E 
 1298              	.LASF7:
 1299 0118 6C6F6E67 		.ascii	"long unsigned int\000"
 1299      20756E73 
 1299      69676E65 
 1299      6420696E 
 1299      7400
 1300              	.LASF3:
 1301 012a 73686F72 		.ascii	"short unsigned int\000"
 1301      7420756E 
 1301      7369676E 
 1301      65642069 
 1301      6E7400
 1302              	.LASF26:
ARM GAS  C:\Users\Vanessa Aloia.Vanessa\AppData\Local\Temp\ccR82jD4.s 			page 28


 1303 013d 7061636B 		.ascii	"packet_to_send\000"
 1303      65745F74 
 1303      6F5F7365 
 1303      6E6400
 1304              	.LASF24:
 1305 014c 49544D5F 		.ascii	"ITM_RxBuffer\000"
 1305      52784275 
 1305      66666572 
 1305      00
 1306              	.LASF14:
 1307 0159 646F7562 		.ascii	"double\000"
 1307      6C6500
 1308              	.LASF29:
 1309 0160 55415254 		.ascii	"UART_Debug_PutString\000"
 1309      5F446562 
 1309      75675F50 
 1309      75745374 
 1309      72696E67 
 1310              	.LASF34:
 1311 0175 4932435F 		.ascii	"I2C_Peripheral_WriteRegister\000"
 1311      50657269 
 1311      70686572 
 1311      616C5F57 
 1311      72697465 
 1312              	.LASF41:
 1313 0192 6D61696E 		.ascii	"main\000"
 1313      00
 1314              	.LASF35:
 1315 0197 54696D65 		.ascii	"Timer_Start\000"
 1315      725F5374 
 1315      61727400 
 1316              	.LASF10:
 1317 01a3 756E7369 		.ascii	"unsigned int\000"
 1317      676E6564 
 1317      20696E74 
 1317      00
 1318              	.LASF9:
 1319 01b0 6C6F6E67 		.ascii	"long long unsigned int\000"
 1319      206C6F6E 
 1319      6720756E 
 1319      7369676E 
 1319      65642069 
 1320              	.LASF11:
 1321 01c7 75696E74 		.ascii	"uint8_t\000"
 1321      385F7400 
 1322              	.LASF12:
 1323 01cf 696E7433 		.ascii	"int32_t\000"
 1323      325F7400 
 1324              	.LASF20:
 1325 01d7 73697A65 		.ascii	"sizetype\000"
 1325      74797065 
 1325      00
 1326              	.LASF23:
 1327 01e0 6572726F 		.ascii	"error\000"
 1327      7200
 1328              	.LASF8:
 1329 01e6 6C6F6E67 		.ascii	"long long int\000"
ARM GAS  C:\Users\Vanessa Aloia.Vanessa\AppData\Local\Temp\ccR82jD4.s 			page 29


 1329      206C6F6E 
 1329      6720696E 
 1329      7400
 1330              	.LASF31:
 1331 01f4 55415254 		.ascii	"UART_Debug_Start\000"
 1331      5F446562 
 1331      75675F53 
 1331      74617274 
 1331      00
 1332              	.LASF39:
 1333 0205 6D61696E 		.ascii	"main.c\000"
 1333      2E6300
 1334              	.LASF40:
 1335 020c 433A5C55 		.ascii	"C:\\Users\\Vanessa Aloia.Vanessa\\Desktop\\AY1920_I"
 1335      73657273 
 1335      5C56616E 
 1335      65737361 
 1335      20416C6F 
 1336 023b 495F4857 		.ascii	"I_HW_05_ALOIA_VANESSA\\AY1920_II_HW_05_PROJ_2.3.cyd"
 1336      5F30355F 
 1336      414C4F49 
 1336      415F5641 
 1336      4E455353 
 1337 026d 736E00   		.ascii	"sn\000"
 1338              	.LASF33:
 1339 0270 4932435F 		.ascii	"I2C_Peripheral_ReadRegister\000"
 1339      50657269 
 1339      70686572 
 1339      616C5F52 
 1339      65616452 
 1340              	.LASF2:
 1341 028c 73686F72 		.ascii	"short int\000"
 1341      7420696E 
 1341      7400
 1342              	.LASF16:
 1343 0296 4E4F5F45 		.ascii	"NO_ERROR\000"
 1343      52524F52 
 1343      00
 1344              	.LASF17:
 1345 029f 4552524F 		.ascii	"ERROR\000"
 1345      5200
 1346              	.LASF15:
 1347 02a5 63686172 		.ascii	"char\000"
 1347      00
 1348              	.LASF19:
 1349 02aa 6C6F6E67 		.ascii	"long double\000"
 1349      20646F75 
 1349      626C6500 
 1350              	.LASF0:
 1351 02b6 7369676E 		.ascii	"signed char\000"
 1351      65642063 
 1351      68617200 
 1352              	.LASF36:
 1353 02c2 4953525F 		.ascii	"ISR_ReadData_StartEx\000"
 1353      52656164 
 1353      44617461 
 1353      5F537461 
ARM GAS  C:\Users\Vanessa Aloia.Vanessa\AppData\Local\Temp\ccR82jD4.s 			page 30


 1353      72744578 
 1354              	.LASF28:
 1355 02d7 73707269 		.ascii	"sprintf\000"
 1355      6E746600 
 1356              	.LASF32:
 1357 02df 43794465 		.ascii	"CyDelay\000"
 1357      6C617900 
 1358              	.LASF30:
 1359 02e7 4932435F 		.ascii	"I2C_Peripheral_Start\000"
 1359      50657269 
 1359      70686572 
 1359      616C5F53 
 1359      74617274 
 1360              		.ident	"GCC: (GNU Tools for ARM Embedded Processors) 5.4.1 20160609 (release) [ARM/embedded-5-bran
